{"/Users/raoc/Documents/GitHub/Eventraise/app/analytics-provider.tsx": {"path":"/Users/raoc/Documents/GitHub/Eventraise/app/analytics-provider.tsx","statementMap":{"0":{"start":{"line":7,"column":16},"end":{"line":7,"column":34}},"1":{"start":{"line":3,"column":26},"end":{"line":3,"column":null}},"2":{"start":{"line":4,"column":28},"end":{"line":4,"column":null}},"3":{"start":{"line":5,"column":45},"end":{"line":5,"column":null}},"4":{"start":{"line":8,"column":19},"end":{"line":8,"column":null}},"5":{"start":{"line":10,"column":2},"end":{"line":13,"column":null}},"6":{"start":{"line":12,"column":4},"end":{"line":12,"column":null}},"7":{"start":{"line":15,"column":2},"end":{"line":20,"column":null}},"8":{"start":{"line":17,"column":4},"end":{"line":19,"column":null}},"9":{"start":{"line":18,"column":6},"end":{"line":18,"column":null}}},"fnMap":{"0":{"name":"AnalyticsProvider","decl":{"start":{"line":7,"column":16},"end":{"line":7,"column":34}},"loc":{"start":{"line":7,"column":77},"end":{"line":23,"column":null}}},"1":{"name":"(anonymous_2)","decl":{"start":{"line":10,"column":12},"end":{"line":10,"column":null}},"loc":{"start":{"line":10,"column":12},"end":{"line":13,"column":5}}},"2":{"name":"(anonymous_3)","decl":{"start":{"line":15,"column":12},"end":{"line":15,"column":null}},"loc":{"start":{"line":15,"column":12},"end":{"line":20,"column":5}}}},"branchMap":{"0":{"loc":{"start":{"line":17,"column":4},"end":{"line":19,"column":null}},"type":"if","locations":[{"start":{"line":17,"column":4},"end":{"line":19,"column":null}},{"start":{},"end":{}}]}},"s":{"0":0,"1":0,"2":0,"3":0,"4":0,"5":0,"6":0,"7":0,"8":0,"9":0},"f":{"0":0,"1":0,"2":0},"b":{"0":[0,0]}}
,"/Users/raoc/Documents/GitHub/Eventraise/app/global-error.tsx": {"path":"/Users/raoc/Documents/GitHub/Eventraise/app/global-error.tsx","statementMap":{"0":{"start":{"line":6,"column":24},"end":{"line":6,"column":36}},"1":{"start":{"line":3,"column":24},"end":{"line":3,"column":null}},"2":{"start":{"line":4,"column":26},"end":{"line":4,"column":null}},"3":{"start":{"line":13,"column":2},"end":{"line":15,"column":null}},"4":{"start":{"line":14,"column":4},"end":{"line":14,"column":null}}},"fnMap":{"0":{"name":"GlobalError","decl":{"start":{"line":6,"column":24},"end":{"line":6,"column":36}},"loc":{"start":{"line":12,"column":1},"end":{"line":41,"column":null}}},"1":{"name":"(anonymous_5)","decl":{"start":{"line":13,"column":12},"end":{"line":13,"column":null}},"loc":{"start":{"line":13,"column":12},"end":{"line":15,"column":5}}}},"branchMap":{},"s":{"0":0,"1":0,"2":0,"3":0,"4":0},"f":{"0":0,"1":0},"b":{}}
,"/Users/raoc/Documents/GitHub/Eventraise/app/layout.tsx": {"path":"/Users/raoc/Documents/GitHub/Eventraise/app/layout.tsx","statementMap":{"0":{"start":{"line":14,"column":24},"end":{"line":14,"column":35}},"1":{"start":{"line":9,"column":13},"end":{"line":9,"column":34}},"2":{"start":{"line":2,"column":22},"end":{"line":2,"column":null}},"3":{"start":{"line":3,"column":7},"end":{"line":3,"column":null}},"4":{"start":{"line":4,"column":26},"end":{"line":4,"column":null}},"5":{"start":{"line":5,"column":34},"end":{"line":5,"column":null}},"6":{"start":{"line":7,"column":14},"end":{"line":7,"column":null}},"7":{"start":{"line":9,"column":34},"end":{"line":12,"column":null}}},"fnMap":{"0":{"name":"RootLayout","decl":{"start":{"line":14,"column":24},"end":{"line":14,"column":35}},"loc":{"start":{"line":18,"column":1},"end":{"line":30,"column":null}}}},"branchMap":{},"s":{"0":0,"1":0,"2":0,"3":0,"4":0,"5":0,"6":0,"7":0},"f":{"0":0},"b":{}}
,"/Users/raoc/Documents/GitHub/Eventraise/app/page.tsx": {"path":"/Users/raoc/Documents/GitHub/Eventraise/app/page.tsx","statementMap":{"0":{"start":{"line":24,"column":24},"end":{"line":24,"column":null}},"1":{"start":{"line":1,"column":18},"end":{"line":1,"column":null}},"2":{"start":{"line":2,"column":17},"end":{"line":2,"column":null}},"3":{"start":{"line":3,"column":23},"end":{"line":3,"column":null}},"4":{"start":{"line":4,"column":74},"end":{"line":4,"column":null}},"5":{"start":{"line":22,"column":7},"end":{"line":22,"column":null}}},"fnMap":{"0":{"name":"HomePage","decl":{"start":{"line":24,"column":24},"end":{"line":24,"column":null}},"loc":{"start":{"line":24,"column":24},"end":{"line":387,"column":null}}}},"branchMap":{},"s":{"0":0,"1":0,"2":0,"3":0,"4":0,"5":0},"f":{"0":0},"b":{}}
,"/Users/raoc/Documents/GitHub/Eventraise/app/providers.tsx": {"path":"/Users/raoc/Documents/GitHub/Eventraise/app/providers.tsx","statementMap":{"0":{"start":{"line":28,"column":16},"end":{"line":28,"column":26}},"1":{"start":{"line":20,"column":13},"end":{"line":20,"column":23}},"2":{"start":{"line":3,"column":63},"end":{"line":3,"column":null}},"3":{"start":{"line":4,"column":29},"end":{"line":4,"column":null}},"4":{"start":{"line":6,"column":24},"end":{"line":6,"column":null}},"5":{"start":{"line":14,"column":20},"end":{"line":18,"column":null}},"6":{"start":{"line":20,"column":23},"end":{"line":26,"column":null}},"7":{"start":{"line":21,"column":18},"end":{"line":21,"column":null}},"8":{"start":{"line":22,"column":2},"end":{"line":24,"column":null}},"9":{"start":{"line":23,"column":4},"end":{"line":23,"column":null}},"10":{"start":{"line":25,"column":2},"end":{"line":25,"column":null}},"11":{"start":{"line":29,"column":26},"end":{"line":29,"column":null}},"12":{"start":{"line":30,"column":32},"end":{"line":30,"column":null}},"13":{"start":{"line":31,"column":34},"end":{"line":31,"column":null}},"14":{"start":{"line":33,"column":2},"end":{"line":53,"column":null}},"15":{"start":{"line":35,"column":4},"end":{"line":52,"column":null}},"16":{"start":{"line":36,"column":6},"end":{"line":51,"column":null}},"17":{"start":{"line":37,"column":28},"end":{"line":37,"column":64}},"18":{"start":{"line":38,"column":32},"end":{"line":38,"column":73}},"19":{"start":{"line":40,"column":8},"end":{"line":44,"column":null}},"20":{"start":{"line":41,"column":10},"end":{"line":41,"column":null}},"21":{"start":{"line":42,"column":10},"end":{"line":42,"column":null}},"22":{"start":{"line":43,"column":10},"end":{"line":43,"column":null}},"23":{"start":{"line":46,"column":23},"end":{"line":46,"column":null}},"24":{"start":{"line":47,"column":8},"end":{"line":47,"column":null}},"25":{"start":{"line":49,"column":8},"end":{"line":49,"column":null}},"26":{"start":{"line":50,"column":8},"end":{"line":50,"column":null}},"27":{"start":{"line":55,"column":2},"end":{"line":79,"column":null}},"28":{"start":{"line":56,"column":4},"end":{"line":56,"column":null}},"29":{"start":{"line":56,"column":19},"end":{"line":56,"column":null}},"30":{"start":{"line":58,"column":20},"end":{"line":67,"column":null}},"31":{"start":{"line":59,"column":6},"end":{"line":66,"column":null}},"32":{"start":{"line":60,"column":35},"end":{"line":60,"column":null}},"33":{"start":{"line":61,"column":8},"end":{"line":61,"column":null}},"34":{"start":{"line":62,"column":8},"end":{"line":62,"column":null}},"35":{"start":{"line":64,"column":8},"end":{"line":64,"column":null}},"36":{"start":{"line":65,"column":8},"end":{"line":65,"column":null}},"37":{"start":{"line":69,"column":4},"end":{"line":69,"column":null}},"38":{"start":{"line":71,"column":39},"end":{"line":75,"column":null}},"39":{"start":{"line":73,"column":8},"end":{"line":73,"column":null}},"40":{"start":{"line":74,"column":8},"end":{"line":74,"column":null}},"41":{"start":{"line":78,"column":4},"end":{"line":78,"column":null}},"42":{"start":{"line":78,"column":17},"end":{"line":78,"column":null}},"43":{"start":{"line":81,"column":18},"end":{"line":85,"column":null}},"44":{"start":{"line":82,"column":4},"end":{"line":84,"column":null}},"45":{"start":{"line":83,"column":6},"end":{"line":83,"column":null}}},"fnMap":{"0":{"name":"(anonymous_3)","decl":{"start":{"line":17,"column":11},"end":{"line":17,"column":24}},"loc":{"start":{"line":17,"column":11},"end":{"line":17,"column":null}}},"1":{"name":"(anonymous_4)","decl":{"start":{"line":20,"column":23},"end":{"line":20,"column":null}},"loc":{"start":{"line":20,"column":23},"end":{"line":26,"column":null}}},"2":{"name":"Providers","decl":{"start":{"line":28,"column":16},"end":{"line":28,"column":26}},"loc":{"start":{"line":28,"column":69},"end":{"line":93,"column":null}}},"3":{"name":"(anonymous_6)","decl":{"start":{"line":33,"column":12},"end":{"line":33,"column":null}},"loc":{"start":{"line":33,"column":12},"end":{"line":53,"column":5}}},"4":{"name":"(anonymous_7)","decl":{"start":{"line":55,"column":12},"end":{"line":55,"column":null}},"loc":{"start":{"line":55,"column":12},"end":{"line":79,"column":5}}},"5":{"name":"(anonymous_8)","decl":{"start":{"line":58,"column":20},"end":{"line":58,"column":null}},"loc":{"start":{"line":58,"column":20},"end":{"line":67,"column":null}}},"6":{"name":"(anonymous_9)","decl":{"start":{"line":72,"column":6},"end":{"line":72,"column":13}},"loc":{"start":{"line":72,"column":25},"end":{"line":75,"column":null}}},"7":{"name":"(anonymous_10)","decl":{"start":{"line":78,"column":11},"end":{"line":78,"column":17}},"loc":{"start":{"line":78,"column":17},"end":{"line":78,"column":null}}},"8":{"name":"(anonymous_11)","decl":{"start":{"line":81,"column":18},"end":{"line":81,"column":null}},"loc":{"start":{"line":81,"column":18},"end":{"line":85,"column":null}}}},"branchMap":{"0":{"loc":{"start":{"line":22,"column":2},"end":{"line":24,"column":null}},"type":"if","locations":[{"start":{"line":22,"column":2},"end":{"line":24,"column":null}},{"start":{},"end":{}}]},"1":{"loc":{"start":{"line":35,"column":4},"end":{"line":52,"column":null}},"type":"if","locations":[{"start":{"line":35,"column":4},"end":{"line":52,"column":null}},{"start":{},"end":{}}]},"2":{"loc":{"start":{"line":40,"column":8},"end":{"line":44,"column":null}},"type":"if","locations":[{"start":{"line":40,"column":8},"end":{"line":44,"column":null}},{"start":{},"end":{}}]},"3":{"loc":{"start":{"line":40,"column":12},"end":{"line":40,"column":46}},"type":"binary-expr","locations":[{"start":{"line":40,"column":12},"end":{"line":40,"column":28}},{"start":{"line":40,"column":28},"end":{"line":40,"column":46}}]},"4":{"loc":{"start":{"line":56,"column":4},"end":{"line":56,"column":null}},"type":"if","locations":[{"start":{"line":56,"column":4},"end":{"line":56,"column":null}},{"start":{},"end":{}}]},"5":{"loc":{"start":{"line":73,"column":16},"end":{"line":73,"column":null}},"type":"binary-expr","locations":[{"start":{"line":73,"column":16},"end":{"line":73,"column":33}},{"start":{"line":73,"column":33},"end":{"line":73,"column":null}}]},"6":{"loc":{"start":{"line":82,"column":4},"end":{"line":84,"column":null}},"type":"if","locations":[{"start":{"line":82,"column":4},"end":{"line":84,"column":null}},{"start":{},"end":{}}]}},"s":{"0":0,"1":0,"2":0,"3":0,"4":0,"5":0,"6":0,"7":0,"8":0,"9":0,"10":0,"11":0,"12":0,"13":0,"14":0,"15":0,"16":0,"17":0,"18":0,"19":0,"20":0,"21":0,"22":0,"23":0,"24":0,"25":0,"26":0,"27":0,"28":0,"29":0,"30":0,"31":0,"32":0,"33":0,"34":0,"35":0,"36":0,"37":0,"38":0,"39":0,"40":0,"41":0,"42":0,"43":0,"44":0,"45":0},"f":{"0":0,"1":0,"2":0,"3":0,"4":0,"5":0,"6":0,"7":0,"8":0},"b":{"0":[0,0],"1":[0,0],"2":[0,0],"3":[0,0],"4":[0,0],"5":[0,0],"6":[0,0]}}
,"/Users/raoc/Documents/GitHub/Eventraise/app/admin/reports/page.tsx": {"path":"/Users/raoc/Documents/GitHub/Eventraise/app/admin/reports/page.tsx","statementMap":{"0":{"start":{"line":6,"column":24},"end":{"line":6,"column":null}},"1":{"start":{"line":3,"column":27},"end":{"line":3,"column":null}},"2":{"start":{"line":4,"column":74},"end":{"line":4,"column":null}}},"fnMap":{"0":{"name":"ReportsPage","decl":{"start":{"line":6,"column":24},"end":{"line":6,"column":null}},"loc":{"start":{"line":6,"column":24},"end":{"line":32,"column":null}}}},"branchMap":{},"s":{"0":0,"1":0,"2":0},"f":{"0":0},"b":{}}
,"/Users/raoc/Documents/GitHub/Eventraise/app/api/admin/reports/route.ts": {"path":"/Users/raoc/Documents/GitHub/Eventraise/app/api/admin/reports/route.ts","statementMap":{"0":{"start":{"line":5,"column":22},"end":{"line":5,"column":27}},"1":{"start":{"line":1,"column":42},"end":{"line":1,"column":null}},"2":{"start":{"line":2,"column":25},"end":{"line":2,"column":null}},"3":{"start":{"line":3,"column":34},"end":{"line":3,"column":null}},"4":{"start":{"line":6,"column":2},"end":{"line":39,"column":null}},"5":{"start":{"line":7,"column":46},"end":{"line":7,"column":null}},"6":{"start":{"line":9,"column":4},"end":{"line":14,"column":null}},"7":{"start":{"line":10,"column":6},"end":{"line":12,"column":null}},"8":{"start":{"line":17,"column":26},"end":{"line":17,"column":null}},"9":{"start":{"line":20,"column":4},"end":{"line":24,"column":null}},"10":{"start":{"line":26,"column":4},"end":{"line":30,"column":null}},"11":{"start":{"line":33,"column":4},"end":{"line":33,"column":null}},"12":{"start":{"line":35,"column":4},"end":{"line":37,"column":null}},"13":{"start":{"line":43,"column":2},"end":{"line":45,"column":null}},"14":{"start":{"line":44,"column":4},"end":{"line":44,"column":null}},"15":{"start":{"line":47,"column":54},"end":{"line":47,"column":null}},"16":{"start":{"line":50,"column":19},"end":{"line":50,"column":null}},"17":{"start":{"line":51,"column":2},"end":{"line":53,"column":null}},"18":{"start":{"line":52,"column":4},"end":{"line":52,"column":null}},"19":{"start":{"line":54,"column":2},"end":{"line":56,"column":null}},"20":{"start":{"line":55,"column":4},"end":{"line":55,"column":null}},"21":{"start":{"line":59,"column":23},"end":{"line":61,"column":null}},"22":{"start":{"line":63,"column":2},"end":{"line":68,"column":null}},"23":{"start":{"line":64,"column":4},"end":{"line":64,"column":null}},"24":{"start":{"line":65,"column":4},"end":{"line":67,"column":null}},"25":{"start":{"line":66,"column":6},"end":{"line":66,"column":null}},"26":{"start":{"line":70,"column":53},"end":{"line":70,"column":null}},"27":{"start":{"line":72,"column":2},"end":{"line":74,"column":null}},"28":{"start":{"line":73,"column":4},"end":{"line":73,"column":null}},"29":{"start":{"line":77,"column":27},"end":{"line":79,"column":null}},"30":{"start":{"line":81,"column":2},"end":{"line":86,"column":null}},"31":{"start":{"line":82,"column":4},"end":{"line":82,"column":null}},"32":{"start":{"line":83,"column":4},"end":{"line":85,"column":null}},"33":{"start":{"line":84,"column":6},"end":{"line":84,"column":null}},"34":{"start":{"line":88,"column":2},"end":{"line":90,"column":null}},"35":{"start":{"line":89,"column":4},"end":{"line":89,"column":null}},"36":{"start":{"line":92,"column":61},"end":{"line":92,"column":null}},"37":{"start":{"line":94,"column":2},"end":{"line":96,"column":null}},"38":{"start":{"line":95,"column":4},"end":{"line":95,"column":null}},"39":{"start":{"line":99,"column":24},"end":{"line":101,"column":null}},"40":{"start":{"line":103,"column":2},"end":{"line":108,"column":null}},"41":{"start":{"line":104,"column":4},"end":{"line":104,"column":null}},"42":{"start":{"line":105,"column":4},"end":{"line":107,"column":null}},"43":{"start":{"line":106,"column":6},"end":{"line":106,"column":null}},"44":{"start":{"line":110,"column":2},"end":{"line":112,"column":null}},"45":{"start":{"line":111,"column":4},"end":{"line":111,"column":null}},"46":{"start":{"line":114,"column":55},"end":{"line":114,"column":null}},"47":{"start":{"line":116,"column":2},"end":{"line":118,"column":null}},"48":{"start":{"line":117,"column":4},"end":{"line":117,"column":null}},"49":{"start":{"line":121,"column":25},"end":{"line":121,"column":null}},"50":{"start":{"line":122,"column":30},"end":{"line":122,"column":null}},"51":{"start":{"line":122,"column":67},"end":{"line":122,"column":88}},"52":{"start":{"line":123,"column":26},"end":{"line":123,"column":null}},"53":{"start":{"line":125,"column":29},"end":{"line":125,"column":null}},"54":{"start":{"line":126,"column":34},"end":{"line":126,"column":null}},"55":{"start":{"line":126,"column":70},"end":{"line":126,"column":92}},"56":{"start":{"line":127,"column":30},"end":{"line":127,"column":null}},"57":{"start":{"line":129,"column":26},"end":{"line":129,"column":null}},"58":{"start":{"line":130,"column":30},"end":{"line":130,"column":null}},"59":{"start":{"line":130,"column":54},"end":{"line":130,"column":80}},"60":{"start":{"line":133,"column":22},"end":{"line":133,"column":null}},"61":{"start":{"line":136,"column":27},"end":{"line":136,"column":null}},"62":{"start":{"line":138,"column":2},"end":{"line":153,"column":null}},"63":{"start":{"line":158,"column":2},"end":{"line":158,"column":null}},"64":{"start":{"line":158,"column":17},"end":{"line":158,"column":null}},"65":{"start":{"line":160,"column":14},"end":{"line":171,"column":null}},"66":{"start":{"line":173,"column":2},"end":{"line":175,"column":null}},"67":{"start":{"line":174,"column":4},"end":{"line":174,"column":null}},"68":{"start":{"line":177,"column":27},"end":{"line":177,"column":null}},"69":{"start":{"line":179,"column":2},"end":{"line":191,"column":null}},"70":{"start":{"line":179,"column":31},"end":{"line":191,"column":9}},"71":{"start":{"line":195,"column":104},"end":{"line":195,"column":null}},"72":{"start":{"line":198,"column":2},"end":{"line":205,"column":null}},"73":{"start":{"line":199,"column":18},"end":{"line":199,"column":78}},"74":{"start":{"line":200,"column":4},"end":{"line":202,"column":null}},"75":{"start":{"line":201,"column":6},"end":{"line":201,"column":null}},"76":{"start":{"line":203,"column":4},"end":{"line":203,"column":null}},"77":{"start":{"line":204,"column":4},"end":{"line":204,"column":null}},"78":{"start":{"line":208,"column":2},"end":{"line":215,"column":null}},"79":{"start":{"line":209,"column":18},"end":{"line":209,"column":89}},"80":{"start":{"line":210,"column":4},"end":{"line":212,"column":null}},"81":{"start":{"line":211,"column":6},"end":{"line":211,"column":null}},"82":{"start":{"line":213,"column":4},"end":{"line":213,"column":null}},"83":{"start":{"line":214,"column":4},"end":{"line":214,"column":null}},"84":{"start":{"line":217,"column":2},"end":{"line":222,"column":null}},"85":{"start":{"line":218,"column":29},"end":{"line":221,"column":null}},"86":{"start":{"line":222,"column":20},"end":{"line":222,"column":null}}},"fnMap":{"0":{"name":"POST","decl":{"start":{"line":5,"column":22},"end":{"line":5,"column":27}},"loc":{"start":{"line":5,"column":47},"end":{"line":40,"column":null}}},"1":{"name":"generateAnalyticsData","decl":{"start":{"line":42,"column":15},"end":{"line":42,"column":37}},"loc":{"start":{"line":42,"column":54},"end":{"line":154,"column":null}}},"2":{"name":"(anonymous_3)","decl":{"start":{"line":122,"column":48},"end":{"line":122,"column":49}},"loc":{"start":{"line":122,"column":67},"end":{"line":122,"column":88}}},"3":{"name":"(anonymous_4)","decl":{"start":{"line":126,"column":56},"end":{"line":126,"column":57}},"loc":{"start":{"line":126,"column":70},"end":{"line":126,"column":92}}},"4":{"name":"(anonymous_5)","decl":{"start":{"line":130,"column":49},"end":{"line":130,"column":54}},"loc":{"start":{"line":130,"column":54},"end":{"line":130,"column":80}}},"5":{"name":"getEventPerformance","decl":{"start":{"line":157,"column":15},"end":{"line":157,"column":35}},"loc":{"start":{"line":157,"column":51},"end":{"line":192,"column":null}}},"6":{"name":"(anonymous_7)","decl":{"start":{"line":179,"column":21},"end":{"line":179,"column":31}},"loc":{"start":{"line":179,"column":31},"end":{"line":191,"column":9}}},"7":{"name":"getMonthlyBreakdown","decl":{"start":{"line":194,"column":9},"end":{"line":194,"column":29}},"loc":{"start":{"line":194,"column":67},"end":{"line":223,"column":null}}},"8":{"name":"(anonymous_9)","decl":{"start":{"line":198,"column":20},"end":{"line":198,"column":null}},"loc":{"start":{"line":198,"column":20},"end":{"line":205,"column":null}}},"9":{"name":"(anonymous_10)","decl":{"start":{"line":208,"column":24},"end":{"line":208,"column":null}},"loc":{"start":{"line":208,"column":24},"end":{"line":215,"column":null}}},"10":{"name":"(anonymous_11)","decl":{"start":{"line":218,"column":9},"end":{"line":218,"column":10}},"loc":{"start":{"line":218,"column":29},"end":{"line":221,"column":null}}},"11":{"name":"(anonymous_12)","decl":{"start":{"line":222,"column":10},"end":{"line":222,"column":11}},"loc":{"start":{"line":222,"column":20},"end":{"line":222,"column":null}}}},"branchMap":{"0":{"loc":{"start":{"line":9,"column":4},"end":{"line":14,"column":null}},"type":"if","locations":[{"start":{"line":9,"column":4},"end":{"line":14,"column":null}},{"start":{},"end":{}}]},"1":{"loc":{"start":{"line":42,"column":37},"end":{"line":42,"column":54}},"type":"default-arg","locations":[{"start":{"line":42,"column":52},"end":{"line":42,"column":54}}]},"2":{"loc":{"start":{"line":43,"column":2},"end":{"line":45,"column":null}},"type":"if","locations":[{"start":{"line":43,"column":2},"end":{"line":45,"column":null}},{"start":{},"end":{}}]},"3":{"loc":{"start":{"line":51,"column":2},"end":{"line":53,"column":null}},"type":"if","locations":[{"start":{"line":51,"column":2},"end":{"line":53,"column":null}},{"start":{},"end":{}}]},"4":{"loc":{"start":{"line":54,"column":2},"end":{"line":56,"column":null}},"type":"if","locations":[{"start":{"line":54,"column":2},"end":{"line":56,"column":null}},{"start":{},"end":{}}]},"5":{"loc":{"start":{"line":63,"column":2},"end":{"line":68,"column":null}},"type":"if","locations":[{"start":{"line":63,"column":2},"end":{"line":68,"column":null}},{"start":{},"end":{}}]},"6":{"loc":{"start":{"line":64,"column":64},"end":{"line":64,"column":null}},"type":"binary-expr","locations":[{"start":{"line":64,"column":64},"end":{"line":64,"column":77}},{"start":{"line":64,"column":77},"end":{"line":64,"column":null}}]},"7":{"loc":{"start":{"line":65,"column":4},"end":{"line":67,"column":null}},"type":"if","locations":[{"start":{"line":65,"column":4},"end":{"line":67,"column":null}},{"start":{},"end":{}}]},"8":{"loc":{"start":{"line":72,"column":2},"end":{"line":74,"column":null}},"type":"if","locations":[{"start":{"line":72,"column":2},"end":{"line":74,"column":null}},{"start":{},"end":{}}]},"9":{"loc":{"start":{"line":81,"column":2},"end":{"line":86,"column":null}},"type":"if","locations":[{"start":{"line":81,"column":2},"end":{"line":86,"column":null}},{"start":{},"end":{}}]},"10":{"loc":{"start":{"line":82,"column":79},"end":{"line":82,"column":null}},"type":"binary-expr","locations":[{"start":{"line":82,"column":79},"end":{"line":82,"column":92}},{"start":{"line":82,"column":92},"end":{"line":82,"column":null}}]},"11":{"loc":{"start":{"line":83,"column":4},"end":{"line":85,"column":null}},"type":"if","locations":[{"start":{"line":83,"column":4},"end":{"line":85,"column":null}},{"start":{},"end":{}}]},"12":{"loc":{"start":{"line":88,"column":2},"end":{"line":90,"column":null}},"type":"if","locations":[{"start":{"line":88,"column":2},"end":{"line":90,"column":null}},{"start":{},"end":{}}]},"13":{"loc":{"start":{"line":94,"column":2},"end":{"line":96,"column":null}},"type":"if","locations":[{"start":{"line":94,"column":2},"end":{"line":96,"column":null}},{"start":{},"end":{}}]},"14":{"loc":{"start":{"line":103,"column":2},"end":{"line":108,"column":null}},"type":"if","locations":[{"start":{"line":103,"column":2},"end":{"line":108,"column":null}},{"start":{},"end":{}}]},"15":{"loc":{"start":{"line":104,"column":68},"end":{"line":104,"column":null}},"type":"binary-expr","locations":[{"start":{"line":104,"column":68},"end":{"line":104,"column":81}},{"start":{"line":104,"column":81},"end":{"line":104,"column":null}}]},"16":{"loc":{"start":{"line":105,"column":4},"end":{"line":107,"column":null}},"type":"if","locations":[{"start":{"line":105,"column":4},"end":{"line":107,"column":null}},{"start":{},"end":{}}]},"17":{"loc":{"start":{"line":110,"column":2},"end":{"line":112,"column":null}},"type":"if","locations":[{"start":{"line":110,"column":2},"end":{"line":112,"column":null}},{"start":{},"end":{}}]},"18":{"loc":{"start":{"line":116,"column":2},"end":{"line":118,"column":null}},"type":"if","locations":[{"start":{"line":116,"column":2},"end":{"line":118,"column":null}},{"start":{},"end":{}}]},"19":{"loc":{"start":{"line":121,"column":25},"end":{"line":121,"column":null}},"type":"binary-expr","locations":[{"start":{"line":121,"column":25},"end":{"line":121,"column":46}},{"start":{"line":121,"column":46},"end":{"line":121,"column":null}}]},"20":{"loc":{"start":{"line":122,"column":30},"end":{"line":122,"column":null}},"type":"binary-expr","locations":[{"start":{"line":122,"column":30},"end":{"line":122,"column":96}},{"start":{"line":122,"column":96},"end":{"line":122,"column":null}}]},"21":{"loc":{"start":{"line":123,"column":26},"end":{"line":123,"column":null}},"type":"cond-expr","locations":[{"start":{"line":123,"column":47},"end":{"line":123,"column":86}},{"start":{"line":123,"column":86},"end":{"line":123,"column":null}}]},"22":{"loc":{"start":{"line":125,"column":29},"end":{"line":125,"column":null}},"type":"binary-expr","locations":[{"start":{"line":125,"column":29},"end":{"line":125,"column":54}},{"start":{"line":125,"column":54},"end":{"line":125,"column":null}}]},"23":{"loc":{"start":{"line":126,"column":34},"end":{"line":126,"column":null}},"type":"binary-expr","locations":[{"start":{"line":126,"column":34},"end":{"line":126,"column":100}},{"start":{"line":126,"column":100},"end":{"line":126,"column":null}}]},"24":{"loc":{"start":{"line":127,"column":30},"end":{"line":127,"column":null}},"type":"cond-expr","locations":[{"start":{"line":127,"column":55},"end":{"line":127,"column":102}},{"start":{"line":127,"column":102},"end":{"line":127,"column":null}}]},"25":{"loc":{"start":{"line":129,"column":26},"end":{"line":129,"column":null}},"type":"binary-expr","locations":[{"start":{"line":129,"column":26},"end":{"line":129,"column":48}},{"start":{"line":129,"column":48},"end":{"line":129,"column":null}}]},"26":{"loc":{"start":{"line":130,"column":30},"end":{"line":130,"column":null}},"type":"binary-expr","locations":[{"start":{"line":130,"column":30},"end":{"line":130,"column":90}},{"start":{"line":130,"column":90},"end":{"line":130,"column":null}}]},"27":{"loc":{"start":{"line":133,"column":42},"end":{"line":133,"column":57}},"type":"binary-expr","locations":[{"start":{"line":133,"column":42},"end":{"line":133,"column":55}},{"start":{"line":133,"column":55},"end":{"line":133,"column":57}}]},"28":{"loc":{"start":{"line":133,"column":59},"end":{"line":133,"column":78}},"type":"binary-expr","locations":[{"start":{"line":133,"column":59},"end":{"line":133,"column":76}},{"start":{"line":133,"column":76},"end":{"line":133,"column":78}}]},"29":{"loc":{"start":{"line":158,"column":2},"end":{"line":158,"column":null}},"type":"if","locations":[{"start":{"line":158,"column":2},"end":{"line":158,"column":null}},{"start":{},"end":{}}]},"30":{"loc":{"start":{"line":173,"column":2},"end":{"line":175,"column":null}},"type":"if","locations":[{"start":{"line":173,"column":2},"end":{"line":175,"column":null}},{"start":{},"end":{}}]},"31":{"loc":{"start":{"line":179,"column":9},"end":{"line":191,"column":11}},"type":"binary-expr","locations":[{"start":{"line":179,"column":9},"end":{"line":191,"column":9}},{"start":{"line":191,"column":9},"end":{"line":191,"column":11}}]},"32":{"loc":{"start":{"line":186,"column":25},"end":{"line":188,"column":null}},"type":"cond-expr","locations":[{"start":{"line":187,"column":8},"end":{"line":187,"column":null}},{"start":{"line":188,"column":8},"end":{"line":188,"column":null}}]},"33":{"loc":{"start":{"line":190,"column":24},"end":{"line":190,"column":null}},"type":"binary-expr","locations":[{"start":{"line":190,"column":24},"end":{"line":190,"column":70}},{"start":{"line":190,"column":70},"end":{"line":190,"column":null}}]},"34":{"loc":{"start":{"line":200,"column":4},"end":{"line":202,"column":null}},"type":"if","locations":[{"start":{"line":200,"column":4},"end":{"line":202,"column":null}},{"start":{},"end":{}}]},"35":{"loc":{"start":{"line":210,"column":4},"end":{"line":212,"column":null}},"type":"if","locations":[{"start":{"line":210,"column":4},"end":{"line":212,"column":null}},{"start":{},"end":{}}]}},"s":{"0":0,"1":0,"2":0,"3":0,"4":0,"5":0,"6":0,"7":0,"8":0,"9":0,"10":0,"11":0,"12":0,"13":0,"14":0,"15":0,"16":0,"17":0,"18":0,"19":0,"20":0,"21":0,"22":0,"23":0,"24":0,"25":0,"26":0,"27":0,"28":0,"29":0,"30":0,"31":0,"32":0,"33":0,"34":0,"35":0,"36":0,"37":0,"38":0,"39":0,"40":0,"41":0,"42":0,"43":0,"44":0,"45":0,"46":0,"47":0,"48":0,"49":0,"50":0,"51":0,"52":0,"53":0,"54":0,"55":0,"56":0,"57":0,"58":0,"59":0,"60":0,"61":0,"62":0,"63":0,"64":0,"65":0,"66":0,"67":0,"68":0,"69":0,"70":0,"71":0,"72":0,"73":0,"74":0,"75":0,"76":0,"77":0,"78":0,"79":0,"80":0,"81":0,"82":0,"83":0,"84":0,"85":0,"86":0},"f":{"0":0,"1":0,"2":0,"3":0,"4":0,"5":0,"6":0,"7":0,"8":0,"9":0,"10":0,"11":0},"b":{"0":[0,0],"1":[0],"2":[0,0],"3":[0,0],"4":[0,0],"5":[0,0],"6":[0,0],"7":[0,0],"8":[0,0],"9":[0,0],"10":[0,0],"11":[0,0],"12":[0,0],"13":[0,0],"14":[0,0],"15":[0,0],"16":[0,0],"17":[0,0],"18":[0,0],"19":[0,0],"20":[0,0],"21":[0,0],"22":[0,0],"23":[0,0],"24":[0,0],"25":[0,0],"26":[0,0],"27":[0,0],"28":[0,0],"29":[0,0],"30":[0,0],"31":[0,0],"32":[0,0],"33":[0,0],"34":[0,0],"35":[0,0]}}
,"/Users/raoc/Documents/GitHub/Eventraise/app/api/events/[id]/volunteer-shifts/route.ts": {"path":"/Users/raoc/Documents/GitHub/Eventraise/app/api/events/[id]/volunteer-shifts/route.ts","statementMap":{"0":{"start":{"line":4,"column":22},"end":{"line":4,"column":null}},"1":{"start":{"line":1,"column":42},"end":{"line":1,"column":null}},"2":{"start":{"line":2,"column":25},"end":{"line":2,"column":null}},"3":{"start":{"line":8,"column":2},"end":{"line":44,"column":null}},"4":{"start":{"line":9,"column":28},"end":{"line":9,"column":null}},"5":{"start":{"line":11,"column":4},"end":{"line":16,"column":null}},"6":{"start":{"line":12,"column":6},"end":{"line":14,"column":null}},"7":{"start":{"line":19,"column":49},"end":{"line":24,"column":null}},"8":{"start":{"line":26,"column":4},"end":{"line":32,"column":null}},"9":{"start":{"line":27,"column":6},"end":{"line":27,"column":null}},"10":{"start":{"line":28,"column":6},"end":{"line":30,"column":null}},"11":{"start":{"line":34,"column":4},"end":{"line":36,"column":null}},"12":{"start":{"line":39,"column":4},"end":{"line":39,"column":null}},"13":{"start":{"line":40,"column":4},"end":{"line":42,"column":null}}},"fnMap":{"0":{"name":"GET","decl":{"start":{"line":4,"column":22},"end":{"line":4,"column":null}},"loc":{"start":{"line":6,"column":49},"end":{"line":45,"column":null}}}},"branchMap":{"0":{"loc":{"start":{"line":11,"column":4},"end":{"line":16,"column":null}},"type":"if","locations":[{"start":{"line":11,"column":4},"end":{"line":16,"column":null}},{"start":{},"end":{}}]},"1":{"loc":{"start":{"line":26,"column":4},"end":{"line":32,"column":null}},"type":"if","locations":[{"start":{"line":26,"column":4},"end":{"line":32,"column":null}},{"start":{},"end":{}}]},"2":{"loc":{"start":{"line":35,"column":14},"end":{"line":35,"column":26}},"type":"binary-expr","locations":[{"start":{"line":35,"column":14},"end":{"line":35,"column":24}},{"start":{"line":35,"column":24},"end":{"line":35,"column":26}}]}},"s":{"0":0,"1":0,"2":0,"3":0,"4":0,"5":0,"6":0,"7":0,"8":0,"9":0,"10":0,"11":0,"12":0,"13":0},"f":{"0":0},"b":{"0":[0,0],"1":[0,0],"2":[0,0]}}
,"/Users/raoc/Documents/GitHub/Eventraise/app/api/events/register/route.ts": {"path":"/Users/raoc/Documents/GitHub/Eventraise/app/api/events/register/route.ts","statementMap":{"0":{"start":{"line":6,"column":22},"end":{"line":6,"column":27}},"1":{"start":{"line":1,"column":42},"end":{"line":1,"column":null}},"2":{"start":{"line":2,"column":25},"end":{"line":2,"column":null}},"3":{"start":{"line":3,"column":39},"end":{"line":3,"column":null}},"4":{"start":{"line":4,"column":34},"end":{"line":4,"column":null}},"5":{"start":{"line":7,"column":2},"end":{"line":125,"column":null}},"6":{"start":{"line":19,"column":8},"end":{"line":19,"column":null}},"7":{"start":{"line":22,"column":4},"end":{"line":27,"column":null}},"8":{"start":{"line":23,"column":6},"end":{"line":25,"column":null}},"9":{"start":{"line":29,"column":4},"end":{"line":34,"column":null}},"10":{"start":{"line":30,"column":6},"end":{"line":32,"column":null}},"11":{"start":{"line":37,"column":47},"end":{"line":41,"column":null}},"12":{"start":{"line":43,"column":4},"end":{"line":48,"column":null}},"13":{"start":{"line":44,"column":6},"end":{"line":46,"column":null}},"14":{"start":{"line":51,"column":4},"end":{"line":56,"column":null}},"15":{"start":{"line":52,"column":6},"end":{"line":54,"column":null}},"16":{"start":{"line":59,"column":4},"end":{"line":64,"column":null}},"17":{"start":{"line":60,"column":6},"end":{"line":62,"column":null}},"18":{"start":{"line":67,"column":61},"end":{"line":83,"column":null}},"19":{"start":{"line":85,"column":4},"end":{"line":91,"column":null}},"20":{"start":{"line":86,"column":6},"end":{"line":86,"column":null}},"21":{"start":{"line":87,"column":6},"end":{"line":89,"column":null}},"22":{"start":{"line":94,"column":4},"end":{"line":94,"column":null}},"23":{"start":{"line":97,"column":4},"end":{"line":102,"column":null}},"24":{"start":{"line":104,"column":4},"end":{"line":107,"column":null}},"25":{"start":{"line":110,"column":4},"end":{"line":110,"column":null}},"26":{"start":{"line":113,"column":4},"end":{"line":118,"column":null}},"27":{"start":{"line":121,"column":4},"end":{"line":123,"column":null}}},"fnMap":{"0":{"name":"POST","decl":{"start":{"line":6,"column":22},"end":{"line":6,"column":27}},"loc":{"start":{"line":6,"column":47},"end":{"line":126,"column":null}}}},"branchMap":{"0":{"loc":{"start":{"line":22,"column":4},"end":{"line":27,"column":null}},"type":"if","locations":[{"start":{"line":22,"column":4},"end":{"line":27,"column":null}},{"start":{},"end":{}}]},"1":{"loc":{"start":{"line":22,"column":8},"end":{"line":22,"column":82}},"type":"binary-expr","locations":[{"start":{"line":22,"column":8},"end":{"line":22,"column":21}},{"start":{"line":22,"column":21},"end":{"line":22,"column":42}},{"start":{"line":22,"column":42},"end":{"line":22,"column":64}},{"start":{"line":22,"column":64},"end":{"line":22,"column":82}}]},"2":{"loc":{"start":{"line":29,"column":4},"end":{"line":34,"column":null}},"type":"if","locations":[{"start":{"line":29,"column":4},"end":{"line":34,"column":null}},{"start":{},"end":{}}]},"3":{"loc":{"start":{"line":43,"column":4},"end":{"line":48,"column":null}},"type":"if","locations":[{"start":{"line":43,"column":4},"end":{"line":48,"column":null}},{"start":{},"end":{}}]},"4":{"loc":{"start":{"line":43,"column":8},"end":{"line":43,"column":30}},"type":"binary-expr","locations":[{"start":{"line":43,"column":8},"end":{"line":43,"column":22}},{"start":{"line":43,"column":22},"end":{"line":43,"column":30}}]},"5":{"loc":{"start":{"line":51,"column":4},"end":{"line":56,"column":null}},"type":"if","locations":[{"start":{"line":51,"column":4},"end":{"line":56,"column":null}},{"start":{},"end":{}}]},"6":{"loc":{"start":{"line":51,"column":8},"end":{"line":51,"column":91}},"type":"binary-expr","locations":[{"start":{"line":51,"column":8},"end":{"line":51,"column":35}},{"start":{"line":51,"column":39},"end":{"line":51,"column":91}}]},"7":{"loc":{"start":{"line":59,"column":4},"end":{"line":64,"column":null}},"type":"if","locations":[{"start":{"line":59,"column":4},"end":{"line":64,"column":null}},{"start":{},"end":{}}]},"8":{"loc":{"start":{"line":59,"column":8},"end":{"line":59,"column":103}},"type":"binary-expr","locations":[{"start":{"line":59,"column":8},"end":{"line":59,"column":30}},{"start":{"line":59,"column":34},"end":{"line":59,"column":103}}]},"9":{"loc":{"start":{"line":85,"column":4},"end":{"line":91,"column":null}},"type":"if","locations":[{"start":{"line":85,"column":4},"end":{"line":91,"column":null}},{"start":{},"end":{}}]},"10":{"loc":{"start":{"line":114,"column":6},"end":{"line":114,"column":null}},"type":"cond-expr","locations":[{"start":{"line":114,"column":31},"end":{"line":114,"column":39}},{"start":{"line":114,"column":39},"end":{"line":114,"column":null}}]}},"s":{"0":0,"1":0,"2":0,"3":0,"4":0,"5":0,"6":0,"7":0,"8":0,"9":0,"10":0,"11":0,"12":0,"13":0,"14":0,"15":0,"16":0,"17":0,"18":0,"19":0,"20":0,"21":0,"22":0,"23":0,"24":0,"25":0,"26":0,"27":0},"f":{"0":0},"b":{"0":[0,0],"1":[0,0,0,0],"2":[0,0],"3":[0,0],"4":[0,0],"5":[0,0],"6":[0,0],"7":[0,0],"8":[0,0],"9":[0,0],"10":[0,0]}}
,"/Users/raoc/Documents/GitHub/Eventraise/app/api/events/volunteer-signup/route.ts": {"path":"/Users/raoc/Documents/GitHub/Eventraise/app/api/events/volunteer-signup/route.ts","statementMap":{"0":{"start":{"line":6,"column":22},"end":{"line":6,"column":27}},"1":{"start":{"line":1,"column":42},"end":{"line":1,"column":null}},"2":{"start":{"line":2,"column":25},"end":{"line":2,"column":null}},"3":{"start":{"line":3,"column":37},"end":{"line":3,"column":null}},"4":{"start":{"line":4,"column":34},"end":{"line":4,"column":null}},"5":{"start":{"line":7,"column":2},"end":{"line":136,"column":null}},"6":{"start":{"line":18,"column":8},"end":{"line":18,"column":null}},"7":{"start":{"line":21,"column":4},"end":{"line":26,"column":null}},"8":{"start":{"line":22,"column":6},"end":{"line":24,"column":null}},"9":{"start":{"line":28,"column":4},"end":{"line":33,"column":null}},"10":{"start":{"line":29,"column":6},"end":{"line":31,"column":null}},"11":{"start":{"line":36,"column":47},"end":{"line":43,"column":null}},"12":{"start":{"line":45,"column":4},"end":{"line":50,"column":null}},"13":{"start":{"line":46,"column":6},"end":{"line":48,"column":null}},"14":{"start":{"line":53,"column":4},"end":{"line":58,"column":null}},"15":{"start":{"line":54,"column":6},"end":{"line":56,"column":null}},"16":{"start":{"line":61,"column":4},"end":{"line":66,"column":null}},"17":{"start":{"line":62,"column":6},"end":{"line":64,"column":null}},"18":{"start":{"line":69,"column":4},"end":{"line":74,"column":null}},"19":{"start":{"line":70,"column":6},"end":{"line":72,"column":null}},"20":{"start":{"line":77,"column":49},"end":{"line":92,"column":null}},"21":{"start":{"line":94,"column":4},"end":{"line":100,"column":null}},"22":{"start":{"line":95,"column":6},"end":{"line":95,"column":null}},"23":{"start":{"line":96,"column":6},"end":{"line":98,"column":null}},"24":{"start":{"line":103,"column":4},"end":{"line":103,"column":null}},"25":{"start":{"line":106,"column":4},"end":{"line":113,"column":null}},"26":{"start":{"line":115,"column":4},"end":{"line":118,"column":null}},"27":{"start":{"line":121,"column":4},"end":{"line":121,"column":null}},"28":{"start":{"line":124,"column":4},"end":{"line":129,"column":null}},"29":{"start":{"line":132,"column":4},"end":{"line":134,"column":null}}},"fnMap":{"0":{"name":"POST","decl":{"start":{"line":6,"column":22},"end":{"line":6,"column":27}},"loc":{"start":{"line":6,"column":47},"end":{"line":137,"column":null}}}},"branchMap":{"0":{"loc":{"start":{"line":21,"column":4},"end":{"line":26,"column":null}},"type":"if","locations":[{"start":{"line":21,"column":4},"end":{"line":26,"column":null}},{"start":{},"end":{}}]},"1":{"loc":{"start":{"line":21,"column":8},"end":{"line":21,"column":58}},"type":"binary-expr","locations":[{"start":{"line":21,"column":8},"end":{"line":21,"column":21}},{"start":{"line":21,"column":21},"end":{"line":21,"column":40}},{"start":{"line":21,"column":40},"end":{"line":21,"column":58}}]},"2":{"loc":{"start":{"line":28,"column":4},"end":{"line":33,"column":null}},"type":"if","locations":[{"start":{"line":28,"column":4},"end":{"line":33,"column":null}},{"start":{},"end":{}}]},"3":{"loc":{"start":{"line":45,"column":4},"end":{"line":50,"column":null}},"type":"if","locations":[{"start":{"line":45,"column":4},"end":{"line":50,"column":null}},{"start":{},"end":{}}]},"4":{"loc":{"start":{"line":45,"column":8},"end":{"line":45,"column":30}},"type":"binary-expr","locations":[{"start":{"line":45,"column":8},"end":{"line":45,"column":22}},{"start":{"line":45,"column":22},"end":{"line":45,"column":30}}]},"5":{"loc":{"start":{"line":53,"column":4},"end":{"line":58,"column":null}},"type":"if","locations":[{"start":{"line":53,"column":4},"end":{"line":58,"column":null}},{"start":{},"end":{}}]},"6":{"loc":{"start":{"line":61,"column":4},"end":{"line":66,"column":null}},"type":"if","locations":[{"start":{"line":61,"column":4},"end":{"line":66,"column":null}},{"start":{},"end":{}}]},"7":{"loc":{"start":{"line":69,"column":4},"end":{"line":74,"column":null}},"type":"if","locations":[{"start":{"line":69,"column":4},"end":{"line":74,"column":null}},{"start":{},"end":{}}]},"8":{"loc":{"start":{"line":94,"column":4},"end":{"line":100,"column":null}},"type":"if","locations":[{"start":{"line":94,"column":4},"end":{"line":100,"column":null}},{"start":{},"end":{}}]},"9":{"loc":{"start":{"line":125,"column":6},"end":{"line":125,"column":null}},"type":"cond-expr","locations":[{"start":{"line":125,"column":31},"end":{"line":125,"column":39}},{"start":{"line":125,"column":39},"end":{"line":125,"column":null}}]}},"s":{"0":0,"1":0,"2":0,"3":0,"4":0,"5":0,"6":0,"7":0,"8":0,"9":0,"10":0,"11":0,"12":0,"13":0,"14":0,"15":0,"16":0,"17":0,"18":0,"19":0,"20":0,"21":0,"22":0,"23":0,"24":0,"25":0,"26":0,"27":0,"28":0,"29":0},"f":{"0":0},"b":{"0":[0,0],"1":[0,0,0],"2":[0,0],"3":[0,0],"4":[0,0],"5":[0,0],"6":[0,0],"7":[0,0],"8":[0,0],"9":[0,0]}}
,"/Users/raoc/Documents/GitHub/Eventraise/app/api/health/route.ts": {"path":"/Users/raoc/Documents/GitHub/Eventraise/app/api/health/route.ts","statementMap":{"0":{"start":{"line":4,"column":22},"end":{"line":4,"column":null}},"1":{"start":{"line":1,"column":29},"end":{"line":1,"column":null}},"2":{"start":{"line":2,"column":28},"end":{"line":2,"column":null}},"3":{"start":{"line":5,"column":2},"end":{"line":26,"column":null}},"4":{"start":{"line":6,"column":19},"end":{"line":6,"column":null}},"5":{"start":{"line":8,"column":19},"end":{"line":8,"column":null}},"6":{"start":{"line":10,"column":4},"end":{"line":19,"column":null}},"7":{"start":{"line":21,"column":4},"end":{"line":25,"column":null}}},"fnMap":{"0":{"name":"GET","decl":{"start":{"line":4,"column":22},"end":{"line":4,"column":null}},"loc":{"start":{"line":4,"column":22},"end":{"line":27,"column":null}}}},"branchMap":{"0":{"loc":{"start":{"line":8,"column":19},"end":{"line":8,"column":null}},"type":"cond-expr","locations":[{"start":{"line":8,"column":36},"end":{"line":8,"column":42}},{"start":{"line":8,"column":42},"end":{"line":8,"column":null}}]},"1":{"loc":{"start":{"line":11,"column":14},"end":{"line":11,"column":null}},"type":"cond-expr","locations":[{"start":{"line":11,"column":31},"end":{"line":11,"column":43}},{"start":{"line":11,"column":43},"end":{"line":11,"column":null}}]},"2":{"loc":{"start":{"line":14,"column":18},"end":{"line":14,"column":null}},"type":"cond-expr","locations":[{"start":{"line":14,"column":36},"end":{"line":14,"column":48}},{"start":{"line":14,"column":48},"end":{"line":14,"column":null}}]},"3":{"loc":{"start":{"line":15,"column":16},"end":{"line":15,"column":null}},"type":"cond-expr","locations":[{"start":{"line":15,"column":32},"end":{"line":15,"column":44}},{"start":{"line":15,"column":44},"end":{"line":15,"column":null}}]},"4":{"loc":{"start":{"line":16,"column":14},"end":{"line":16,"column":null}},"type":"cond-expr","locations":[{"start":{"line":16,"column":28},"end":{"line":16,"column":40}},{"start":{"line":16,"column":40},"end":{"line":16,"column":null}}]},"5":{"loc":{"start":{"line":18,"column":15},"end":{"line":18,"column":null}},"type":"binary-expr","locations":[{"start":{"line":18,"column":15},"end":{"line":18,"column":50}},{"start":{"line":18,"column":54},"end":{"line":18,"column":null}}]}},"s":{"0":0,"1":0,"2":0,"3":0,"4":0,"5":0,"6":0,"7":0},"f":{"0":0},"b":{"0":[0,0],"1":[0,0],"2":[0,0],"3":[0,0],"4":[0,0],"5":[0,0]}}
,"/Users/raoc/Documents/GitHub/Eventraise/app/api/health/advanced/route.ts": {"path":"/Users/raoc/Documents/GitHub/Eventraise/app/api/health/advanced/route.ts","statementMap":{"0":{"start":{"line":6,"column":22},"end":{"line":6,"column":26}},"1":{"start":{"line":1,"column":42},"end":{"line":1,"column":null}},"2":{"start":{"line":2,"column":35},"end":{"line":2,"column":null}},"3":{"start":{"line":7,"column":20},"end":{"line":7,"column":null}},"4":{"start":{"line":9,"column":2},"end":{"line":85,"column":null}},"5":{"start":{"line":11,"column":26},"end":{"line":11,"column":null}},"6":{"start":{"line":14,"column":29},"end":{"line":19,"column":null}},"7":{"start":{"line":22,"column":28},"end":{"line":22,"column":79}},"8":{"start":{"line":23,"column":26},"end":{"line":23,"column":59}},"9":{"start":{"line":24,"column":24},"end":{"line":24,"column":null}},"10":{"start":{"line":27,"column":4},"end":{"line":27,"column":null}},"11":{"start":{"line":28,"column":4},"end":{"line":28,"column":null}},"12":{"start":{"line":31,"column":21},"end":{"line":49,"column":null}},"13":{"start":{"line":52,"column":23},"end":{"line":52,"column":null}},"14":{"start":{"line":54,"column":4},"end":{"line":61,"column":null}},"15":{"start":{"line":65,"column":4},"end":{"line":68,"column":null}},"16":{"start":{"line":70,"column":4},"end":{"line":84,"column":null}},"17":{"start":{"line":90,"column":2},"end":{"line":96,"column":null}},"18":{"start":{"line":93,"column":4},"end":{"line":93,"column":null}},"19":{"start":{"line":95,"column":4},"end":{"line":95,"column":null}},"20":{"start":{"line":101,"column":2},"end":{"line":107,"column":null}},"21":{"start":{"line":104,"column":4},"end":{"line":104,"column":null}},"22":{"start":{"line":106,"column":4},"end":{"line":106,"column":null}},"23":{"start":{"line":112,"column":2},"end":{"line":118,"column":null}},"24":{"start":{"line":115,"column":4},"end":{"line":115,"column":null}},"25":{"start":{"line":117,"column":4},"end":{"line":117,"column":null}},"26":{"start":{"line":123,"column":2},"end":{"line":129,"column":null}},"27":{"start":{"line":126,"column":4},"end":{"line":126,"column":null}},"28":{"start":{"line":128,"column":4},"end":{"line":128,"column":null}}},"fnMap":{"0":{"name":"GET","decl":{"start":{"line":6,"column":22},"end":{"line":6,"column":26}},"loc":{"start":{"line":6,"column":46},"end":{"line":86,"column":null}}},"1":{"name":"checkRedis","decl":{"start":{"line":89,"column":15},"end":{"line":89,"column":null}},"loc":{"start":{"line":89,"column":15},"end":{"line":97,"column":null}}},"2":{"name":"checkEmailService","decl":{"start":{"line":100,"column":15},"end":{"line":100,"column":null}},"loc":{"start":{"line":100,"column":15},"end":{"line":108,"column":null}}},"3":{"name":"checkFileStorage","decl":{"start":{"line":111,"column":15},"end":{"line":111,"column":null}},"loc":{"start":{"line":111,"column":15},"end":{"line":119,"column":null}}},"4":{"name":"checkCDN","decl":{"start":{"line":122,"column":15},"end":{"line":122,"column":null}},"loc":{"start":{"line":122,"column":15},"end":{"line":130,"column":null}}}},"branchMap":{"0":{"loc":{"start":{"line":32,"column":14},"end":{"line":32,"column":null}},"type":"cond-expr","locations":[{"start":{"line":32,"column":38},"end":{"line":32,"column":50}},{"start":{"line":32,"column":50},"end":{"line":32,"column":null}}]},"1":{"loc":{"start":{"line":37,"column":15},"end":{"line":37,"column":null}},"type":"cond-expr","locations":[{"start":{"line":37,"column":60},"end":{"line":37,"column":85}},{"start":{"line":37,"column":88},"end":{"line":37,"column":null}}]},"2":{"loc":{"start":{"line":38,"column":15},"end":{"line":38,"column":null}},"type":"cond-expr","locations":[{"start":{"line":38,"column":60},"end":{"line":38,"column":85}},{"start":{"line":38,"column":88},"end":{"line":38,"column":null}}]},"3":{"loc":{"start":{"line":39,"column":17},"end":{"line":39,"column":null}},"type":"cond-expr","locations":[{"start":{"line":39,"column":62},"end":{"line":39,"column":87}},{"start":{"line":39,"column":90},"end":{"line":39,"column":null}}]},"4":{"loc":{"start":{"line":40,"column":13},"end":{"line":40,"column":null}},"type":"cond-expr","locations":[{"start":{"line":40,"column":58},"end":{"line":40,"column":83}},{"start":{"line":40,"column":86},"end":{"line":40,"column":null}}]},"5":{"loc":{"start":{"line":47,"column":15},"end":{"line":47,"column":null}},"type":"binary-expr","locations":[{"start":{"line":47,"column":15},"end":{"line":47,"column":50}},{"start":{"line":47,"column":54},"end":{"line":47,"column":null}}]},"6":{"loc":{"start":{"line":52,"column":23},"end":{"line":52,"column":null}},"type":"cond-expr","locations":[{"start":{"line":52,"column":47},"end":{"line":52,"column":53}},{"start":{"line":52,"column":53},"end":{"line":52,"column":null}}]}},"s":{"0":0,"1":0,"2":0,"3":0,"4":0,"5":0,"6":0,"7":0,"8":0,"9":0,"10":0,"11":0,"12":0,"13":0,"14":0,"15":0,"16":0,"17":0,"18":0,"19":0,"20":0,"21":0,"22":0,"23":0,"24":0,"25":0,"26":0,"27":0,"28":0},"f":{"0":0,"1":0,"2":0,"3":0,"4":0},"b":{"0":[0,0],"1":[0,0],"2":[0,0],"3":[0,0],"4":[0,0],"5":[0,0],"6":[0,0]}}
,"/Users/raoc/Documents/GitHub/Eventraise/app/api/impact/route.ts": {"path":"/Users/raoc/Documents/GitHub/Eventraise/app/api/impact/route.ts","statementMap":{"0":{"start":{"line":4,"column":22},"end":{"line":4,"column":null}},"1":{"start":{"line":1,"column":29},"end":{"line":1,"column":null}},"2":{"start":{"line":6,"column":2},"end":{"line":12,"column":null}}},"fnMap":{"0":{"name":"GET","decl":{"start":{"line":4,"column":22},"end":{"line":4,"column":null}},"loc":{"start":{"line":4,"column":22},"end":{"line":13,"column":null}}}},"branchMap":{},"s":{"0":0,"1":0,"2":0},"f":{"0":0},"b":{}}
,"/Users/raoc/Documents/GitHub/Eventraise/app/api/webhooks/stripe/route.ts": {"path":"/Users/raoc/Documents/GitHub/Eventraise/app/api/webhooks/stripe/route.ts","statementMap":{"0":{"start":{"line":10,"column":22},"end":{"line":10,"column":27}},"1":{"start":{"line":1,"column":42},"end":{"line":1,"column":null}},"2":{"start":{"line":2,"column":23},"end":{"line":2,"column":null}},"3":{"start":{"line":3,"column":25},"end":{"line":3,"column":null}},"4":{"start":{"line":4,"column":24},"end":{"line":4,"column":null}},"5":{"start":{"line":6,"column":39},"end":{"line":6,"column":null}},"6":{"start":{"line":7,"column":34},"end":{"line":7,"column":null}},"7":{"start":{"line":8,"column":32},"end":{"line":8,"column":null}},"8":{"start":{"line":11,"column":15},"end":{"line":11,"column":null}},"9":{"start":{"line":12,"column":22},"end":{"line":12,"column":null}},"10":{"start":{"line":13,"column":20},"end":{"line":13,"column":null}},"11":{"start":{"line":15,"column":2},"end":{"line":21,"column":null}},"12":{"start":{"line":16,"column":4},"end":{"line":16,"column":null}},"13":{"start":{"line":17,"column":4},"end":{"line":19,"column":null}},"14":{"start":{"line":25,"column":2},"end":{"line":41,"column":null}},"15":{"start":{"line":27,"column":4},"end":{"line":30,"column":null}},"16":{"start":{"line":34,"column":4},"end":{"line":34,"column":null}},"17":{"start":{"line":36,"column":4},"end":{"line":36,"column":null}},"18":{"start":{"line":37,"column":4},"end":{"line":39,"column":null}},"19":{"start":{"line":43,"column":2},"end":{"line":76,"column":null}},"20":{"start":{"line":44,"column":4},"end":{"line":50,"column":null}},"21":{"start":{"line":45,"column":6},"end":{"line":45,"column":null}},"22":{"start":{"line":46,"column":6},"end":{"line":48,"column":null}},"23":{"start":{"line":52,"column":4},"end":{"line":67,"column":null}},"24":{"start":{"line":54,"column":8},"end":{"line":54,"column":null}},"25":{"start":{"line":55,"column":8},"end":{"line":55,"column":null}},"26":{"start":{"line":58,"column":8},"end":{"line":58,"column":null}},"27":{"start":{"line":59,"column":8},"end":{"line":59,"column":null}},"28":{"start":{"line":62,"column":8},"end":{"line":62,"column":null}},"29":{"start":{"line":63,"column":8},"end":{"line":63,"column":null}},"30":{"start":{"line":66,"column":8},"end":{"line":66,"column":null}},"31":{"start":{"line":69,"column":4},"end":{"line":69,"column":null}},"32":{"start":{"line":71,"column":4},"end":{"line":71,"column":null}},"33":{"start":{"line":72,"column":4},"end":{"line":74,"column":null}},"34":{"start":{"line":80,"column":2},"end":{"line":80,"column":null}},"35":{"start":{"line":82,"column":2},"end":{"line":85,"column":null}},"36":{"start":{"line":83,"column":4},"end":{"line":83,"column":null}},"37":{"start":{"line":84,"column":4},"end":{"line":84,"column":null}},"38":{"start":{"line":87,"column":20},"end":{"line":87,"column":null}},"39":{"start":{"line":88,"column":20},"end":{"line":88,"column":null}},"40":{"start":{"line":89,"column":21},"end":{"line":89,"column":null}},"41":{"start":{"line":91,"column":17},"end":{"line":91,"column":null}},"42":{"start":{"line":93,"column":2},"end":{"line":177,"column":null}},"43":{"start":{"line":95,"column":53},"end":{"line":108,"column":null}},"44":{"start":{"line":110,"column":4},"end":{"line":113,"column":null}},"45":{"start":{"line":111,"column":6},"end":{"line":111,"column":null}},"46":{"start":{"line":112,"column":6},"end":{"line":112,"column":null}},"47":{"start":{"line":117,"column":4},"end":{"line":117,"column":null}},"48":{"start":{"line":120,"column":4},"end":{"line":122,"column":null}},"49":{"start":{"line":125,"column":4},"end":{"line":156,"column":null}},"50":{"start":{"line":126,"column":6},"end":{"line":155,"column":null}},"51":{"start":{"line":127,"column":29},"end":{"line":131,"column":null}},"52":{"start":{"line":134,"column":8},"end":{"line":141,"column":null}},"53":{"start":{"line":144,"column":8},"end":{"line":151,"column":null}},"54":{"start":{"line":153,"column":8},"end":{"line":153,"column":null}},"55":{"start":{"line":158,"column":4},"end":{"line":162,"column":null}},"56":{"start":{"line":165,"column":4},"end":{"line":165,"column":null}},"57":{"start":{"line":168,"column":4},"end":{"line":173,"column":null}},"58":{"start":{"line":176,"column":4},"end":{"line":176,"column":null}},"59":{"start":{"line":181,"column":2},"end":{"line":181,"column":null}},"60":{"start":{"line":183,"column":2},"end":{"line":186,"column":null}},"61":{"start":{"line":184,"column":4},"end":{"line":184,"column":null}},"62":{"start":{"line":185,"column":4},"end":{"line":185,"column":null}},"63":{"start":{"line":189,"column":20},"end":{"line":192,"column":null}},"64":{"start":{"line":194,"column":2},"end":{"line":196,"column":null}},"65":{"start":{"line":195,"column":4},"end":{"line":195,"column":null}},"66":{"start":{"line":200,"column":2},"end":{"line":200,"column":null}},"67":{"start":{"line":202,"column":2},"end":{"line":205,"column":null}},"68":{"start":{"line":203,"column":4},"end":{"line":203,"column":null}},"69":{"start":{"line":204,"column":4},"end":{"line":204,"column":null}},"70":{"start":{"line":208,"column":20},"end":{"line":211,"column":null}},"71":{"start":{"line":213,"column":2},"end":{"line":215,"column":null}},"72":{"start":{"line":214,"column":4},"end":{"line":214,"column":null}}},"fnMap":{"0":{"name":"POST","decl":{"start":{"line":10,"column":22},"end":{"line":10,"column":27}},"loc":{"start":{"line":10,"column":47},"end":{"line":77,"column":null}}},"1":{"name":"handleCheckoutCompleted","decl":{"start":{"line":79,"column":15},"end":{"line":79,"column":39}},"loc":{"start":{"line":79,"column":71},"end":{"line":178,"column":null}}},"2":{"name":"handlePaymentSucceeded","decl":{"start":{"line":180,"column":15},"end":{"line":180,"column":38}},"loc":{"start":{"line":180,"column":73},"end":{"line":197,"column":null}}},"3":{"name":"handlePaymentFailed","decl":{"start":{"line":199,"column":15},"end":{"line":199,"column":35}},"loc":{"start":{"line":199,"column":70},"end":{"line":216,"column":null}}}},"branchMap":{"0":{"loc":{"start":{"line":15,"column":2},"end":{"line":21,"column":null}},"type":"if","locations":[{"start":{"line":15,"column":2},"end":{"line":21,"column":null}},{"start":{},"end":{}}]},"1":{"loc":{"start":{"line":44,"column":4},"end":{"line":50,"column":null}},"type":"if","locations":[{"start":{"line":44,"column":4},"end":{"line":50,"column":null}},{"start":{},"end":{}}]},"2":{"loc":{"start":{"line":52,"column":4},"end":{"line":67,"column":null}},"type":"switch","locations":[{"start":{"line":53,"column":6},"end":{"line":55,"column":null}},{"start":{"line":57,"column":6},"end":{"line":59,"column":null}},{"start":{"line":61,"column":6},"end":{"line":63,"column":null}},{"start":{"line":65,"column":6},"end":{"line":66,"column":null}}]},"3":{"loc":{"start":{"line":82,"column":2},"end":{"line":85,"column":null}},"type":"if","locations":[{"start":{"line":82,"column":2},"end":{"line":85,"column":null}},{"start":{},"end":{}}]},"4":{"loc":{"start":{"line":88,"column":20},"end":{"line":88,"column":null}},"type":"binary-expr","locations":[{"start":{"line":88,"column":20},"end":{"line":88,"column":52}},{"start":{"line":88,"column":52},"end":{"line":88,"column":86}},{"start":{"line":88,"column":86},"end":{"line":88,"column":null}}]},"5":{"loc":{"start":{"line":89,"column":21},"end":{"line":89,"column":null}},"type":"binary-expr","locations":[{"start":{"line":89,"column":21},"end":{"line":89,"column":54}},{"start":{"line":89,"column":54},"end":{"line":89,"column":89}},{"start":{"line":89,"column":89},"end":{"line":89,"column":null}}]},"6":{"loc":{"start":{"line":91,"column":17},"end":{"line":91,"column":null}},"type":"cond-expr","locations":[{"start":{"line":91,"column":40},"end":{"line":91,"column":69}},{"start":{"line":91,"column":69},"end":{"line":91,"column":null}}]},"7":{"loc":{"start":{"line":110,"column":4},"end":{"line":113,"column":null}},"type":"if","locations":[{"start":{"line":110,"column":4},"end":{"line":113,"column":null}},{"start":{},"end":{}}]},"8":{"loc":{"start":{"line":121,"column":19},"end":{"line":121,"column":null}},"type":"cond-expr","locations":[{"start":{"line":121,"column":32},"end":{"line":121,"column":45}},{"start":{"line":121,"column":45},"end":{"line":121,"column":null}}]},"9":{"loc":{"start":{"line":125,"column":4},"end":{"line":156,"column":null}},"type":"if","locations":[{"start":{"line":125,"column":4},"end":{"line":156,"column":null}},{"start":{},"end":{}}]},"10":{"loc":{"start":{"line":169,"column":6},"end":{"line":169,"column":null}},"type":"cond-expr","locations":[{"start":{"line":169,"column":31},"end":{"line":169,"column":39}},{"start":{"line":169,"column":39},"end":{"line":169,"column":null}}]},"11":{"loc":{"start":{"line":183,"column":2},"end":{"line":186,"column":null}},"type":"if","locations":[{"start":{"line":183,"column":2},"end":{"line":186,"column":null}},{"start":{},"end":{}}]},"12":{"loc":{"start":{"line":194,"column":2},"end":{"line":196,"column":null}},"type":"if","locations":[{"start":{"line":194,"column":2},"end":{"line":196,"column":null}},{"start":{},"end":{}}]},"13":{"loc":{"start":{"line":202,"column":2},"end":{"line":205,"column":null}},"type":"if","locations":[{"start":{"line":202,"column":2},"end":{"line":205,"column":null}},{"start":{},"end":{}}]},"14":{"loc":{"start":{"line":213,"column":2},"end":{"line":215,"column":null}},"type":"if","locations":[{"start":{"line":213,"column":2},"end":{"line":215,"column":null}},{"start":{},"end":{}}]}},"s":{"0":0,"1":0,"2":0,"3":0,"4":0,"5":0,"6":0,"7":0,"8":0,"9":0,"10":0,"11":0,"12":0,"13":0,"14":0,"15":0,"16":0,"17":0,"18":0,"19":0,"20":0,"21":0,"22":0,"23":0,"24":0,"25":0,"26":0,"27":0,"28":0,"29":0,"30":0,"31":0,"32":0,"33":0,"34":0,"35":0,"36":0,"37":0,"38":0,"39":0,"40":0,"41":0,"42":0,"43":0,"44":0,"45":0,"46":0,"47":0,"48":0,"49":0,"50":0,"51":0,"52":0,"53":0,"54":0,"55":0,"56":0,"57":0,"58":0,"59":0,"60":0,"61":0,"62":0,"63":0,"64":0,"65":0,"66":0,"67":0,"68":0,"69":0,"70":0,"71":0,"72":0},"f":{"0":0,"1":0,"2":0,"3":0},"b":{"0":[0,0],"1":[0,0],"2":[0,0,0,0],"3":[0,0],"4":[0,0,0],"5":[0,0,0],"6":[0,0],"7":[0,0],"8":[0,0],"9":[0,0],"10":[0,0],"11":[0,0],"12":[0,0],"13":[0,0],"14":[0,0]}}
,"/Users/raoc/Documents/GitHub/Eventraise/app/auth/callback/route.ts": {"path":"/Users/raoc/Documents/GitHub/Eventraise/app/auth/callback/route.ts","statementMap":{"0":{"start":{"line":4,"column":22},"end":{"line":4,"column":26}},"1":{"start":{"line":1,"column":29},"end":{"line":1,"column":null}},"2":{"start":{"line":2,"column":42},"end":{"line":2,"column":null}},"3":{"start":{"line":5,"column":35},"end":{"line":5,"column":null}},"4":{"start":{"line":6,"column":15},"end":{"line":6,"column":null}},"5":{"start":{"line":7,"column":21},"end":{"line":7,"column":null}},"6":{"start":{"line":8,"column":15},"end":{"line":8,"column":null}},"7":{"start":{"line":9,"column":23},"end":{"line":9,"column":null}},"8":{"start":{"line":10,"column":24},"end":{"line":10,"column":null}},"9":{"start":{"line":11,"column":15},"end":{"line":11,"column":null}},"10":{"start":{"line":13,"column":2},"end":{"line":20,"column":null}},"11":{"start":{"line":22,"column":22},"end":{"line":22,"column":58}},"12":{"start":{"line":23,"column":26},"end":{"line":23,"column":67}},"13":{"start":{"line":25,"column":2},"end":{"line":28,"column":null}},"14":{"start":{"line":26,"column":4},"end":{"line":26,"column":null}},"15":{"start":{"line":27,"column":4},"end":{"line":27,"column":null}},"16":{"start":{"line":30,"column":19},"end":{"line":30,"column":null}},"17":{"start":{"line":32,"column":2},"end":{"line":77,"column":null}},"18":{"start":{"line":34,"column":4},"end":{"line":73,"column":null}},"19":{"start":{"line":36,"column":24},"end":{"line":36,"column":null}},"20":{"start":{"line":38,"column":6},"end":{"line":41,"column":null}},"21":{"start":{"line":39,"column":8},"end":{"line":39,"column":null}},"22":{"start":{"line":40,"column":8},"end":{"line":40,"column":null}},"23":{"start":{"line":43,"column":6},"end":{"line":43,"column":null}},"24":{"start":{"line":44,"column":11},"end":{"line":73,"column":null}},"25":{"start":{"line":46,"column":24},"end":{"line":49,"column":null}},"26":{"start":{"line":51,"column":6},"end":{"line":54,"column":null}},"27":{"start":{"line":52,"column":8},"end":{"line":52,"column":null}},"28":{"start":{"line":53,"column":8},"end":{"line":53,"column":null}},"29":{"start":{"line":56,"column":6},"end":{"line":56,"column":null}},"30":{"start":{"line":57,"column":11},"end":{"line":73,"column":null}},"31":{"start":{"line":59,"column":24},"end":{"line":62,"column":null}},"32":{"start":{"line":64,"column":6},"end":{"line":67,"column":null}},"33":{"start":{"line":65,"column":8},"end":{"line":65,"column":null}},"34":{"start":{"line":66,"column":8},"end":{"line":66,"column":null}},"35":{"start":{"line":69,"column":6},"end":{"line":69,"column":null}},"36":{"start":{"line":71,"column":6},"end":{"line":71,"column":null}},"37":{"start":{"line":72,"column":6},"end":{"line":72,"column":null}},"38":{"start":{"line":75,"column":4},"end":{"line":75,"column":null}},"39":{"start":{"line":76,"column":4},"end":{"line":76,"column":null}}},"fnMap":{"0":{"name":"GET","decl":{"start":{"line":4,"column":22},"end":{"line":4,"column":26}},"loc":{"start":{"line":4,"column":46},"end":{"line":78,"column":null}}}},"branchMap":{"0":{"loc":{"start":{"line":11,"column":15},"end":{"line":11,"column":null}},"type":"binary-expr","locations":[{"start":{"line":11,"column":15},"end":{"line":11,"column":43}},{"start":{"line":11,"column":43},"end":{"line":11,"column":null}}]},"1":{"loc":{"start":{"line":25,"column":2},"end":{"line":28,"column":null}},"type":"if","locations":[{"start":{"line":25,"column":2},"end":{"line":28,"column":null}},{"start":{},"end":{}}]},"2":{"loc":{"start":{"line":25,"column":6},"end":{"line":25,"column":40}},"type":"binary-expr","locations":[{"start":{"line":25,"column":6},"end":{"line":25,"column":22}},{"start":{"line":25,"column":22},"end":{"line":25,"column":40}}]},"3":{"loc":{"start":{"line":34,"column":4},"end":{"line":73,"column":null}},"type":"if","locations":[{"start":{"line":34,"column":4},"end":{"line":73,"column":null}},{"start":{"line":44,"column":11},"end":{"line":73,"column":null}}]},"4":{"loc":{"start":{"line":38,"column":6},"end":{"line":41,"column":null}},"type":"if","locations":[{"start":{"line":38,"column":6},"end":{"line":41,"column":null}},{"start":{},"end":{}}]},"5":{"loc":{"start":{"line":44,"column":11},"end":{"line":73,"column":null}},"type":"if","locations":[{"start":{"line":44,"column":11},"end":{"line":73,"column":null}},{"start":{"line":57,"column":11},"end":{"line":73,"column":null}}]},"6":{"loc":{"start":{"line":44,"column":15},"end":{"line":44,"column":35}},"type":"binary-expr","locations":[{"start":{"line":44,"column":15},"end":{"line":44,"column":29}},{"start":{"line":44,"column":29},"end":{"line":44,"column":35}}]},"7":{"loc":{"start":{"line":51,"column":6},"end":{"line":54,"column":null}},"type":"if","locations":[{"start":{"line":51,"column":6},"end":{"line":54,"column":null}},{"start":{},"end":{}}]},"8":{"loc":{"start":{"line":57,"column":11},"end":{"line":73,"column":null}},"type":"if","locations":[{"start":{"line":57,"column":11},"end":{"line":73,"column":null}},{"start":{"line":70,"column":11},"end":{"line":73,"column":null}}]},"9":{"loc":{"start":{"line":57,"column":15},"end":{"line":57,"column":46}},"type":"binary-expr","locations":[{"start":{"line":57,"column":15},"end":{"line":57,"column":31}},{"start":{"line":57,"column":31},"end":{"line":57,"column":46}}]},"10":{"loc":{"start":{"line":64,"column":6},"end":{"line":67,"column":null}},"type":"if","locations":[{"start":{"line":64,"column":6},"end":{"line":67,"column":null}},{"start":{},"end":{}}]}},"s":{"0":0,"1":0,"2":0,"3":0,"4":0,"5":0,"6":0,"7":0,"8":0,"9":0,"10":0,"11":0,"12":0,"13":0,"14":0,"15":0,"16":0,"17":0,"18":0,"19":0,"20":0,"21":0,"22":0,"23":0,"24":0,"25":0,"26":0,"27":0,"28":0,"29":0,"30":0,"31":0,"32":0,"33":0,"34":0,"35":0,"36":0,"37":0,"38":0,"39":0},"f":{"0":0},"b":{"0":[0,0],"1":[0,0],"2":[0,0],"3":[0,0],"4":[0,0],"5":[0,0],"6":[0,0],"7":[0,0],"8":[0,0],"9":[0,0],"10":[0,0]}}
,"/Users/raoc/Documents/GitHub/Eventraise/app/auth/confirm/page.tsx": {"path":"/Users/raoc/Documents/GitHub/Eventraise/app/auth/confirm/page.tsx","statementMap":{"0":{"start":{"line":188,"column":24},"end":{"line":188,"column":null}},"1":{"start":{"line":3,"column":46},"end":{"line":3,"column":null}},"2":{"start":{"line":4,"column":43},"end":{"line":4,"column":null}},"3":{"start":{"line":5,"column":29},"end":{"line":5,"column":null}},"4":{"start":{"line":6,"column":74},"end":{"line":6,"column":null}},"5":{"start":{"line":7,"column":23},"end":{"line":7,"column":null}},"6":{"start":{"line":8,"column":53},"end":{"line":8,"column":null}},"7":{"start":{"line":9,"column":17},"end":{"line":9,"column":null}},"8":{"start":{"line":13,"column":30},"end":{"line":13,"column":null}},"9":{"start":{"line":14,"column":32},"end":{"line":14,"column":null}},"10":{"start":{"line":15,"column":17},"end":{"line":15,"column":null}},"11":{"start":{"line":16,"column":23},"end":{"line":16,"column":null}},"12":{"start":{"line":17,"column":34},"end":{"line":17,"column":null}},"13":{"start":{"line":19,"column":2},"end":{"line":41,"column":null}},"14":{"start":{"line":21,"column":4},"end":{"line":40,"column":null}},"15":{"start":{"line":22,"column":6},"end":{"line":39,"column":null}},"16":{"start":{"line":23,"column":28},"end":{"line":23,"column":64}},"17":{"start":{"line":24,"column":32},"end":{"line":24,"column":73}},"18":{"start":{"line":26,"column":8},"end":{"line":31,"column":null}},"19":{"start":{"line":27,"column":10},"end":{"line":27,"column":null}},"20":{"start":{"line":28,"column":10},"end":{"line":28,"column":null}},"21":{"start":{"line":29,"column":10},"end":{"line":29,"column":null}},"22":{"start":{"line":30,"column":10},"end":{"line":30,"column":null}},"23":{"start":{"line":33,"column":23},"end":{"line":33,"column":null}},"24":{"start":{"line":34,"column":8},"end":{"line":34,"column":null}},"25":{"start":{"line":36,"column":8},"end":{"line":36,"column":null}},"26":{"start":{"line":37,"column":8},"end":{"line":37,"column":null}},"27":{"start":{"line":38,"column":8},"end":{"line":38,"column":null}},"28":{"start":{"line":43,"column":2},"end":{"line":122,"column":null}},"29":{"start":{"line":44,"column":4},"end":{"line":44,"column":null}},"30":{"start":{"line":44,"column":19},"end":{"line":44,"column":null}},"31":{"start":{"line":46,"column":36},"end":{"line":119,"column":null}},"32":{"start":{"line":47,"column":25},"end":{"line":47,"column":null}},"33":{"start":{"line":48,"column":19},"end":{"line":48,"column":null}},"34":{"start":{"line":49,"column":27},"end":{"line":49,"column":null}},"35":{"start":{"line":50,"column":28},"end":{"line":50,"column":null}},"36":{"start":{"line":51,"column":19},"end":{"line":51,"column":null}},"37":{"start":{"line":53,"column":6},"end":{"line":59,"column":null}},"38":{"start":{"line":62,"column":6},"end":{"line":118,"column":null}},"39":{"start":{"line":64,"column":8},"end":{"line":87,"column":null}},"40":{"start":{"line":65,"column":28},"end":{"line":68,"column":null}},"41":{"start":{"line":70,"column":10},"end":{"line":82,"column":null}},"42":{"start":{"line":71,"column":12},"end":{"line":71,"column":null}},"43":{"start":{"line":72,"column":12},"end":{"line":72,"column":null}},"44":{"start":{"line":73,"column":12},"end":{"line":73,"column":null}},"45":{"start":{"line":75,"column":12},"end":{"line":75,"column":null}},"46":{"start":{"line":76,"column":12},"end":{"line":76,"column":null}},"47":{"start":{"line":79,"column":12},"end":{"line":81,"column":null}},"48":{"start":{"line":80,"column":14},"end":{"line":80,"column":null}},"49":{"start":{"line":84,"column":10},"end":{"line":84,"column":null}},"50":{"start":{"line":85,"column":10},"end":{"line":85,"column":null}},"51":{"start":{"line":86,"column":10},"end":{"line":86,"column":null}},"52":{"start":{"line":88,"column":13},"end":{"line":118,"column":null}},"53":{"start":{"line":90,"column":8},"end":{"line":113,"column":null}},"54":{"start":{"line":91,"column":28},"end":{"line":94,"column":null}},"55":{"start":{"line":96,"column":10},"end":{"line":108,"column":null}},"56":{"start":{"line":97,"column":12},"end":{"line":97,"column":null}},"57":{"start":{"line":98,"column":12},"end":{"line":98,"column":null}},"58":{"start":{"line":99,"column":12},"end":{"line":99,"column":null}},"59":{"start":{"line":101,"column":12},"end":{"line":101,"column":null}},"60":{"start":{"line":102,"column":12},"end":{"line":102,"column":null}},"61":{"start":{"line":105,"column":12},"end":{"line":107,"column":null}},"62":{"start":{"line":106,"column":14},"end":{"line":106,"column":null}},"63":{"start":{"line":110,"column":10},"end":{"line":110,"column":null}},"64":{"start":{"line":111,"column":10},"end":{"line":111,"column":null}},"65":{"start":{"line":112,"column":10},"end":{"line":112,"column":null}},"66":{"start":{"line":115,"column":8},"end":{"line":115,"column":null}},"67":{"start":{"line":116,"column":8},"end":{"line":116,"column":null}},"68":{"start":{"line":117,"column":8},"end":{"line":117,"column":null}},"69":{"start":{"line":121,"column":4},"end":{"line":121,"column":null}}},"fnMap":{"0":{"name":"EmailConfirmContent","decl":{"start":{"line":12,"column":9},"end":{"line":12,"column":null}},"loc":{"start":{"line":12,"column":9},"end":{"line":186,"column":null}}},"1":{"name":"(anonymous_3)","decl":{"start":{"line":19,"column":12},"end":{"line":19,"column":null}},"loc":{"start":{"line":19,"column":12},"end":{"line":41,"column":5}}},"2":{"name":"(anonymous_4)","decl":{"start":{"line":43,"column":12},"end":{"line":43,"column":null}},"loc":{"start":{"line":43,"column":12},"end":{"line":122,"column":5}}},"3":{"name":"(anonymous_5)","decl":{"start":{"line":46,"column":36},"end":{"line":46,"column":null}},"loc":{"start":{"line":46,"column":36},"end":{"line":119,"column":null}}},"4":{"name":"(anonymous_6)","decl":{"start":{"line":79,"column":23},"end":{"line":79,"column":null}},"loc":{"start":{"line":79,"column":23},"end":{"line":81,"column":15}}},"5":{"name":"(anonymous_7)","decl":{"start":{"line":105,"column":23},"end":{"line":105,"column":null}},"loc":{"start":{"line":105,"column":23},"end":{"line":107,"column":15}}},"6":{"name":"EmailConfirmPage","decl":{"start":{"line":188,"column":24},"end":{"line":188,"column":null}},"loc":{"start":{"line":188,"column":24},"end":{"line":221,"column":null}}}},"branchMap":{"0":{"loc":{"start":{"line":21,"column":4},"end":{"line":40,"column":null}},"type":"if","locations":[{"start":{"line":21,"column":4},"end":{"line":40,"column":null}},{"start":{},"end":{}}]},"1":{"loc":{"start":{"line":26,"column":8},"end":{"line":31,"column":null}},"type":"if","locations":[{"start":{"line":26,"column":8},"end":{"line":31,"column":null}},{"start":{},"end":{}}]},"2":{"loc":{"start":{"line":26,"column":12},"end":{"line":26,"column":46}},"type":"binary-expr","locations":[{"start":{"line":26,"column":12},"end":{"line":26,"column":28}},{"start":{"line":26,"column":28},"end":{"line":26,"column":46}}]},"3":{"loc":{"start":{"line":44,"column":4},"end":{"line":44,"column":null}},"type":"if","locations":[{"start":{"line":44,"column":4},"end":{"line":44,"column":null}},{"start":{},"end":{}}]},"4":{"loc":{"start":{"line":51,"column":19},"end":{"line":51,"column":null}},"type":"binary-expr","locations":[{"start":{"line":51,"column":19},"end":{"line":51,"column":47}},{"start":{"line":51,"column":47},"end":{"line":51,"column":null}}]},"5":{"loc":{"start":{"line":62,"column":6},"end":{"line":118,"column":null}},"type":"if","locations":[{"start":{"line":62,"column":6},"end":{"line":118,"column":null}},{"start":{"line":88,"column":13},"end":{"line":118,"column":null}}]},"6":{"loc":{"start":{"line":62,"column":10},"end":{"line":62,"column":30}},"type":"binary-expr","locations":[{"start":{"line":62,"column":10},"end":{"line":62,"column":24}},{"start":{"line":62,"column":24},"end":{"line":62,"column":30}}]},"7":{"loc":{"start":{"line":70,"column":10},"end":{"line":82,"column":null}},"type":"if","locations":[{"start":{"line":70,"column":10},"end":{"line":82,"column":null}},{"start":{"line":74,"column":17},"end":{"line":82,"column":null}}]},"8":{"loc":{"start":{"line":73,"column":23},"end":{"line":73,"column":null}},"type":"binary-expr","locations":[{"start":{"line":73,"column":23},"end":{"line":73,"column":36}},{"start":{"line":73,"column":40},"end":{"line":73,"column":null}}]},"9":{"loc":{"start":{"line":88,"column":13},"end":{"line":118,"column":null}},"type":"if","locations":[{"start":{"line":88,"column":13},"end":{"line":118,"column":null}},{"start":{"line":114,"column":13},"end":{"line":118,"column":null}}]},"10":{"loc":{"start":{"line":88,"column":17},"end":{"line":88,"column":48}},"type":"binary-expr","locations":[{"start":{"line":88,"column":17},"end":{"line":88,"column":33}},{"start":{"line":88,"column":33},"end":{"line":88,"column":48}}]},"11":{"loc":{"start":{"line":96,"column":10},"end":{"line":108,"column":null}},"type":"if","locations":[{"start":{"line":96,"column":10},"end":{"line":108,"column":null}},{"start":{"line":100,"column":17},"end":{"line":108,"column":null}}]},"12":{"loc":{"start":{"line":99,"column":23},"end":{"line":99,"column":null}},"type":"binary-expr","locations":[{"start":{"line":99,"column":23},"end":{"line":99,"column":36}},{"start":{"line":99,"column":40},"end":{"line":99,"column":null}}]},"13":{"loc":{"start":{"line":140,"column":13},"end":{"line":140,"column":null}},"type":"binary-expr","locations":[{"start":{"line":140,"column":13},"end":{"line":140,"column":37}},{"start":{"line":140,"column":37},"end":{"line":140,"column":null}}]},"14":{"loc":{"start":{"line":141,"column":13},"end":{"line":141,"column":null}},"type":"binary-expr","locations":[{"start":{"line":141,"column":13},"end":{"line":141,"column":37}},{"start":{"line":141,"column":37},"end":{"line":141,"column":null}}]},"15":{"loc":{"start":{"line":142,"column":13},"end":{"line":142,"column":null}},"type":"binary-expr","locations":[{"start":{"line":142,"column":13},"end":{"line":142,"column":35}},{"start":{"line":142,"column":35},"end":{"line":142,"column":null}}]},"16":{"loc":{"start":{"line":146,"column":11},"end":{"line":146,"column":null}},"type":"binary-expr","locations":[{"start":{"line":146,"column":11},"end":{"line":146,"column":null}}]},"17":{"loc":{"start":{"line":153,"column":11},"end":{"line":153,"column":null}},"type":"binary-expr","locations":[{"start":{"line":153,"column":11},"end":{"line":153,"column":null}}]},"18":{"loc":{"start":{"line":164,"column":11},"end":{"line":164,"column":null}},"type":"binary-expr","locations":[{"start":{"line":164,"column":11},"end":{"line":164,"column":null}}]}},"s":{"0":0,"1":0,"2":0,"3":0,"4":0,"5":0,"6":0,"7":0,"8":0,"9":0,"10":0,"11":0,"12":0,"13":0,"14":0,"15":0,"16":0,"17":0,"18":0,"19":0,"20":0,"21":0,"22":0,"23":0,"24":0,"25":0,"26":0,"27":0,"28":0,"29":0,"30":0,"31":0,"32":0,"33":0,"34":0,"35":0,"36":0,"37":0,"38":0,"39":0,"40":0,"41":0,"42":0,"43":0,"44":0,"45":0,"46":0,"47":0,"48":0,"49":0,"50":0,"51":0,"52":0,"53":0,"54":0,"55":0,"56":0,"57":0,"58":0,"59":0,"60":0,"61":0,"62":0,"63":0,"64":0,"65":0,"66":0,"67":0,"68":0,"69":0},"f":{"0":0,"1":0,"2":0,"3":0,"4":0,"5":0,"6":0},"b":{"0":[0,0],"1":[0,0],"2":[0,0],"3":[0,0],"4":[0,0],"5":[0,0],"6":[0,0],"7":[0,0],"8":[0,0],"9":[0,0],"10":[0,0],"11":[0,0],"12":[0,0],"13":[0,0],"14":[0,0],"15":[0,0],"16":[0],"17":[0],"18":[0]}}
,"/Users/raoc/Documents/GitHub/Eventraise/app/auth/login/page.tsx": {"path":"/Users/raoc/Documents/GitHub/Eventraise/app/auth/login/page.tsx","statementMap":{"0":{"start":{"line":14,"column":24},"end":{"line":14,"column":null}},"1":{"start":{"line":3,"column":36},"end":{"line":3,"column":null}},"2":{"start":{"line":4,"column":26},"end":{"line":4,"column":null}},"3":{"start":{"line":5,"column":17},"end":{"line":5,"column":null}},"4":{"start":{"line":6,"column":29},"end":{"line":6,"column":null}},"5":{"start":{"line":7,"column":23},"end":{"line":7,"column":null}},"6":{"start":{"line":8,"column":74},"end":{"line":8,"column":null}},"7":{"start":{"line":9,"column":22},"end":{"line":9,"column":null}},"8":{"start":{"line":10,"column":22},"end":{"line":10,"column":null}},"9":{"start":{"line":11,"column":32},"end":{"line":11,"column":null}},"10":{"start":{"line":12,"column":18},"end":{"line":12,"column":null}},"11":{"start":{"line":15,"column":28},"end":{"line":15,"column":null}},"12":{"start":{"line":16,"column":34},"end":{"line":16,"column":null}},"13":{"start":{"line":17,"column":32},"end":{"line":17,"column":null}},"14":{"start":{"line":18,"column":17},"end":{"line":18,"column":null}},"15":{"start":{"line":19,"column":34},"end":{"line":19,"column":null}},"16":{"start":{"line":21,"column":2},"end":{"line":39,"column":null}},"17":{"start":{"line":23,"column":4},"end":{"line":38,"column":null}},"18":{"start":{"line":24,"column":6},"end":{"line":37,"column":null}},"19":{"start":{"line":25,"column":28},"end":{"line":25,"column":64}},"20":{"start":{"line":26,"column":32},"end":{"line":26,"column":73}},"21":{"start":{"line":28,"column":8},"end":{"line":31,"column":null}},"22":{"start":{"line":29,"column":10},"end":{"line":29,"column":null}},"23":{"start":{"line":30,"column":10},"end":{"line":30,"column":null}},"24":{"start":{"line":33,"column":23},"end":{"line":33,"column":null}},"25":{"start":{"line":34,"column":8},"end":{"line":34,"column":null}},"26":{"start":{"line":36,"column":8},"end":{"line":36,"column":null}},"27":{"start":{"line":41,"column":22},"end":{"line":72,"column":null}},"28":{"start":{"line":42,"column":4},"end":{"line":42,"column":null}},"29":{"start":{"line":44,"column":4},"end":{"line":47,"column":null}},"30":{"start":{"line":45,"column":6},"end":{"line":45,"column":null}},"31":{"start":{"line":46,"column":6},"end":{"line":46,"column":null}},"32":{"start":{"line":49,"column":4},"end":{"line":49,"column":null}},"33":{"start":{"line":51,"column":4},"end":{"line":71,"column":null}},"34":{"start":{"line":52,"column":24},"end":{"line":55,"column":null}},"35":{"start":{"line":57,"column":6},"end":{"line":66,"column":null}},"36":{"start":{"line":58,"column":8},"end":{"line":62,"column":null}},"37":{"start":{"line":59,"column":10},"end":{"line":59,"column":null}},"38":{"start":{"line":61,"column":10},"end":{"line":61,"column":null}},"39":{"start":{"line":64,"column":8},"end":{"line":64,"column":null}},"40":{"star
[...]
tart":{"line":355,"column":2},"end":{"line":355,"column":9}},"loc":{"start":{"line":355,"column":49},"end":{"line":357,"column":null}}},"36":{"name":"(anonymous_46)","decl":{"start":{"line":359,"column":2},"end":{"line":359,"column":9}},"loc":{"start":{"line":359,"column":19},"end":{"line":362,"column":null}}},"37":{"name":"(anonymous_47)","decl":{"start":{"line":360,"column":34},"end":{"line":360,"column":45}},"loc":{"start":{"line":360,"column":45},"end":{"line":360,"column":null}}},"38":{"name":"(anonymous_48)","decl":{"start":{"line":364,"column":2},"end":{"line":364,"column":9}},"loc":{"start":{"line":364,"column":52},"end":{"line":376,"column":null}}},"39":{"name":"(anonymous_49)","decl":{"start":{"line":365,"column":19},"end":{"line":365,"column":null}},"loc":{"start":{"line":365,"column":19},"end":{"line":375,"column":null}}},"40":{"name":"(anonymous_50)","decl":{"start":{"line":378,"column":2},"end":{"line":378,"column":9}},"loc":{"start":{"line":381,"column":38},"end":{"line":387,"column":null}}},"41":{"name":"(anonymous_51)","decl":{"start":{"line":383,"column":11},"end":{"line":383,"column":12}},"loc":{"start":{"line":383,"column":15},"end":{"line":386,"column":null}}},"42":{"name":"(anonymous_52)","decl":{"start":{"line":385,"column":27},"end":{"line":385,"column":33}},"loc":{"start":{"line":385,"column":33},"end":{"line":385,"column":48}}},"43":{"name":"(anonymous_53)","decl":{"start":{"line":389,"column":2},"end":{"line":389,"column":9}},"loc":{"start":{"line":392,"column":38},"end":{"line":401,"column":null}}},"44":{"name":"(anonymous_54)","decl":{"start":{"line":394,"column":11},"end":{"line":394,"column":12}},"loc":{"start":{"line":394,"column":15},"end":{"line":400,"column":null}}},"45":{"name":"(anonymous_55)","decl":{"start":{"line":398,"column":19},"end":{"line":398,"column":25}},"loc":{"start":{"line":398,"column":25},"end":{"line":398,"column":45}}},"46":{"name":"(anonymous_56)","decl":{"start":{"line":419,"column":42},"end":{"line":419,"column":null}},"loc":{"start":{"line":419,"column":42},"end":{"line":421,"column":null}}}},"branchMap":{"0":{"loc":{"start":{"line":11,"column":4},"end":{"line":11,"column":24}},"type":"default-arg","locations":[{"start":{"line":11,"column":22},"end":{"line":11,"column":24}}]},"1":{"loc":{"start":{"line":14,"column":4},"end":{"line":21,"column":null}},"type":"if","locations":[{"start":{"line":14,"column":4},"end":{"line":21,"column":null}},{"start":{},"end":{}}]},"2":{"loc":{"start":{"line":16,"column":6},"end":{"line":16,"column":null}},"type":"if","locations":[{"start":{"line":16,"column":6},"end":{"line":16,"column":null}},{"start":{},"end":{}}]},"3":{"loc":{"start":{"line":17,"column":6},"end":{"line":17,"column":null}},"type":"if","locations":[{"start":{"line":17,"column":6},"end":{"line":17,"column":null}},{"start":{},"end":{}}]},"4":{"loc":{"start":{"line":28,"column":4},"end":{"line":28,"column":null}},"type":"default-arg","locations":[{"start":{"line":28,"column":22},"end":{"line":28,"column":null}}]},"5":{"loc":{"start":{"line":36,"column":4},"end":{"line":41,"column":5}},"type":"default-arg","locations":[{"start":{"line":36,"column":45},"end":{"line":41,"column":5}}]},"6":{"loc":{"start":{"line":53,"column":17},"end":{"line":53,"column":null}},"type":"binary-expr","locations":[{"start":{"line":53,"column":17},"end":{"line":53,"column":79}},{"start":{"line":53,"column":79},"end":{"line":53,"column":null}}]},"7":{"loc":{"start":{"line":63,"column":4},"end":{"line":65,"column":null}},"type":"if","locations":[{"start":{"line":63,"column":4},"end":{"line":65,"column":null}},{"start":{},"end":{}}]},"8":{"loc":{"start":{"line":103,"column":4},"end":{"line":103,"column":25}},"type":"default-arg","locations":[{"start":{"line":103,"column":21},"end":{"line":103,"column":25}}]},"9":{"loc":{"start":{"line":104,"column":4},"end":{"line":104,"column":40}},"type":"default-arg","locations":[{"start":{"line":104,"column":35},"end":{"line":104,"column":40}}]},"10":{"loc":{"start":{"line":130,"column":4},"end":{"line":130,"column":24}},"type":"default-arg","locations":[{"start":{"line":130,"column":21},"end":{"line":130,"column":24}}]},"11":{"loc":{"start":{"line":131,"column":4},"end":{"line":131,"column":39}},"type":"default-arg","locations":[{"start":{"line":131,"column":35},"end":{"line":131,"column":39}}]},"12":{"loc":{"start":{"line":146,"column":4},"end":{"line":148,"column":null}},"type":"if","locations":[{"start":{"line":146,"column":4},"end":{"line":148,"column":null}},{"start":{},"end":{}}]},"13":{"loc":{"start":{"line":154,"column":4},"end":{"line":156,"column":null}},"type":"if","locations":[{"start":{"line":154,"column":4},"end":{"line":156,"column":null}},{"start":{},"end":{}}]},"14":{"loc":{"start":{"line":173,"column":4},"end":{"line":173,"column":null}},"type":"if","locations":[{"start":{"line":173,"column":4},"end":{"line":173,"column":null}},{"start":{},"end":{}}]},"15":{"loc":{"start":{"line":173,"column":8},"end":{"line":173,"column":40}},"type":"binary-expr","locations":[{"start":{"line":173,"column":8},"end":{"line":173,"column":19}},{"start":{"line":173,"column":19},"end":{"line":173,"column":40}}]},"16":{"loc":{"start":{"line":184,"column":4},"end":{"line":184,"column":null}},"type":"if","locations":[{"start":{"line":184,"column":4},"end":{"line":184,"column":null}},{"start":{},"end":{}}]},"17":{"loc":{"start":{"line":187,"column":4},"end":{"line":193,"column":null}},"type":"if","locations":[{"start":{"line":187,"column":4},"end":{"line":193,"column":null}},{"start":{},"end":{}}]},"18":{"loc":{"start":{"line":218,"column":4},"end":{"line":218,"column":null}},"type":"if","locations":[{"start":{"line":218,"column":4},"end":{"line":218,"column":null}},{"start":{},"end":{}}]},"19":{"loc":{"start":{"line":250,"column":4},"end":{"line":250,"column":null}},"type":"if","locations":[{"start":{"line":250,"column":4},"end":{"line":250,"column":null}},{"start":{},"end":{}}]},"20":{"loc":{"start":{"line":255,"column":8},"end":{"line":260,"column":null}},"type":"if","locations":[{"start":{"line":255,"column":8},"end":{"line":260,"column":null}},{"start":{},"end":{}}]},"21":{"loc":{"start":{"line":268,"column":4},"end":{"line":268,"column":null}},"type":"if","locations":[{"start":{"line":268,"column":4},"end":{"line":268,"column":null}},{"start":{},"end":{}}]},"22":{"loc":{"start":{"line":290,"column":42},"end":{"line":290,"column":60}},"type":"default-arg","locations":[{"start":{"line":290,"column":58},"end":{"line":290,"column":60}}]},"23":{"loc":{"start":{"line":324,"column":19},"end":{"line":324,"column":null}},"type":"binary-expr","locations":[{"start":{"line":324,"column":19},"end":{"line":324,"column":50}},{"start":{"line":324,"column":54},"end":{"line":324,"column":null}}]},"24":{"loc":{"start":{"line":332,"column":4},"end":{"line":332,"column":24}},"type":"default-arg","locations":[{"start":{"line":332,"column":22},"end":{"line":332,"column":24}}]},"25":{"loc":{"start":{"line":335,"column":4},"end":{"line":335,"column":null}},"type":"if","locations":[{"start":{"line":335,"column":4},"end":{"line":335,"column":null}},{"start":{},"end":{}}]},"26":{"loc":{"start":{"line":336,"column":4},"end":{"line":336,"column":null}},"type":"if","locations":[{"start":{"line":336,"column":4},"end":{"line":336,"column":null}},{"start":{},"end":{}}]},"27":{"loc":{"start":{"line":344,"column":4},"end":{"line":346,"column":null}},"type":"if","locations":[{"start":{"line":344,"column":4},"end":{"line":346,"column":null}},{"start":{},"end":{}}]},"28":{"loc":{"start":{"line":344,"column":8},"end":{"line":344,"column":88}},"type":"binary-expr","locations":[{"start":{"line":344,"column":8},"end":{"line":344,"column":41}},{"start":{"line":344,"column":41},"end":{"line":344,"column":88}}]},"29":{"loc":{"start":{"line":367,"column":6},"end":{"line":369,"column":null}},"type":"if","locations":[{"start":{"line":367,"column":6},"end":{"line":369,"column":null}},{"start":{},"end":{}}]},"30":{"loc":{"start":{"line":372,"column":6},"end":{"line":374,"column":null}},"type":"if","locations":[{"start":{"line":372,"column":6},"end":{"line":374,"column":null}},{"start":{},"end":{}}]},"31":{"loc":{"start":{"line":395,"column":6},"end":{"line":399,"column":null}},"type":"if","locations":[{"start":{"line":395,"column":6},"end":{"line":399,"column":null}},{"start":{},"end":{}}]},"32":{"loc":{"start":{"line":405,"column":0},"end":{"line":422,"column":null}},"type":"if","locations":[{"start":{"line":405,"column":0},"end":{"line":422,"column":null}},{"start":{},"end":{}}]}},"s":{"0":0,"1":0,"2":0,"3":0,"4":0,"5":0,"6":0,"7":0,"8":0,"9":0,"10":0,"11":0,"12":0,"13":0,"14":0,"15":0,"16":0,"17":0,"18":0,"19":0,"20":0,"21":0,"22":0,"23":0,"24":0,"25":0,"26":0,"27":0,"28":0,"29":0,"30":0,"31":0,"32":0,"33":0,"34":0,"35":0,"36":0,"37":0,"38":0,"39":0,"40":0,"41":0,"42":0,"43":0,"44":0,"45":0,"46":0,"47":0,"48":0,"49":0,"50":0,"51":0,"52":0,"53":0,"54":0,"55":0,"56":0,"57":0,"58":0,"59":0,"60":0,"61":0,"62":0,"63":0,"64":0,"65":0,"66":0,"67":0,"68":0,"69":0,"70":0,"71":0,"72":0,"73":0,"74":0,"75":0,"76":0,"77":0,"78":0,"79":0,"80":0,"81":0,"82":0,"83":0,"84":0,"85":0,"86":0,"87":0,"88":0,"89":0,"90":0,"91":0,"92":0,"93":0,"94":0,"95":0,"96":0,"97":0,"98":0,"99":0,"100":0,"101":0,"102":0,"103":0,"104":0,"105":0,"106":0,"107":0,"108":0,"109":0,"110":0,"111":0,"112":0,"113":0,"114":0,"115":0,"116":0,"117":0,"118":0,"119":0,"120":0,"121":0,"122":0,"123":0,"124":0,"125":0,"126":0,"127":0,"128":0,"129":0,"130":0,"131":0,"132":0,"133":0,"134":0,"135":0,"136":0,"137":0,"138":0,"139":0,"140":0},"f":{"0":0,"1":0,"2":0,"3":0,"4":0,"5":0,"6":0,"7":0,"8":0,"9":0,"10":0,"11":0,"12":0,"13":0,"14":0,"15":0,"16":0,"17":0,"18":0,"19":0,"20":0,"21":0,"22":0,"23":0,"24":0,"25":0,"26":0,"27":0,"28":0,"29":0,"30":0,"31":0,"32":0,"33":0,"34":0,"35":0,"36":0,"37":0,"38":0,"39":0,"40":0,"41":0,"42":0,"43":0,"44":0,"45":0,"46":0},"b":{"0":[0],"1":[0,0],"2":[0,0],"3":[0,0],"4":[0],"5":[0],"6":[0,0],"7":[0,0],"8":[0],"9":[0],"10":[0],"11":[0],"12":[0,0],"13":[0,0],"14":[0,0],"15":[0,0],"16":[0,0],"17":[0,0],"18":[0,0],"19":[0,0],"20":[0,0],"21":[0,0],"22":[0],"23":[0,0],"24":[0],"25":[0,0],"26":[0,0],"27":[0,0],"28":[0,0],"29":[0,0],"30":[0,0],"31":[0,0],"32":[0,0]}}
,"/Users/raoc/Documents/GitHub/Eventraise/lib/sendgrid.ts": {"path":"/Users/raoc/Documents/GitHub/Eventraise/lib/sendgrid.ts","statementMap":{"0":{"start":{"line":30,"column":13},"end":{"line":30,"column":null}},"1":{"start":{"line":1,"column":19},"end":{"line":1,"column":null}},"2":{"start":{"line":4,"column":0},"end":{"line":6,"column":null}},"3":{"start":{"line":5,"column":2},"end":{"line":5,"column":null}},"4":{"start":{"line":32,"column":4},"end":{"line":32,"column":null}},"5":{"start":{"line":36,"column":4},"end":{"line":39,"column":null}},"6":{"start":{"line":37,"column":6},"end":{"line":37,"column":null}},"7":{"start":{"line":38,"column":6},"end":{"line":38,"column":null}},"8":{"start":{"line":41,"column":4},"end":{"line":71,"column":null}},"9":{"start":{"line":42,"column":18},"end":{"line":63,"column":null}},"10":{"start":{"line":65,"column":6},"end":{"line":65,"column":null}},"11":{"start":{"line":66,"column":6},"end":{"line":66,"column":null}},"12":{"start":{"line":67,"column":6},"end":{"line":67,"column":null}},"13":{"start":{"line":69,"column":6},"end":{"line":69,"column":null}},"14":{"start":{"line":70,"column":6},"end":{"line":70,"column":null}},"15":{"start":{"line":75,"column":4},"end":{"line":78,"column":null}},"16":{"start":{"line":76,"column":6},"end":{"line":76,"column":null}},"17":{"start":{"line":77,"column":6},"end":{"line":77,"column":null}},"18":{"start":{"line":80,"column":4},"end":{"line":106,"column":null}},"19":{"start":{"line":81,"column":18},"end":{"line":98,"column":null}},"20":{"start":{"line":100,"column":6},"end":{"line":100,"column":null}},"21":{"start":{"line":101,"column":6},"end":{"line":101,"column":null}},"22":{"start":{"line":102,"column":6},"end":{"line":102,"column":null}},"23":{"start":{"line":104,"column":6},"end":{"line":104,"column":null}},"24":{"start":{"line":105,"column":6},"end":{"line":105,"column":null}},"25":{"start":{"line":110,"column":4},"end":{"line":158,"column":null}},"26":{"start":{"line":162,"column":4},"end":{"line":203,"column":null}}},"fnMap":{"0":{"name":"(anonymous_2)","decl":{"start":{"line":31,"column":2},"end":{"line":31,"column":17}},"loc":{"start":{"line":31,"column":41},"end":{"line":33,"column":null}}},"1":{"name":"(anonymous_3)","decl":{"start":{"line":35,"column":2},"end":{"line":35,"column":15}},"loc":{"start":{"line":35,"column":80},"end":{"line":72,"column":null}}},"2":{"name":"(anonymous_4)","decl":{"start":{"line":74,"column":2},"end":{"line":74,"column":15}},"loc":{"start":{"line":74,"column":90},"end":{"line":107,"column":null}}},"3":{"name":"(anonymous_5)","decl":{"start":{"line":109,"column":2},"end":{"line":109,"column":17}},"loc":{"start":{"line":109,"column":72},"end":{"line":159,"column":null}}},"4":{"name":"(anonymous_6)","decl":{"start":{"line":161,"column":2},"end":{"line":161,"column":17}},"loc":{"start":{"line":161,"column":82},"end":{"line":204,"column":null}}}},"branchMap":{"0":{"loc":{"start":{"line":4,"column":0},"end":{"line":6,"column":null}},"type":"if","locations":[{"start":{"line":4,"column":0},"end":{"line":6,"column":null}},{"start":{},"end":{}}]},"1":{"loc":{"start":{"line":36,"column":4},"end":{"line":39,"column":null}},"type":"if","locations":[{"start":{"line":36,"column":4},"end":{"line":39,"column":null}},{"start":{},"end":{}}]},"2":{"loc":{"start":{"line":45,"column":17},"end":{"line":45,"column":null}},"type":"binary-expr","locations":[{"start":{"line":45,"column":17},"end":{"line":45,"column":48}},{"start":{"line":45,"column":52},"end":{"line":45,"column":null}}]},"3":{"loc":{"start":{"line":75,"column":4},"end":{"line":78,"column":null}},"type":"if","locations":[{"start":{"line":75,"column":4},"end":{"line":78,"column":null}},{"start":{},"end":{}}]},"4":{"loc":{"start":{"line":84,"column":17},"end":{"line":84,"column":null}},"type":"binary-expr","locations":[{"start":{"line":84,"column":17},"end":{"line":84,"column":48}},{"start":{"line":84,"column":52},"end":{"line":84,"column":null}}]},"5":{"loc":{"start":{"line":140,"column":16},"end":{"line":140,"column":88}},"type":"cond-expr","locations":[{"start":{"line":140,"column":37},"end":{"line":140,"column":85}},{"start":{"line":140,"column":85},"end":{"line":140,"column":88}}]},"6":{"loc":{"start":{"line":142,"column":14},"end":{"line":149,"column":19}},"type":"cond-expr","locations":[{"start":{"line":142,"column":38},"end":{"line":149,"column":13}},{"start":{"line":149,"column":16},"end":{"line":149,"column":19}}]},"7":{"loc":{"start":{"line":146,"column":18},"end":{"line":146,"column":87}},"type":"cond-expr","locations":[{"start":{"line":146,"column":45},"end":{"line":146,"column":81}},{"start":{"line":146,"column":84},"end":{"line":146,"column":87}}]},"8":{"loc":{"start":{"line":147,"column":18},"end":{"line":147,"column":101}},"type":"cond-expr","locations":[{"start":{"line":147,"column":41},"end":{"line":147,"column":95}},{"start":{"line":147,"column":98},"end":{"line":147,"column":101}}]}},"s":{"0":0,"1":0,"2":0,"3":0,"4":0,"5":0,"6":0,"7":0,"8":0,"9":0,"10":0,"11":0,"12":0,"13":0,"14":0,"15":0,"16":0,"17":0,"18":0,"19":0,"20":0,"21":0,"22":0,"23":0,"24":0,"25":0,"26":0},"f":{"0":0,"1":0,"2":0,"3":0,"4":0},"b":{"0":[0,0],"1":[0,0],"2":[0,0],"3":[0,0],"4":[0,0],"5":[0,0],"6":[0,0],"7":[0,0],"8":[0,0]}}
,"/Users/raoc/Documents/GitHub/Eventraise/lib/stripe.ts": {"path":"/Users/raoc/Documents/GitHub/Eventraise/lib/stripe.ts","statementMap":{"0":{"start":{"line":7,"column":13},"end":{"line":7,"column":25}},"1":{"start":{"line":3,"column":13},"end":{"line":3,"column":22}},"2":{"start":{"line":1,"column":19},"end":{"line":1,"column":null}},"3":{"start":{"line":3,"column":22},"end":{"line":5,"column":null}},"4":{"start":{"line":7,"column":25},"end":{"line":14,"column":null}},"5":{"start":{"line":8,"column":2},"end":{"line":12,"column":null}},"6":{"start":{"line":9,"column":4},"end":{"line":10,"column":null}},"7":{"start":{"line":9,"column":11},"end":{"line":9,"column":39}},"8":{"start":{"line":10,"column":6},"end":{"line":10,"column":null}},"9":{"start":{"line":13,"column":2},"end":{"line":13,"column":null}}},"fnMap":{"0":{"name":"(anonymous_7)","decl":{"start":{"line":7,"column":25},"end":{"line":7,"column":null}},"loc":{"start":{"line":7,"column":25},"end":{"line":14,"column":null}}},"1":{"name":"(anonymous_8)","decl":{"start":{"line":9,"column":11},"end":{"line":9,"column":18}},"loc":{"start":{"line":9,"column":11},"end":{"line":9,"column":39}}},"2":{"name":"(anonymous_9)","decl":{"start":{"line":9,"column":44},"end":{"line":9,"column":45}},"loc":{"start":{"line":10,"column":6},"end":{"line":10,"column":null}}}},"branchMap":{"0":{"loc":{"start":{"line":8,"column":2},"end":{"line":12,"column":null}},"type":"if","locations":[{"start":{"line":8,"column":2},"end":{"line":12,"column":null}},{"start":{},"end":{}}]}},"s":{"0":0,"1":0,"2":0,"3":0,"4":0,"5":0,"6":0,"7":0,"8":0,"9":0},"f":{"0":0,"1":0,"2":0},"b":{"0":[0,0]}}
,"/Users/raoc/Documents/GitHub/Eventraise/lib/supabase.ts": {"path":"/Users/raoc/Documents/GitHub/Eventraise/lib/supabase.ts","statementMap":{"0":{"start":{"line":7,"column":13},"end":{"line":7,"column":24}},"1":{"start":{"line":11,"column":13},"end":{"line":11,"column":29}},"2":{"start":{"line":1,"column":29},"end":{"line":1,"column":null}},"3":{"start":{"line":3,"column":20},"end":{"line":3,"column":null}},"4":{"start":{"line":4,"column":24},"end":{"line":4,"column":null}},"5":{"start":{"line":7,"column":24},"end":{"line":9,"column":null}},"6":{"start":{"line":11,"column":29},"end":{"line":22,"column":null}}},"fnMap":{},"branchMap":{"0":{"loc":{"start":{"line":3,"column":20},"end":{"line":3,"column":null}},"type":"binary-expr","locations":[{"start":{"line":3,"column":20},"end":{"line":3,"column":56}},{"start":{"line":3,"column":60},"end":{"line":3,"column":null}}]},"1":{"loc":{"start":{"line":4,"column":24},"end":{"line":4,"column":null}},"type":"binary-expr","locations":[{"start":{"line":4,"column":24},"end":{"line":4,"column":65}},{"start":{"line":4,"column":69},"end":{"line":4,"column":null}}]},"2":{"loc":{"start":{"line":7,"column":24},"end":{"line":9,"column":null}},"type":"cond-expr","locations":[{"start":{"line":8,"column":4},"end":{"line":8,"column":null}},{"start":{"line":9,"column":4},"end":{"line":9,"column":null}}]},"3":{"loc":{"start":{"line":7,"column":24},"end":{"line":7,"column":null}},"type":"binary-expr","locations":[{"start":{"line":7,"column":24},"end":{"line":7,"column":39}},{"start":{"line":7,"column":39},"end":{"line":7,"column":null}}]},"4":{"loc":{"start":{"line":11,"column":29},"end":{"line":22,"column":null}},"type":"cond-expr","locations":[{"start":{"line":12,"column":4},"end":{"line":20,"column":null}},{"start":{"line":22,"column":4},"end":{"line":22,"column":null}}]},"5":{"loc":{"start":{"line":11,"column":29},"end":{"line":11,"column":81}},"type":"binary-expr","locations":[{"start":{"line":11,"column":29},"end":{"line":11,"column":44}},{"start":{"line":11,"column":44},"end":{"line":11,"column":81}}]}},"s":{"0":0,"1":0,"2":0,"3":0,"4":0,"5":0,"6":0},"f":{},"b":{"0":[0,0],"1":[0,0],"2":[0,0],"3":[0,0],"4":[0,0],"5":[0,0]}}
,"/Users/raoc/Documents/GitHub/Eventraise/lib/utils.ts": {"path":"/Users/raoc/Documents/GitHub/Eventraise/lib/utils.ts","statementMap":{"0":{"start":{"line":4,"column":16},"end":{"line":4,"column":19}},"1":{"start":{"line":1,"column":38},"end":{"line":1,"column":null}},"2":{"start":{"line":2,"column":24},"end":{"line":2,"column":null}},"3":{"start":{"line":5,"column":2},"end":{"line":5,"column":null}}},"fnMap":{"0":{"name":"cn","decl":{"start":{"line":4,"column":16},"end":{"line":4,"column":19}},"loc":{"start":{"line":4,"column":42},"end":{"line":6,"column":null}}}},"branchMap":{},"s":{"0":5258,"1":6,"2":6,"3":5258},"f":{"0":5258},"b":{}}
}
