{"/Users/raoc/Documents/GitHub/Eventraise/app/analytics-provider.tsx": {"path":"/Users/raoc/Documents/GitHub/Eventraise/app/analytics-provider.tsx","statementMap":{"0":{"start":{"line":7,"column":16},"end":{"line":7,"column":34}},"1":{"start":{"line":3,"column":26},"end":{"line":3,"column":null}},"2":{"start":{"line":4,"column":28},"end":{"line":4,"column":null}},"3":{"start":{"line":5,"column":45},"end":{"line":5,"column":null}},"4":{"start":{"line":8,"column":19},"end":{"line":8,"column":null}},"5":{"start":{"line":10,"column":2},"end":{"line":13,"column":null}},"6":{"start":{"line":12,"column":4},"end":{"line":12,"column":null}},"7":{"start":{"line":15,"column":2},"end":{"line":20,"column":null}},"8":{"start":{"line":17,"column":4},"end":{"line":19,"column":null}},"9":{"start":{"line":18,"column":6},"end":{"line":18,"column":null}}},"fnMap":{"0":{"name":"AnalyticsProvider","decl":{"start":{"line":7,"column":16},"end":{"line":7,"column":34}},"loc":{"start":{"line":7,"column":77},"end":{"line":23,"column":null}}},"1":{"name":"(anonymous_2)","decl":{"start":{"line":10,"column":12},"end":{"line":10,"column":null}},"loc":{"start":{"line":10,"column":12},"end":{"line":13,"column":5}}},"2":{"name":"(anonymous_3)","decl":{"start":{"line":15,"column":12},"end":{"line":15,"column":null}},"loc":{"start":{"line":15,"column":12},"end":{"line":20,"column":5}}}},"branchMap":{"0":{"loc":{"start":{"line":17,"column":4},"end":{"line":19,"column":null}},"type":"if","locations":[{"start":{"line":17,"column":4},"end":{"line":19,"column":null}},{"start":{},"end":{}}]}},"s":{"0":0,"1":0,"2":0,"3":0,"4":0,"5":0,"6":0,"7":0,"8":0,"9":0},"f":{"0":0,"1":0,"2":0},"b":{"0":[0,0]}}
,"/Users/raoc/Documents/GitHub/Eventraise/app/global-error.tsx": {"path":"/Users/raoc/Documents/GitHub/Eventraise/app/global-error.tsx","statementMap":{"0":{"start":{"line":6,"column":24},"end":{"line":6,"column":36}},"1":{"start":{"line":3,"column":24},"end":{"line":3,"column":null}},"2":{"start":{"line":4,"column":26},"end":{"line":4,"column":null}},"3":{"start":{"line":13,"column":2},"end":{"line":15,"column":null}},"4":{"start":{"line":14,"column":4},"end":{"line":14,"column":null}}},"fnMap":{"0":{"name":"GlobalError","decl":{"start":{"line":6,"column":24},"end":{"line":6,"column":36}},"loc":{"start":{"line":12,"column":1},"end":{"line":41,"column":null}}},"1":{"name":"(anonymous_5)","decl":{"start":{"line":13,"column":12},"end":{"line":13,"column":null}},"loc":{"start":{"line":13,"column":12},"end":{"line":15,"column":5}}}},"branchMap":{},"s":{"0":0,"1":0,"2":0,"3":0,"4":0},"f":{"0":0,"1":0},"b":{}}
,"/Users/raoc/Documents/GitHub/Eventraise/app/layout.tsx": {"path":"/Users/raoc/Documents/GitHub/Eventraise/app/layout.tsx","statementMap":{"0":{"start":{"line":14,"column":24},"end":{"line":14,"column":35}},"1":{"start":{"line":9,"column":13},"end":{"line":9,"column":21}},"2":{"start":{"line":2,"column":22},"end":{"line":2,"column":null}},"3":{"start":{"line":3,"column":7},"end":{"line":3,"column":null}},"4":{"start":{"line":4,"column":26},"end":{"line":4,"column":null}},"5":{"start":{"line":5,"column":34},"end":{"line":5,"column":null}},"6":{"start":{"line":7,"column":14},"end":{"line":7,"column":null}},"7":{"start":{"line":9,"column":34},"end":{"line":12,"column":null}}},"fnMap":{"0":{"name":"RootLayout","decl":{"start":{"line":14,"column":24},"end":{"line":14,"column":35}},"loc":{"start":{"line":18,"column":1},"end":{"line":30,"column":1}}}},"branchMap":{},"s":{"0":0,"1":0,"2":0,"3":0,"4":0,"5":0,"6":0,"7":0},"f":{"0":0},"b":{}}
,"/Users/raoc/Documents/GitHub/Eventraise/app/page.tsx": {"path":"/Users/raoc/Documents/GitHub/Eventraise/app/page.tsx","statementMap":{"0":{"start":{"line":24,"column":24},"end":{"line":24,"column":null}},"1":{"start":{"line":1,"column":18},"end":{"line":1,"column":null}},"2":{"start":{"line":2,"column":17},"end":{"line":2,"column":null}},"3":{"start":{"line":3,"column":23},"end":{"line":3,"column":null}},"4":{"start":{"line":4,"column":74},"end":{"line":4,"column":null}},"5":{"start":{"line":22,"column":7},"end":{"line":22,"column":null}}},"fnMap":{"0":{"name":"HomePage","decl":{"start":{"line":24,"column":24},"end":{"line":24,"column":null}},"loc":{"start":{"line":24,"column":24},"end":{"line":387,"column":null}}}},"branchMap":{},"s":{"0":0,"1":0,"2":0,"3":0,"4":0,"5":0},"f":{"0":0},"b":{}}
,"/Users/raoc/Documents/GitHub/Eventraise/app/providers.tsx": {"path":"/Users/raoc/Documents/GitHub/Eventraise/app/providers.tsx","statementMap":{"0":{"start":{"line":28,"column":16},"end":{"line":28,"column":25}},"1":{"start":{"line":20,"column":13},"end":{"line":20,"column":20}},"2":{"start":{"line":3,"column":63},"end":{"line":3,"column":null}},"3":{"start":{"line":4,"column":29},"end":{"line":4,"column":null}},"4":{"start":{"line":6,"column":24},"end":{"line":6,"column":null}},"5":{"start":{"line":14,"column":20},"end":{"line":18,"column":null}},"6":{"start":{"line":20,"column":23},"end":{"line":26,"column":null}},"7":{"start":{"line":21,"column":18},"end":{"line":21,"column":null}},"8":{"start":{"line":22,"column":2},"end":{"line":24,"column":null}},"9":{"start":{"line":23,"column":4},"end":{"line":23,"column":null}},"10":{"start":{"line":25,"column":2},"end":{"line":25,"column":null}},"11":{"start":{"line":29,"column":26},"end":{"line":29,"column":null}},"12":{"start":{"line":30,"column":32},"end":{"line":30,"column":null}},"13":{"start":{"line":31,"column":34},"end":{"line":31,"column":null}},"14":{"start":{"line":33,"column":2},"end":{"line":53,"column":null}},"15":{"start":{"line":35,"column":4},"end":{"line":52,"column":null}},"16":{"start":{"line":36,"column":6},"end":{"line":51,"column":null}},"17":{"start":{"line":37,"column":28},"end":{"line":37,"column":64}},"18":{"start":{"line":38,"column":32},"end":{"line":38,"column":73}},"19":{"start":{"line":40,"column":8},"end":{"line":44,"column":null}},"20":{"start":{"line":41,"column":10},"end":{"line":41,"column":null}},"21":{"start":{"line":42,"column":10},"end":{"line":42,"column":null}},"22":{"start":{"line":43,"column":10},"end":{"line":43,"column":null}},"23":{"start":{"line":46,"column":23},"end":{"line":46,"column":null}},"24":{"start":{"line":47,"column":8},"end":{"line":47,"column":null}},"25":{"start":{"line":49,"column":8},"end":{"line":49,"column":null}},"26":{"start":{"line":50,"column":8},"end":{"line":50,"column":null}},"27":{"start":{"line":55,"column":2},"end":{"line":79,"column":null}},"28":{"start":{"line":56,"column":4},"end":{"line":56,"column":null}},"29":{"start":{"line":56,"column":19},"end":{"line":56,"column":null}},"30":{"start":{"line":58,"column":20},"end":{"line":67,"column":null}},"31":{"start":{"line":59,"column":6},"end":{"line":66,"column":null}},"32":{"start":{"line":60,"column":35},"end":{"line":60,"column":null}},"33":{"start":{"line":61,"column":8},"end":{"line":61,"column":null}},"34":{"start":{"line":62,"column":8},"end":{"line":62,"column":null}},"35":{"start":{"line":64,"column":8},"end":{"line":64,"column":null}},"36":{"start":{"line":65,"column":8},"end":{"line":65,"column":null}},"37":{"start":{"line":69,"column":4},"end":{"line":69,"column":null}},"38":{"start":{"line":71,"column":39},"end":{"line":75,"column":null}},"39":{"start":{"line":73,"column":8},"end":{"line":73,"column":null}},"40":{"start":{"line":74,"column":8},"end":{"line":74,"column":null}},"41":{"start":{"line":78,"column":4},"end":{"line":78,"column":null}},"42":{"start":{"line":78,"column":17},"end":{"line":78,"column":null}},"43":{"start":{"line":81,"column":18},"end":{"line":85,"column":null}},"44":{"start":{"line":82,"column":4},"end":{"line":84,"column":null}},"45":{"start":{"line":83,"column":6},"end":{"line":83,"column":null}}},"fnMap":{"0":{"name":"(anonymous_3)","decl":{"start":{"line":17,"column":11},"end":{"line":17,"column":24}},"loc":{"start":{"line":17,"column":11},"end":{"line":17,"column":null}}},"1":{"name":"(anonymous_4)","decl":{"start":{"line":20,"column":23},"end":{"line":20,"column":null}},"loc":{"start":{"line":20,"column":23},"end":{"line":26,"column":null}}},"2":{"name":"Providers","decl":{"start":{"line":28,"column":16},"end":{"line":28,"column":25}},"loc":{"start":{"line":28,"column":69},"end":{"line":93,"column":null}}},"3":{"name":"(anonymous_6)","decl":{"start":{"line":33,"column":12},"end":{"line":33,"column":null}},"loc":{"start":{"line":33,"column":12},"end":{"line":53,"column":5}}},"4":{"name":"(anonymous_7)","decl":{"start":{"line":55,"column":12},"end":{"line":55,"column":null}},"loc":{"start":{"line":55,"column":12},"end":{"line":79,"column":5}}},"5":{"name":"(anonymous_8)","decl":{"start":{"line":58,"column":20},"end":{"line":58,"column":null}},"loc":{"start":{"line":58,"column":20},"end":{"line":67,"column":null}}},"6":{"name":"(anonymous_9)","decl":{"start":{"line":72,"column":6},"end":{"line":72,"column":13}},"loc":{"start":{"line":72,"column":25},"end":{"line":75,"column":null}}},"7":{"name":"(anonymous_10)","decl":{"start":{"line":78,"column":11},"end":{"line":78,"column":17}},"loc":{"start":{"line":78,"column":17},"end":{"line":78,"column":null}}},"8":{"name":"(anonymous_11)","decl":{"start":{"line":81,"column":18},"end":{"line":81,"column":null}},"loc":{"start":{"line":81,"column":18},"end":{"line":85,"column":null}}}},"branchMap":{"0":{"loc":{"start":{"line":22,"column":2},"end":{"line":24,"column":null}},"type":"if","locations":[{"start":{"line":22,"column":2},"end":{"line":24,"column":null}},{"start":{},"end":{}}]},"1":{"loc":{"start":{"line":35,"column":4},"end":{"line":52,"column":null}},"type":"if","locations":[{"start":{"line":35,"column":4},"end":{"line":52,"column":null}},{"start":{},"end":{}}]},"2":{"loc":{"start":{"line":40,"column":8},"end":{"line":44,"column":null}},"type":"if","locations":[{"start":{"line":40,"column":8},"end":{"line":44,"column":null}},{"start":{},"end":{}}]},"3":{"loc":{"start":{"line":40,"column":12},"end":{"line":40,"column":46}},"type":"binary-expr","locations":[{"start":{"line":40,"column":12},"end":{"line":40,"column":28}},{"start":{"line":40,"column":28},"end":{"line":40,"column":46}}]},"4":{"loc":{"start":{"line":56,"column":4},"end":{"line":56,"column":null}},"type":"if","locations":[{"start":{"line":56,"column":4},"end":{"line":56,"column":null}},{"start":{},"end":{}}]},"5":{"loc":{"start":{"line":73,"column":16},"end":{"line":73,"column":null}},"type":"binary-expr","locations":[{"start":{"line":73,"column":16},"end":{"line":73,"column":33}},{"start":{"line":73,"column":33},"end":{"line":73,"column":null}}]},"6":{"loc":{"start":{"line":82,"column":4},"end":{"line":84,"column":null}},"type":"if","locations":[{"start":{"line":82,"column":4},"end":{"line":84,"column":null}},{"start":{},"end":{}}]}},"s":{"0":0,"1":0,"2":0,"3":0,"4":0,"5":0,"6":0,"7":0,"8":0,"9":0,"10":0,"11":0,"12":0,"13":0,"14":0,"15":0,"16":0,"17":0,"18":0,"19":0,"20":0,"21":0,"22":0,"23":0,"24":0,"25":0,"26":0,"27":0,"28":0,"29":0,"30":0,"31":0,"32":0,"33":0,"34":0,"35":0,"36":0,"37":0,"38":0,"39":0,"40":0,"41":0,"42":0,"43":0,"44":0,"45":0},"f":{"0":0,"1":0,"2":0,"3":0,"4":0,"5":0,"6":0,"7":0,"8":0},"b":{"0":[0,0],"1":[0,0],"2":[0,0],"3":[0,0],"4":[0,0],"5":[0,0],"6":[0,0]}}
,"/Users/raoc/Documents/GitHub/Eventraise/app/admin/reports/page.tsx": {"path":"/Users/raoc/Documents/GitHub/Eventraise/app/admin/reports/page.tsx","statementMap":{"0":{"start":{"line":6,"column":24},"end":{"line":6,"column":null}},"1":{"start":{"line":3,"column":27},"end":{"line":3,"column":null}},"2":{"start":{"line":4,"column":35},"end":{"line":4,"column":null}}},"fnMap":{"0":{"name":"ReportsPage","decl":{"start":{"line":6,"column":24},"end":{"line":6,"column":null}},"loc":{"start":{"line":6,"column":24},"end":{"line":20,"column":null}}}},"branchMap":{},"s":{"0":0,"1":0,"2":0},"f":{"0":0},"b":{}}
,"/Users/raoc/Documents/GitHub/Eventraise/app/api/admin/export-donors/route.ts": {"path":"/Users/raoc/Documents/GitHub/Eventraise/app/api/admin/export-donors/route.ts","statementMap":{"0":{"start":{"line":9,"column":22},"end":{"line":9,"column":25}},"1":{"start":{"line":6,"column":13},"end":{"line":6,"column":20}},"2":{"start":{"line":2,"column":25},"end":{"line":2,"column":null}},"3":{"start":{"line":3,"column":29},"end":{"line":3,"column":null}},"4":{"start":{"line":6,"column":23},"end":{"line":6,"column":null}},"5":{"start":{"line":10,"column":2},"end":{"line":170,"column":null}},"6":{"start":{"line":12,"column":23},"end":{"line":12,"column":null}},"7":{"start":{"line":13,"column":4},"end":{"line":18,"column":null}},"8":{"start":{"line":14,"column":6},"end":{"line":16,"column":null}},"9":{"start":{"line":20,"column":18},"end":{"line":20,"column":42}},"10":{"start":{"line":23,"column":26},"end":{"line":31,"column":null}},"11":{"start":{"line":34,"column":49},"end":{"line":34,"column":null}},"12":{"start":{"line":36,"column":4},"end":{"line":41,"column":null}},"13":{"start":{"line":37,"column":6},"end":{"line":39,"column":null}},"14":{"start":{"line":44,"column":30},"end":{"line":48,"column":null}},"15":{"start":{"line":50,"column":4},"end":{"line":55,"column":null}},"16":{"start":{"line":51,"column":6},"end":{"line":53,"column":null}},"17":{"start":{"line":58,"column":29},"end":{"line":58,"column":null}},"18":{"start":{"line":59,"column":23},"end":{"line":59,"column":null}},"19":{"start":{"line":60,"column":22},"end":{"line":60,"column":null}},"20":{"start":{"line":61,"column":20},"end":{"line":61,"column":null}},"21":{"start":{"line":62,"column":19},"end":{"line":62,"column":null}},"22":{"start":{"line":64,"column":4},"end":{"line":69,"column":null}},"23":{"start":{"line":65,"column":6},"end":{"line":67,"column":null}},"24":{"start":{"line":72,"column":16},"end":{"line":83,"column":null}},"25":{"start":{"line":86,"column":4},"end":{"line":88,"column":null}},"26":{"start":{"line":87,"column":6},"end":{"line":87,"column":null}},"27":{"start":{"line":91,"column":4},"end":{"line":93,"column":null}},"28":{"start":{"line":92,"column":6},"end":{"line":92,"column":null}},"29":{"start":{"line":94,"column":4},"end":{"line":96,"column":null}},"30":{"start":{"line":95,"column":6},"end":{"line":95,"column":null}},"31":{"start":{"line":98,"column":39},"end":{"line":98,"column":null}},"32":{"start":{"line":100,"column":4},"end":{"line":106,"column":null}},"33":{"start":{"line":101,"column":6},"end":{"line":101,"column":null}},"34":{"start":{"line":102,"column":6},"end":{"line":104,"column":null}},"35":{"start":{"line":109,"column":4},"end":{"line":115,"column":null}},"36":{"start":{"line":117,"column":4},"end":{"line":151,"column":null}},"37":{"start":{"line":119,"column":25},"end":{"line":127,"column":null}},"38":{"start":{"line":129,"column":22},"end":{"line":137,"column":14}},"39":{"start":{"line":129,"column":49},"end":{"line":137,"column":12}},"40":{"start":{"line":139,"column":25},"end":{"line":142,"column":null}},"41":{"start":{"line":141,"column":30},"end":{"line":141,"column":null}},"42":{"start":{"line":141,"column":47},"end":{"line":141,"column":59}},"43":{"start":{"line":144,"column":6},"end":{"line":150,"column":null}},"44":{"start":{"line":154,"column":4},"end":{"line":162,"column":null}},"45":{"start":{"line":165,"column":4},"end":{"line":165,"column":null}},"46":{"start":{"line":166,"column":4},"end":{"line":168,"column":null}}},"fnMap":{"0":{"name":"GET","decl":{"start":{"line":9,"column":22},"end":{"line":9,"column":25}},"loc":{"start":{"line":9,"column":46},"end":{"line":171,"column":null}}},"1":{"name":"(anonymous_5)","decl":{"start":{"line":129,"column":37},"end":{"line":129,"column":49}},"loc":{"start":{"line":129,"column":49},"end":{"line":137,"column":12}}},"2":{"name":"(anonymous_6)","decl":{"start":{"line":141,"column":23},"end":{"line":141,"column":30}},"loc":{"start":{"line":141,"column":30},"end":{"line":141,"column":null}}},"3":{"name":"(anonymous_7)","decl":{"start":{"line":141,"column":38},"end":{"line":141,"column":47}},"loc":{"start":{"line":141,"column":47},"end":{"line":141,"column":59}}}},"branchMap":{"0":{"loc":{"start":{"line":13,"column":4},"end":{"line":18,"column":null}},"type":"if","locations":[{"start":{"line":13,"column":4},"end":{"line":18,"column":null}},{"start":{},"end":{}}]},"1":{"loc":{"start":{"line":13,"column":8},"end":{"line":13,"column":58}},"type":"binary-expr","locations":[{"start":{"line":13,"column":8},"end":{"line":13,"column":23}},{"start":{"line":13,"column":23},"end":{"line":13,"column":58}}]},"2":{"loc":{"start":{"line":36,"column":4},"end":{"line":41,"column":null}},"type":"if","locations":[{"start":{"line":36,"column":4},"end":{"line":41,"column":null}},{"start":{},"end":{}}]},"3":{"loc":{"start":{"line":36,"column":8},"end":{"line":36,"column":28}},"type":"binary-expr","locations":[{"start":{"line":36,"column":8},"end":{"line":36,"column":21}},{"start":{"line":36,"column":21},"end":{"line":36,"column":28}}]},"4":{"loc":{"start":{"line":50,"column":4},"end":{"line":55,"column":null}},"type":"if","locations":[{"start":{"line":50,"column":4},"end":{"line":55,"column":null}},{"start":{},"end":{}}]},"5":{"loc":{"start":{"line":62,"column":19},"end":{"line":62,"column":null}},"type":"binary-expr","locations":[{"start":{"line":62,"column":19},"end":{"line":62,"column":49}},{"start":{"line":62,"column":49},"end":{"line":62,"column":null}}]},"6":{"loc":{"start":{"line":64,"column":4},"end":{"line":69,"column":null}},"type":"if","locations":[{"start":{"line":64,"column":4},"end":{"line":69,"column":null}},{"start":{},"end":{}}]},"7":{"loc":{"start":{"line":86,"column":4},"end":{"line":88,"column":null}},"type":"if","locations":[{"start":{"line":86,"column":4},"end":{"line":88,"column":null}},{"start":{},"end":{}}]},"8":{"loc":{"start":{"line":91,"column":4},"end":{"line":93,"column":null}},"type":"if","locations":[{"start":{"line":91,"column":4},"end":{"line":93,"column":null}},{"start":{},"end":{}}]},"9":{"loc":{"start":{"line":94,"column":4},"end":{"line":96,"column":null}},"type":"if","locations":[{"start":{"line":94,"column":4},"end":{"line":96,"column":null}},{"start":{},"end":{}}]},"10":{"loc":{"start":{"line":100,"column":4},"end":{"line":106,"column":null}},"type":"if","locations":[{"start":{"line":100,"column":4},"end":{"line":106,"column":null}},{"start":{},"end":{}}]},"11":{"loc":{"start":{"line":114,"column":19},"end":{"line":114,"column":null}},"type":"binary-expr","locations":[{"start":{"line":114,"column":19},"end":{"line":114,"column":40}},{"start":{"line":114,"column":40},"end":{"line":114,"column":null}}]},"12":{"loc":{"start":{"line":117,"column":4},"end":{"line":151,"column":null}},"type":"if","locations":[{"start":{"line":117,"column":4},"end":{"line":151,"column":null}},{"start":{},"end":{}}]},"13":{"loc":{"start":{"line":129,"column":22},"end":{"line":137,"column":14}},"type":"binary-expr","locations":[{"start":{"line":129,"column":22},"end":{"line":137,"column":12}},{"start":{"line":137,"column":12},"end":{"line":137,"column":14}}]},"14":{"loc":{"start":{"line":132,"column":8},"end":{"line":132,"column":null}},"type":"binary-expr","locations":[{"start":{"line":132,"column":8},"end":{"line":132,"column":27}},{"start":{"line":132,"column":31},"end":{"line":132,"column":null}}]},"15":{"loc":{"start":{"line":133,"column":8},"end":{"line":133,"column":null}},"type":"binary-expr","locations":[{"start":{"line":133,"column":8},"end":{"line":133,"column":28}},{"start":{"line":133,"column":32},"end":{"line":133,"column":null}}]},"16":{"loc":{"start":{"line":134,"column":9},"end":{"line":134,"column":null}},"type":"binary-expr","locations":[{"start":{"line":134,"column":9},"end":{"line":134,"column":46}},{"start":{"line":134,"column":46},"end":{"line":134,"column":null}}]},"17":{"loc":{"start":{"line":158,"column":15},"end":{"line":158,"column":null}},"type":"binary-expr","locations":[{"start":{"line":158,"column":15},"end":{"line":158,"column":36}},{"start":{"line":158,"column":36},"end":{"line":158,"column":null}}]}},"s":{"0":0,"1":0,"2":0,"3":0,"4":0,"5":0,"6":0,"7":0,"8":0,"9":0,"10":0,"11":0,"12":0,"13":0,"14":0,"15":0,"16":0,"17":0,"18":0,"19":0,"20":0,"21":0,"22":0,"23":0,"24":0,"25":0,"26":0,"27":0,"28":0,"29":0,"30":0,"31":0,"32":0,"33":0,"34":0,"35":0,"36":0,"37":0,"38":0,"39":0,"40":0,"41":0,"42":0,"43":0,"44":0,"45":0,"46":0},"f":{"0":0,"1":0,"2":0,"3":0},"b":{"0":[0,0],"1":[0,0],"2":[0,0],"3":[0,0],"4":[0,0],"5":[0,0],"6":[0,0],"7":[0,0],"8":[0,0],"9":[0,0],"10":[0,0],"11":[0,0],"12":[0,0],"13":[0,0],"14":[0,0],"15":[0,0],"16":[0,0],"17":[0,0]}}
,"/Users/raoc/Documents/GitHub/Eventraise/app/api/admin/reports/route.ts": {"path":"/Users/raoc/Documents/GitHub/Eventraise/app/api/admin/reports/route.ts","statementMap":{"0":{"start":{"line":6,"column":22},"end":{"line":6,"column":25}},"1":{"start":{"line":94,"column":22},"end":{"line":94,"column":26}},"2":{"start":{"line":2,"column":25},"end":{"line":2,"column":null}},"3":{"start":{"line":3,"column":33},"end":{"line":3,"column":null}},"4":{"start":{"line":4,"column":34},"end":{"line":4,"column":null}},"5":{"start":{"line":7,"column":2},"end":{"line":91,"column":null}},"6":{"start":{"line":8,"column":29},"end":{"line":8,"column":null}},"7":{"start":{"line":9,"column":23},"end":{"line":9,"column":null}},"8":{"start":{"line":10,"column":22},"end":{"line":10,"column":null}},"9":{"start":{"line":11,"column":20},"end":{"line":11,"column":null}},"10":{"start":{"line":12,"column":23},"end":{"line":12,"column":null}},"11":{"start":{"line":13,"column":20},"end":{"line":13,"column":null}},"12":{"start":{"line":14,"column":32},"end":{"line":14,"column":null}},"13":{"start":{"line":16,"column":4},"end":{"line":21,"column":null}},"14":{"start":{"line":17,"column":6},"end":{"line":19,"column":null}},"15":{"start":{"line":23,"column":20},"end":{"line":29,"column":null}},"16":{"start":{"line":33,"column":4},"end":{"line":57,"column":null}},"17":{"start":{"line":35,"column":8},"end":{"line":35,"column":null}},"18":{"start":{"line":36,"column":8},"end":{"line":36,"column":null}},"19":{"start":{"line":38,"column":8},"end":{"line":38,"column":null}},"20":{"start":{"line":39,"column":8},"end":{"line":39,"column":null}},"21":{"start":{"line":41,"column":8},"end":{"line":41,"column":null}},"22":{"start":{"line":42,"column":8},"end":{"line":42,"column":null}},"23":{"start":{"line":44,"column":8},"end":{"line":49,"column":null}},"24":{"start":{"line":45,"column":10},"end":{"line":47,"column":null}},"25":{"start":{"line":50,"column":8},"end":{"line":50,"column":null}},"26":{"start":{"line":51,"column":8},"end":{"line":51,"column":null}},"27":{"start":{"line":53,"column":8},"end":{"line":55,"column":null}},"28":{"start":{"line":60,"column":4},"end":{"line":65,"column":null}},"29":{"start":{"line":67,"column":4},"end":{"line":73,"column":null}},"30":{"start":{"line":76,"column":4},"end":{"line":76,"column":null}},"31":{"start":{"line":79,"column":4},"end":{"line":84,"column":null}},"32":{"start":{"line":87,"column":4},"end":{"line":89,"column":null}},"33":{"start":{"line":95,"column":2},"end":{"line":128,"column":null}},"34":{"start":{"line":96,"column":46},"end":{"line":96,"column":null}},"35":{"start":{"line":98,"column":4},"end":{"line":103,"column":null}},"36":{"start":{"line":99,"column":6},"end":{"line":101,"column":null}},"37":{"start":{"line":106,"column":26},"end":{"line":106,"column":null}},"38":{"start":{"line":109,"column":4},"end":{"line":113,"column":null}},"39":{"start":{"line":115,"column":4},"end":{"line":119,"column":null}},"40":{"start":{"line":122,"column":4},"end":{"line":122,"column":null}},"41":{"start":{"line":124,"column":4},"end":{"line":126,"column":null}},"42":{"start":{"line":132,"column":2},"end":{"line":134,"column":null}},"43":{"start":{"line":133,"column":4},"end":{"line":133,"column":null}},"44":{"start":{"line":136,"column":54},"end":{"line":136,"column":null}},"45":{"start":{"line":139,"column":19},"end":{"line":139,"column":null}},"46":{"start":{"line":140,"column":2},"end":{"line":142,"column":null}},"47":{"start":{"line":141,"column":4},"end":{"line":141,"column":null}},"48":{"start":{"line":143,"column":2},"end":{"line":145,"column":null}},"49":{"start":{"line":144,"column":4},"end":{"line":144,"column":null}},"50":{"start":{"line":148,"column":23},"end":{"line":150,"column":null}},"51":{"start":{"line":152,"column":2},"end":{"line":157,"column":null}},"52":{"start":{"line":153,"column":4},"end":{"line":153,"column":null}},"53":{"start":{"line":154,"column":4},"end":{"line":156,"column":null}},"54":{"start":{"line":155,"column":6},"end":{"line":155,"column":null}},"55":{"start":{"line":159,"column":2},"end":{"line":161,"column":null}},"56":{"start":{"line":160,"column":4},"end":{"line":160,"column":null}},"57":{"start":{"line":163,"column":53},"end":{"line":163,"column":null}},"58":{"start":{"line":165,"column":2},"end":{"line":167,"column":null}},"59":{"start":{"line":166,"column":4},"end":{"line":166,"column":null}},"60":{"start":{"line":170,"column":27},"end":{"line":172,"column":null}},"61":{"start":{"line":174,"column":2},"end":{"line":179,"column":null}},"62":{"start":{"line":175,"column":4},"end":{"line":175,"column":null}},"63":{"start":{"line":176,"column":4},"end":{"line":178,"column":null}},"64":{"start":{"line":177,"column":6},"end":{"line":177,"column":null}},"65":{"start":{"line":181,"column":2},"end":{"line":183,"column":null}},"66":{"start":{"line":182,"column":4},"end":{"line":182,"column":null}},"67":{"start":{"line":185,"column":61},"end":{"line":185,"column":null}},"68":{"start":{"line":187,"column":2},"end":{"line":189,"column":null}},"69":{"start":{"line":188,"column":4},"end":{"line":188,"column":null}},"70":{"start":{"line":192,"column":24},"end":{"line":194,"column":null}},"71":{"start":{"line":196,"column":2},"end":{"line":201,"column":null}},"72":{"start":{"line":197,"column":4},"end":{"line":197,"column":null}},"73":{"start":{"line":198,"column":4},"end":{"line":200,"column":null}},"74":{"start":{"line":199,"column":6},"end":{"line":199,"column":null}},"75":{"start":{"line":203,"column":2},"end":{"line":205,"column":null}},"76":{"start":{"line":204,"column":4},"end":{"line":204,"column":null}},"77":{"start":{"line":207,"column":55},"end":{"line":207,"column":null}},"78":{"start":{"line":209,"column":2},"end":{"line":211,"column":null}},"79":{"start":{"line":210,"column":4},"end":{"line":210,"column":null}},"80":{"start":{"line":214,"column":25},"end":{"line":214,"column":null}},"81":{"start":{"line":215,"column":30},"end":{"line":215,"column":null}},"82":{"start":{"line":215,"column":67},"end":{"line":215,"column":88}},"83":{"start":{"line":216,"column":26},"end":{"line":216,"column":null}},"84":{"start":{"line":218,"column":29},"end":{"line":218,"column":null}},"85":{"start":{"line":219,"column":34},"end":{"line":219,"column":null}},"86":{"start":{"line":219,"column":70},"end":{"line":219,"column":92}},"87":{"start":{"line":220,"column":30},"end":{"line":220,"column":null}},"88":{"start":{"line":222,"column":26},"end":{"line":222,"column":null}},"89":{"start":{"line":223,"column":30},"end":{"line":223,"column":null}},"90":{"start":{"line":223,"column":54},"end":{"line":223,"column":80}},"91":{"start":{"line":226,"column":22},"end":{"line":226,"column":null}},"92":{"start":{"line":229,"column":30},"end":{"line":229,"column":null}},"93":{"start":{"line":232,"column":27},"end":{"line":232,"column":null}},"94":{"start":{"line":234,"column":2},"end":{"line":250,"column":null}},"95":{"start":{"line":254,"column":2},"end":{"line":254,"column":null}},"96":{"start":{"line":254,"column":17},"end":{"line":254,"column":null}},"97":{"start":{"line":256,"column":14},"end":{"line":265,"column":null}},"98":{"start":{"line":267,"column":2},"end":{"line":269,"column":null}},"99":{"start":{"line":268,"column":4},"end":{"line":268,"column":null}},"100":{"start":{"line":271,"column":30},"end":{"line":271,"column":null}},"101":{"start":{"line":273,"column":2},"end":{"line":283,"column":null}},"102":{"start":{"line":273,"column":37},"end":{"line":283,"column":9}},"103":{"start":{"line":287,"column":2},"end":{"line":287,"column":null}},"104":{"start":{"line":287,"column":17},"end":{"line":287,"column":null}},"105":{"start":{"line":289,"column":14},"end":{"line":300,"column":null}},"106":{"start":{"line":302,"column":2},"end":{"line":304,"column":null}},"107":{"start":{"line":303,"column":4},"end":{"line":303,"column":null}},"108":{"start":{"line":306,"column":27},"end":{"line":306,"column":null}},"109":{"start":{"line":308,"column":2},"end":{"line":320,"column":null}},"110":{"start":{"line":308,"column":31},"end":{"line":320,"column":9}},"111":{"start":{"line":324,"column":104},"end":{"line":324,"column":null}},"112":{"start":{"line":327,"column":2},"end":{"line":334,"column":null}},"113":{"start":{"line":328,"column":18},"end":{"line":328,"column":78}},"114":{"start":{"line":329,"column":4},"end":{"line":331,"column":null}},"115":{"start":{"line":330,"column":6},"end":{"line":330,"column":null}},"116":{"start":{"line":332,"column":4},"end":{"line":332,"column":null}},"117":{"start":{"line":333,"column":4},"end":{"line":333,"column":null}},"118":{"start":{"line":337,"column":2},"end":{"line":344,"column":null}},"119":{"start":{"line":338,"column":18},"end":{"line":338,"column":89}},"120":{"start":{"line":339,"column":4},"end":{"line":341,"column":null}},"121":{"start":{"line":340,"column":6},"end":{"line":340,"column":null}},"122":{"start":{"line":342,"column":4},"end":{"line":342,"column":null}},"123":{"start":{"line":343,"column":4},"end":{"line":343,"column":null}},"124":{"start":{"line":346,"column":2},"end":{"line":351,"column":null}},"125":{"start":{"line":347,"column":29},"end":{"line":350,"column":null}},"126":{"start":{"line":351,"column":20},"end":{"line":351,"column":null}}},"fnMap":{"0":{"name":"GET","decl":{"start":{"line":6,"column":22},"end":{"line":6,"column":25}},"loc":{"start":{"line":6,"column":46},"end":{"line":92,"column":null}}},"1":{"name":"POST","decl":{"start":{"line":94,"column":22},"end":{"line":94,"column":26}},"loc":{"start":{"line":94,"column":47},"end":{"line":129,"column":null}}},"2":{"name":"generateAnalyticsData","decl":{"start":{"line":131,"column":15},"end":{"line":131,"column":37}},"loc":{"start":{"line":131,"column":54},"end":{"line":251,"column":null}}},"3":{"name":"(anonymous_7)","decl":{"start":{"line":215,"column":48},"end":{"line":215,"column":49}},"loc":{"start":{"line":215,"column":67},"end":{"line":215,"column":88}}},"4":{"name":"(anonymous_8)","decl":{"start":{"line":219,"column":56},"end":{"line":219,"column":57}},"loc":{"start":{"line":219,"column":70},"end":{"line":219,"column":92}}},"5":{"name":"(anonymous_9)","decl":{"start":{"line":223,"column":49},"end":{"line":223,"column":54}},"loc":{"start":{"line":223,"column":54},"end":{"line":223,"column":80}}},"6":{"name":"getCampaignPerformance","decl":{"start":{"line":253,"column":15},"end":{"line":253,"column":38}},"loc":{"start":{"line":253,"column":57},"end":{"line":284,"column":null}}},"7":{"name":"(anonymous_11)","decl":{"start":{"line":273,"column":24},"end":{"line":273,"column":37}},"loc":{"start":{"line":273,"column":37},"end":{"line":283,"column":9}}},"8":{"name":"getEventPerformance","decl":{"start":{"line":286,"column":15},"end":{"line":286,"column":35}},"loc":{"start":{"line":286,"column":51},"end":{"line":321,"column":null}}},"9":{"name":"(anonymous_13)","decl":{"start":{"line":308,"column":21},"end":{"line":308,"column":31}},"loc":{"start":{"line":308,"column":31},"end":{"line":320,"column":9}}},"10":{"name":"getMonthlyBreakdown","decl":{"start":{"line":323,"column":9},"end":{"line":323,"column":29}},"loc":{"start":{"line":323,"column":67},"end":{"line":352,"column":null}}},"11":{"name":"(anonymous_15)","decl":{"start":{"line":327,"column":20},"end":{"line":327,"column":null}},"loc":{"start":{"line":327,"column":20},"end":{"line":334,"column":null}}},"12":{"name":"(anonymous_16)","decl":{"start":{"line":337,"column":24},"end":{"line":337,"column":null}},"loc":{"start":{"line":337,"column":24},"end":{"line":344,"column":null}}},"13":{"name":"(anonymous_17)","decl":{"start":{"line":347,"column":9},"end":{"line":347,"column":10}},"loc":{"start":{"line":347,"column":29},"end":{"line":350,"column":null}}},"14":{"name":"(anonymous_18)","decl":{"start":{"line":351,"column":10},"end":{"line":351,"column":11}},"loc":{"start":{"line":351,"column":20},"end":{"line":351,"column":null}}}},"branchMap":{"0":{"loc":{"start":{"line":16,"column":4},"end":{"line":21,"column":null}},"type":"if","locations":[{"start":{"line":16,"column":4},"end":{"line":21,"column":null}},{"start":{},"end":{}}]},"1":{"loc":{"start":{"line":24,"column":17},"end":{"line":24,"column":null}},"type":"binary-expr","locations":[{"start":{"line":24,"column":17},"end":{"line":24,"column":30}},{"start":{"line":24,"column":30},"end":{"line":24,"column":null}}]},"2":{"loc":{"start":{"line":25,"column":15},"end":{"line":25,"column":null}},"type":"binary-expr","locations":[{"start":{"line":25,"column":15},"end":{"line":25,"column":26}},{"start":{"line":25,"column":26},"end":{"line":25,"column":null}}]},"3":{"loc":{"start":{"line":26,"column":18},"end":{"line":26,"column":null}},"type":"binary-expr","locations":[{"start":{"line":26,"column":18},"end":{"line":26,"column":32}},{"start":{"line":26,"column":32},"end":{"line":26,"column":null}}]},"4":{"loc":{"start":{"line":27,"column":15},"end":{"line":27,"column":null}},"type":"binary-expr","locations":[{"start":{"line":27,"column":15},"end":{"line":27,"column":26}},{"start":{"line":27,"column":26},"end":{"line":27,"column":null}}]},"5":{"loc":{"start":{"line":33,"column":4},"end":{"line":57,"column":null}},"type":"switch","locations":[{"start":{"line":34,"column":6},"end":{"line":36,"column":null}},{"start":{"line":37,"column":6},"end":{"line":39,"column":null}},{"start":{"line":40,"column":6},"end":{"line":42,"column":null}},{"start":{"line":43,"column":6},"end":{"line":51,"column":null}},{"start":{"line":52,"column":6},"end":{"line":55,"column":null}}]},"6":{"loc":{"start":{"line":44,"column":8},"end":{"line":49,"column":null}},"type":"if","locations":[{"start":{"line":44,"column":8},"end":{"line":49,"column":null}},{"start":{},"end":{}}]},"7":{"loc":{"start":{"line":80,"column":6},"end":{"line":80,"column":null}},"type":"cond-expr","locations":[{"start":{"line":80,"column":31},"end":{"line":80,"column":39}},{"start":{"line":80,"column":39},"end":{"line":80,"column":null}}]},"8":{"loc":{"start":{"line":98,"column":4},"end":{"line":103,"column":null}},"type":"if","locations":[{"start":{"line":98,"column":4},"end":{"line":103,"column":null}},{"start":{},"end":{}}]},"9":{"loc":{"start":{"line":131,"column":37},"end":{"line":131,"column":54}},"type":"default-arg","locations":[{"start":{"line":131,"column":52},"end":{"line":131,"column":54}}]},"10":{"loc":{"start":{"line":132,"column":2},"end":{"line":134,"column":null}},"type":"if","locations":[{"start":{"line":132,"column":2},"end":{"line":134,"column":null}},{"start":{},"end":{}}]},"11":{"loc":{"start":{"line":140,"column":2},"end":{"line":142,"column":null}},"type":"if","locations":[{"start":{"line":140,"column":2},"end":{"line":142,"column":null}},{"start":{},"end":{}}]},"12":{"loc":{"start":{"line":143,"column":2},"end":{"line":145,"column":null}},"type":"if","locations":[{"start":{"line":143,"column":2},"end":{"line":145,"column":null}},{"start":{},"end":{}}]},"13":{"loc":{"start":{"line":152,"column":2},"end":{"line":157,"column":null}},"type":"if","locations":[{"start":{"line":152,"column":2},"end":{"line":157,"column":null}},{"start":{},"end":{}}]},"14":{"loc":{"start":{"line":153,"column":64},"end":{"line":153,"column":null}},"type":"binary-expr","locations":[{"start":{"line":153,"column":64},"end":{"line":153,"column":77}},{"start":{"line":153,"column":77},"end":{"line":153,"column":null}}]},"15":{"loc":{"start":{"line":154,"column":4},"end":{"line":156,"column":null}},"type":"if","locations":[{"start":{"line":154,"column":4},"end":{"line":156,"column":null}},{"start":{},"end":{}}]},"16":{"loc":{"start":{"line":159,"column":2},"end":{"line":161,"column":null}},"type":"if","locations":[{"start":{"line":159,"column":2},"end":{"line":161,"column":null}},{"start":{},"end":{}}]},"17":{"loc":{"start":{"line":165,"column":2},"end":{"line":167,"column":null}},"type":"if","locations":[{"start":{"line":165,"column":2},"end":{"line":167,"column":null}},{"start":{},"end":{}}]},"18":{"loc":{"start":{"line":174,"column":2},"end":{"line":179,"column":null}},"type":"if","locations":[{"start":{"line":174,"column":2},"end":{"line":179,"column":null}},{"start":{},"end":{}}]},"19":{"loc":{"start":{"line":175,"column":79},"end":{"line":175,"column":null}},"type":"binary-expr","locations":[{"start":{"line":175,"column":79},"end":{"line":175,"column":92}},{"start":{"line":175,"column":92},"end":{"line":175,"column":null}}]},"20":{"loc":{"start":{"line":176,"column":4},"end":{"line":178,"column":null}},"type":"if","locations":[{"start":{"line":176,"column":4},"end":{"line":178,"column":null}},{"start":{},"end":{}}]},"21":{"loc":{"start":{"line":181,"column":2},"end":{"line":183,"column":null}},"type":"if","locations":[{"start":{"line":181,"column":2},"end":{"line":183,"column":null}},{"start":{},"end":{}}]},"22":{"loc":{"start":{"line":187,"column":2},"end":{"line":189,"column":null}},"type":"if","locations":[{"start":{"line":187,"column":2},"end":{"line":189,"column":null}},{"start":{},"end":{}}]},"23":{"loc":{"start":{"line":196,"column":2},"end":{"line":201,"column":null}},"type":"if","locations":[{"start":{"line":196,"column":2},"end":{"line":201,"column":null}},{"start":{},"end":{}}]},"24":{"loc":{"start":{"line":197,"column":68},"end":{"line":197,"column":null}},"type":"binary-expr","locations":[{"start":{"line":197,"column":68},"end":{"line":197,"column":81}},{"start":{"line":197,"column":81},"end":{"line":197,"column":null}}]},"25":{"loc":{"start":{"line":198,"column":4},"end":{"line":200,"column":null}},"type":"if","locations":[{"start":{"line":198,"column":4},"end":{"line":200,"column":null}},{"start":{},"end":{}}]},"26":{"loc":{"start":{"line":203,"column":2},"end":{"line":205,"column":null}},"type":"if","locations":[{"start":{"line":203,"column":2},"end":{"line":205,"column":null}},{"start":{},"end":{}}]},"27":{"loc":{"start":{"line":209,"column":2},"end":{"line":211,"column":null}},"type":"if","locations":[{"start":{"line":209,"column":2},"end":{"line":211,"column":null}},{"start":{},"end":{}}]},"28":{"loc":{"start":{"line":214,"column":25},"end":{"line":214,"column":null}},"type":"binary-expr","locations":[{"start":{"line":214,"column":25},"end":{"line":214,"column":46}},{"start":{"line":214,"column":46},"end":{"line":214,"column":null}}]},"29":{"loc":{"start":{"line":215,"column":30},"end":{"line":215,"column":null}},"type":"binary-expr","locations":[{"start":{"line":215,"column":30},"end":{"line":215,"column":96}},{"start":{"line":215,"column":96},"end":{"line":215,"column":null}}]},"30":{"loc":{"start":{"line":216,"column":26},"end":{"line":216,"column":null}},"type":"cond-expr","locations":[{"start":{"line":216,"column":47},"end":{"line":216,"column":86}},{"start":{"line":216,"column":86},"end":{"line":216,"column":null}}]},"31":{"loc":{"start":{"line":218,"column":29},"end":{"line":218,"column":null}},"type":"binary-expr","locations":[{"start":{"line":218,"column":29},"end":{"line":218,"column":54}},{"start":{"line":218,"column":54},"end":{"line":218,"column":null}}]},"32":{"loc":{"start":{"line":219,"column":34},"end":{"line":219,"column":null}},"type":"binary-expr","locations":[{"start":{"line":219,"column":34},"end":{"line":219,"column":100}},{"start":{"line":219,"column":100},"end":{"line":219,"column":null}}]},"33":{"loc":{"start":{"line":220,"column":30},"end":{"line":220,"column":null}},"type":"cond-expr","locations":[{"start":{"line":220,"column":55},"end":{"line":220,"column":102}},{"start":{"line":220,"column":102},"end":{"line":220,"column":null}}]},"34":{"loc":{"start":{"line":222,"column":26},"end":{"line":222,"column":null}},"type":"binary-expr","locations":[{"start":{"line":222,"column":26},"end":{"line":222,"column":48}},{"start":{"line":222,"column":48},"end":{"line":222,"column":null}}]},"35":{"loc":{"start":{"line":223,"column":30},"end":{"line":223,"column":null}},"type":"binary-expr","locations":[{"start":{"line":223,"column":30},"end":{"line":223,"column":90}},{"start":{"line":223,"column":90},"end":{"line":223,"column":null}}]},"36":{"loc":{"start":{"line":226,"column":42},"end":{"line":226,"column":57}},"type":"binary-expr","locations":[{"start":{"line":226,"column":42},"end":{"line":226,"column":55}},{"start":{"line":226,"column":55},"end":{"line":226,"column":57}}]},"37":{"loc":{"start":{"line":226,"column":59},"end":{"line":226,"column":78}},"type":"binary-expr","locations":[{"start":{"line":226,"column":59},"end":{"line":226,"column":76}},{"start":{"line":226,"column":76},"end":{"line":226,"column":78}}]},"38":{"loc":{"start":{"line":254,"column":2},"end":{"line":254,"column":null}},"type":"if","locations":[{"start":{"line":254,"column":2},"end":{"line":254,"column":null}},{"start":{},"end":{}}]},"39":{"loc":{"start":{"line":267,"column":2},"end":{"line":269,"column":null}},"type":"if","locations":[{"start":{"line":267,"column":2},"end":{"line":269,"column":null}},{"start":{},"end":{}}]},"40":{"loc":{"start":{"line":273,"column":9},"end":{"line":283,"column":11}},"type":"binary-expr","locations":[{"start":{"line":273,"column":9},"end":{"line":283,"column":9}},{"start":{"line":283,"column":9},"end":{"line":283,"column":11}}]},"41":{"loc":{"start":{"line":278,"column":25},"end":{"line":280,"column":null}},"type":"cond-expr","locations":[{"start":{"line":279,"column":8},"end":{"line":279,"column":null}},{"start":{"line":280,"column":8},"end":{"line":280,"column":null}}]},"42":{"loc":{"start":{"line":281,"column":20},"end":{"line":281,"column":null}},"type":"binary-expr","locations":[{"start":{"line":281,"column":20},"end":{"line":281,"column":59}},{"start":{"line":281,"column":59},"end":{"line":281,"column":null}}]},"43":{"loc":{"start":{"line":287,"column":2},"end":{"line":287,"column":null}},"type":"if","locations":[{"start":{"line":287,"column":2},"end":{"line":287,"column":null}},{"start":{},"end":{}}]},"44":{"loc":{"start":{"line":302,"column":2},"end":{"line":304,"column":null}},"type":"if","locations":[{"start":{"line":302,"column":2},"end":{"line":304,"column":null}},{"start":{},"end":{}}]},"45":{"loc":{"start":{"line":308,"column":9},"end":{"line":320,"column":11}},"type":"binary-expr","locations":[{"start":{"line":308,"column":9},"end":{"line":320,"column":9}},{"start":{"line":320,"column":9},"end":{"line":320,"column":11}}]},"46":{"loc":{"start":{"line":315,"column":25},"end":{"line":317,"column":null}},"type":"cond-expr","locations":[{"start":{"line":316,"column":8},"end":{"line":316,"column":null}},{"start":{"line":317,"column":8},"end":{"line":317,"column":null}}]},"47":{"loc":{"start":{"line":319,"column":24},"end":{"line":319,"column":null}},"type":"binary-expr","locations":[{"start":{"line":319,"column":24},"end":{"line":319,"column":70}},{"start":{"line":319,"column":70},"end":{"line":319,"column":null}}]},"48":{"loc":{"start":{"line":329,"column":4},"end":{"line":331,"column":null}},"type":"if","locations":[{"start":{"line":329,"column":4},"end":{"line":331,"column":null}},{"start":{},"end":{}}]},"49":{"loc":{"start":{"line":339,"column":4},"end":{"line":341,"column":null}},"type":"if","locations":[{"start":{"line":339,"column":4},"end":{"line":341,"column":null}},{"start":{},"end":{}}]}},"s":{"0":0,"1":0,"2":0,"3":0,"4":0,"5":0,"6":0,"7":0,"8":0,"9":0,"10":0,"11":0,"12":0,"13":0,"14":0,"15":0,"16":0,"17":0,"18":0,"19":0,"20":0,"21":0,"22":0,"23":0,"24":0,"25":0,"26":0,"27":0,"28":0,"29":0,"30":0,"31":0,"32":0,"33":0,"34":0,"35":0,"36":0,"37":0,"38":0,"39":0,"40":0,"41":0,"42":0,"43":0,"44":0,"45":0,"46":0,"47":0,"48":0,"49":0,"50":0,"51":0,"52":0,"53":0,"54":0,"55":0,"56":0,"57":0,"58":0,"59":0,"60":0,"61":0,"62":0,"63":0,"64":0,"65":0,"66":0,"67":0,"68":0,"69":0,"70":0,"71":0,"72":0,"73":0,"74":0,"75":0,"76":0,"77":0,"78":0,"79":0,"80":0,"81":0,"82":0,"83":0,"84":0,"85":0,"86":0,"87":0,"88":0,"89":0,"90":0,"91":0,"92":0,"93":0,"94":0,"95":0,"96":0,"97":0,"98":0,"99":0,"100":0,"101":0,"102":0,"103":0,"104":0,"105":0,"106":0,"107":0,"108":0,"109":0,"110":0,"111":0,"112":0,"113":0,"114":0,"115":0,"116":0,"117":0,"118":0,"119":0,"120":0,"121":0,"122":0,"123":0,"124":0,"125":0,"126":0},"f":{"0":0,"1":0,"2":0,"3":0,"4":0,"5":0,"6":0,"7":0,"8":0,"9":0,"10":0,"11":0,"12":0,"13":0,"14":0},"b":{"0":[0,0],"1":[0,0],"2":[0,0],"3":[0,0],"4":[0,0],"5":[0,0,0,0,0],"6":[0,0],"7":[0,0],"8":[0,0],"9":[0],"10":[0,0],"11":[0,0],"12":[0,0],"13":[0,0],"14":[0,0],"15":[0,0],"16":[0,0],"17":[0,0],"18":[0,0],"19":[0,0],"20":[0,0],"21":[0,0],"22":[0,0],"23":[0,0],"24":[0,0],"25":[0,0],"26":[0,0],"27":[0,0],"28":[0,0],"29":[0,0],"30":[0,0],"31":[0,0],"32":[0,0],"33":[0,0],"34":[0,0],"35":[0,0],"36":[0,0],"37":[0,0],"38":[0,0],"39":[0,0],"40":[0,0],"41":[0,0],"42":[0,0],"43":[0,0],"44":[0,0],"45":[0,0],"46":[0,0],"47":[0,0],"48":[0,0],"49":[0,0]}}
,"/Users/raoc/Documents/GitHub/Eventraise/app/api/create-checkout/route.ts": {"path":"/Users/raoc/Documents/GitHub/Eventraise/app/api/create-checkout/route.ts","statementMap":{"0":{"start":{"line":5,"column":22},"end":{"line":5,"column":27}},"1":{"start":{"line":2,"column":23},"end":{"line":2,"column":null}},"2":{"start":{"line":3,"column":25},"end":{"line":3,"column":null}},"3":{"start":{"line":6,"column":2},"end":{"line":94,"column":null}},"4":{"start":{"line":16,"column":8},"end":{"line":16,"column":null}},"5":{"start":{"line":19,"column":4},"end":{"line":24,"column":null}},"6":{"start":{"line":20,"column":6},"end":{"line":22,"column":null}},"7":{"start":{"line":26,"column":4},"end":{"line":31,"column":null}},"8":{"start":{"line":27,"column":6},"end":{"line":29,"column":null}},"9":{"start":{"line":34,"column":4},"end":{"line":39,"column":null}},"10":{"start":{"line":35,"column":6},"end":{"line":37,"column":null}},"11":{"start":{"line":41,"column":53},"end":{"line":45,"column":null}},"12":{"start":{"line":47,"column":4},"end":{"line":52,"column":null}},"13":{"start":{"line":48,"column":6},"end":{"line":50,"column":null}},"14":{"start":{"line":55,"column":20},"end":{"line":82,"column":null}},"15":{"start":{"line":84,"column":4},"end":{"line":87,"column":null}},"16":{"start":{"line":89,"column":4},"end":{"line":89,"column":null}},"17":{"start":{"line":90,"column":4},"end":{"line":92,"column":null}}},"fnMap":{"0":{"name":"POST","decl":{"start":{"line":5,"column":22},"end":{"line":5,"column":27}},"loc":{"start":{"line":5,"column":47},"end":{"line":95,"column":null}}}},"branchMap":{"0":{"loc":{"start":{"line":13,"column":6},"end":{"line":13,"column":22}},"type":"default-arg","locations":[{"start":{"line":13,"column":17},"end":{"line":13,"column":22}}]},"1":{"loc":{"start":{"line":19,"column":4},"end":{"line":24,"column":null}},"type":"if","locations":[{"start":{"line":19,"column":4},"end":{"line":24,"column":null}},{"start":{},"end":{}}]},"2":{"loc":{"start":{"line":19,"column":8},"end":{"line":19,"column":32}},"type":"binary-expr","locations":[{"start":{"line":19,"column":8},"end":{"line":19,"column":19}},{"start":{"line":19,"column":19},"end":{"line":19,"column":32}}]},"3":{"loc":{"start":{"line":26,"column":4},"end":{"line":31,"column":null}},"type":"if","locations":[{"start":{"line":26,"column":4},"end":{"line":31,"column":null}},{"start":{},"end":{}}]},"4":{"loc":{"start":{"line":34,"column":4},"end":{"line":39,"column":null}},"type":"if","locations":[{"start":{"line":34,"column":4},"end":{"line":39,"column":null}},{"start":{},"end":{}}]},"5":{"loc":{"start":{"line":47,"column":4},"end":{"line":52,"column":null}},"type":"if","locations":[{"start":{"line":47,"column":4},"end":{"line":52,"column":null}},{"start":{},"end":{}}]},"6":{"loc":{"start":{"line":47,"column":8},"end":{"line":47,"column":36}},"type":"binary-expr","locations":[{"start":{"line":47,"column":8},"end":{"line":47,"column":25}},{"start":{"line":47,"column":25},"end":{"line":47,"column":36}}]},"7":{"loc":{"start":{"line":63,"column":27},"end":{"line":63,"column":null}},"type":"binary-expr","locations":[{"start":{"line":63,"column":27},"end":{"line":63,"column":47}},{"start":{"line":63,"column":51},"end":{"line":63,"column":null}}]},"8":{"loc":{"start":{"line":71,"column":19},"end":{"line":71,"column":119}},"type":"binary-expr","locations":[{"start":{"line":71,"column":19},"end":{"line":71,"column":34}},{"start":{"line":71,"column":34},"end":{"line":71,"column":119}}]},"9":{"loc":{"start":{"line":72,"column":18},"end":{"line":72,"column":83}},"type":"binary-expr","locations":[{"start":{"line":72,"column":18},"end":{"line":72,"column":32}},{"start":{"line":72,"column":32},"end":{"line":72,"column":83}}]},"10":{"loc":{"start":{"line":75,"column":20},"end":{"line":75,"column":null}},"type":"binary-expr","locations":[{"start":{"line":75,"column":20},"end":{"line":75,"column":34}},{"start":{"line":75,"column":34},"end":{"line":75,"column":null}}]},"11":{"loc":{"start":{"line":76,"column":20},"end":{"line":76,"column":null}},"type":"binary-expr","locations":[{"start":{"line":76,"column":20},"end":{"line":76,"column":34}},{"start":{"line":76,"column":34},"end":{"line":76,"column":null}}]},"12":{"loc":{"start":{"line":77,"column":21},"end":{"line":77,"column":null}},"type":"binary-expr","locations":[{"start":{"line":77,"column":21},"end":{"line":77,"column":36}},{"start":{"line":77,"column":36},"end":{"line":77,"column":null}}]}},"s":{"0":0,"1":0,"2":0,"3":0,"4":0,"5":0,"6":0,"7":0,"8":0,"9":0,"10":0,"11":0,"12":0,"13":0,"14":0,"15":0,"16":0,"17":0},"f":{"0":0},"b":{"0":[0],"1":[0,0],"2":[0,0],"3":[0,0],"4":[0,0],"5":[0,0],"6":[0,0],"7":[0,0],"8":[0,0],"9":[0,0],"10":[0,0],"11":[0,0],"12":[0,0]}}
,"/Users/raoc/Documents/GitHub/Eventraise/app/api/create-payment-intent/route.ts": {"path":"/Users/raoc/Documents/GitHub/Eventraise/app/api/create-payment-intent/route.ts","statementMap":{"0":{"start":{"line":4,"column":22},"end":{"line":4,"column":27}},"1":{"start":{"line":2,"column":23},"end":{"line":2,"column":null}},"2":{"start":{"line":5,"column":2},"end":{"line":40,"column":null}},"3":{"start":{"line":6,"column":76},"end":{"line":6,"column":null}},"4":{"start":{"line":9,"column":4},"end":{"line":14,"column":null}},"5":{"start":{"line":10,"column":6},"end":{"line":12,"column":null}},"6":{"start":{"line":17,"column":26},"end":{"line":28,"column":null}},"7":{"start":{"line":30,"column":4},"end":{"line":33,"column":null}},"8":{"start":{"line":35,"column":4},"end":{"line":35,"column":null}},"9":{"start":{"line":36,"column":4},"end":{"line":38,"column":null}}},"fnMap":{"0":{"name":"POST","decl":{"start":{"line":4,"column":22},"end":{"line":4,"column":27}},"loc":{"start":{"line":4,"column":47},"end":{"line":41,"column":null}}}},"branchMap":{"0":{"loc":{"start":{"line":6,"column":20},"end":{"line":6,"column":36}},"type":"default-arg","locations":[{"start":{"line":6,"column":31},"end":{"line":6,"column":36}}]},"1":{"loc":{"start":{"line":9,"column":4},"end":{"line":14,"column":null}},"type":"if","locations":[{"start":{"line":9,"column":4},"end":{"line":14,"column":null}},{"start":{},"end":{}}]},"2":{"loc":{"start":{"line":9,"column":8},"end":{"line":9,"column":32}},"type":"binary-expr","locations":[{"start":{"line":9,"column":8},"end":{"line":9,"column":19}},{"start":{"line":9,"column":19},"end":{"line":9,"column":32}}]},"3":{"loc":{"start":{"line":21,"column":20},"end":{"line":21,"column":null}},"type":"binary-expr","locations":[{"start":{"line":21,"column":20},"end":{"line":21,"column":34}},{"start":{"line":21,"column":34},"end":{"line":21,"column":null}}]},"4":{"loc":{"start":{"line":22,"column":19},"end":{"line":22,"column":null}},"type":"binary-expr","locations":[{"start":{"line":22,"column":19},"end":{"line":22,"column":32}},{"start":{"line":22,"column":32},"end":{"line":22,"column":null}}]},"5":{"loc":{"start":{"line":23,"column":20},"end":{"line":23,"column":null}},"type":"binary-expr","locations":[{"start":{"line":23,"column":20},"end":{"line":23,"column":34}},{"start":{"line":23,"column":34},"end":{"line":23,"column":null}}]}},"s":{"0":0,"1":0,"2":0,"3":0,"4":0,"5":0,"6":0,"7":0,"8":0,"9":0},"f":{"0":0},"b":{"0":[0],"1":[0,0],"2":[0,0],"3":[0,0],"4":[0,0],"5":[0,0]}}
,"/Users/raoc/Documents/GitHub/Eventraise/app/api/events/[id]/volunteer-shifts/route.ts": {"path":"/Users/raoc/Documents/GitHub/Eventraise/app/api/events/[id]/volunteer-shifts/route.ts","statementMap":{"0":{"start":{"line":4,"column":22},"end":{"line":4,"column":null}},"1":{"start":{"line":2,"column":25},"end":{"line":2,"column":null}},"2":{"start":{"line":8,"column":2},"end":{"line":44,"column":null}},"3":{"start":{"line":9,"column":20},"end":{"line":9,"column":29}},"4":{"start":{"line":11,"column":4},"end":{"line":16,"column":null}},"5":{"start":{"line":12,"column":6},"end":{"line":14,"column":null}},"6":{"start":{"line":19,"column":49},"end":{"line":24,"column":null}},"7":{"start":{"line":26,"column":4},"end":{"line":32,"column":null}},"8":{"start":{"line":27,"column":6},"end":{"line":27,"column":null}},"9":{"start":{"line":28,"column":6},"end":{"line":30,"column":null}},"10":{"start":{"line":34,"column":4},"end":{"line":36,"column":null}},"11":{"start":{"line":39,"column":4},"end":{"line":39,"column":null}},"12":{"start":{"line":40,"column":4},"end":{"line":42,"column":null}}},"fnMap":{"0":{"name":"GET","decl":{"start":{"line":4,"column":22},"end":{"line":4,"column":null}},"loc":{"start":{"line":6,"column":40},"end":{"line":45,"column":null}}}},"branchMap":{"0":{"loc":{"start":{"line":11,"column":4},"end":{"line":16,"column":null}},"type":"if","locations":[{"start":{"line":11,"column":4},"end":{"line":16,"column":null}},{"start":{},"end":{}}]},"1":{"loc":{"start":{"line":26,"column":4},"end":{"line":32,"column":null}},"type":"if","locations":[{"start":{"line":26,"column":4},"end":{"line":32,"column":null}},{"start":{},"end":{}}]},"2":{"loc":{"start":{"line":35,"column":14},"end":{"line":35,"column":26}},"type":"binary-expr","locations":[{"start":{"line":35,"column":14},"end":{"line":35,"column":24}},{"start":{"line":35,"column":24},"end":{"line":35,"column":26}}]}},"s":{"0":0,"1":0,"2":0,"3":0,"4":0,"5":0,"6":0,"7":0,"8":0,"9":0,"10":0,"11":0,"12":0},"f":{"0":0},"b":{"0":[0,0],"1":[0,0],"2":[0,0]}}
,"/Users/raoc/Documents/GitHub/Eventraise/app/api/events/register/route.ts": {"path":"/Users/raoc/Documents/GitHub/Eventraise/app/api/events/register/route.ts","statementMap":{"0":{"start":{"line":6,"column":22},"end":{"line":6,"column":27}},"1":{"start":{"line":2,"column":25},"end":{"line":2,"column":null}},"2":{"start":{"line":3,"column":39},"end":{"line":3,"column":null}},"3":{"start":{"line":4,"column":34},"end":{"line":4,"column":null}},"4":{"start":{"line":7,"column":2},"end":{"line":125,"column":null}},"5":{"start":{"line":19,"column":8},"end":{"line":19,"column":null}},"6":{"start":{"line":22,"column":4},"end":{"line":27,"column":null}},"7":{"start":{"line":23,"column":6},"end":{"line":25,"column":null}},"8":{"start":{"line":29,"column":4},"end":{"line":34,"column":null}},"9":{"start":{"line":30,"column":6},"end":{"line":32,"column":null}},"10":{"start":{"line":37,"column":47},"end":{"line":41,"column":null}},"11":{"start":{"line":43,"column":4},"end":{"line":48,"column":null}},"12":{"start":{"line":44,"column":6},"end":{"line":46,"column":null}},"13":{"start":{"line":51,"column":4},"end":{"line":56,"column":null}},"14":{"start":{"line":52,"column":6},"end":{"line":54,"column":null}},"15":{"start":{"line":59,"column":4},"end":{"line":64,"column":null}},"16":{"start":{"line":60,"column":6},"end":{"line":62,"column":null}},"17":{"start":{"line":67,"column":61},"end":{"line":83,"column":null}},"18":{"start":{"line":85,"column":4},"end":{"line":91,"column":null}},"19":{"start":{"line":86,"column":6},"end":{"line":86,"column":null}},"20":{"start":{"line":87,"column":6},"end":{"line":89,"column":null}},"21":{"start":{"line":94,"column":4},"end":{"line":94,"column":null}},"22":{"start":{"line":97,"column":4},"end":{"line":102,"column":null}},"23":{"start":{"line":104,"column":4},"end":{"line":107,"column":null}},"24":{"start":{"line":110,"column":4},"end":{"line":110,"column":null}},"25":{"start":{"line":113,"column":4},"end":{"line":118,"column":null}},"26":{"start":{"line":121,"column":4},"end":{"line":123,"column":null}}},"fnMap":{"0":{"name":"POST","decl":{"start":{"line":6,"column":22},"end":{"line":6,"column":27}},"loc":{"start":{"line":6,"column":47},"end":{"line":126,"column":null}}}},"branchMap":{"0":{"loc":{"start":{"line":22,"column":4},"end":{"line":27,"column":null}},"type":"if","locations":[{"start":{"line":22,"column":4},"end":{"line":27,"column":null}},{"start":{},"end":{}}]},"1":{"loc":{"start":{"line":22,"column":8},"end":{"line":22,"column":82}},"type":"binary-expr","locations":[{"start":{"line":22,"column":8},"end":{"line":22,"column":21}},{"start":{"line":22,"column":21},"end":{"line":22,"column":42}},{"start":{"line":22,"column":42},"end":{"line":22,"column":64}},{"start":{"line":22,"column":64},"end":{"line":22,"column":82}}]},"2":{"loc":{"start":{"line":29,"column":4},"end":{"line":34,"column":null}},"type":"if","locations":[{"start":{"line":29,"column":4},"end":{"line":34,"column":null}},{"start":{},"end":{}}]},"3":{"loc":{"start":{"line":43,"column":4},"end":{"line":48,"column":null}},"type":"if","locations":[{"start":{"line":43,"column":4},"end":{"line":48,"column":null}},{"start":{},"end":{}}]},"4":{"loc":{"start":{"line":43,"column":8},"end":{"line":43,"column":30}},"type":"binary-expr","locations":[{"start":{"line":43,"column":8},"end":{"line":43,"column":22}},{"start":{"line":43,"column":22},"end":{"line":43,"column":30}}]},"5":{"loc":{"start":{"line":51,"column":4},"end":{"line":56,"column":null}},"type":"if","locations":[{"start":{"line":51,"column":4},"end":{"line":56,"column":null}},{"start":{},"end":{}}]},"6":{"loc":{"start":{"line":51,"column":8},"end":{"line":51,"column":91}},"type":"binary-expr","locations":[{"start":{"line":51,"column":8},"end":{"line":51,"column":35}},{"start":{"line":51,"column":39},"end":{"line":51,"column":91}}]},"7":{"loc":{"start":{"line":59,"column":4},"end":{"line":64,"column":null}},"type":"if","locations":[{"start":{"line":59,"column":4},"end":{"line":64,"column":null}},{"start":{},"end":{}}]},"8":{"loc":{"start":{"line":59,"column":8},"end":{"line":59,"column":103}},"type":"binary-expr","locations":[{"start":{"line":59,"column":8},"end":{"line":59,"column":30}},{"start":{"line":59,"column":34},"end":{"line":59,"column":103}}]},"9":{"loc":{"start":{"line":85,"column":4},"end":{"line":91,"column":null}},"type":"if","locations":[{"start":{"line":85,"column":4},"end":{"line":91,"column":null}},{"start":{},"end":{}}]},"10":{"loc":{"start":{"line":114,"column":6},"end":{"line":114,"column":null}},"type":"cond-expr","locations":[{"start":{"line":114,"column":31},"end":{"line":114,"column":39}},{"start":{"line":114,"column":39},"end":{"line":114,"column":null}}]}},"s":{"0":0,"1":0,"2":0,"3":0,"4":0,"5":0,"6":0,"7":0,"8":0,"9":0,"10":0,"11":0,"12":0,"13":0,"14":0,"15":0,"16":0,"17":0,"18":0,"19":0,"20":0,"21":0,"22":0,"23":0,"24":0,"25":0,"26":0},"f":{"0":0},"b":{"0":[0,0],"1":[0,0,0,0],"2":[0,0],"3":[0,0],"4":[0,0],"5":[0,0],"6":[0,0],"7":[0,0],"8":[0,0],"9":[0,0],"10":[0,0]}}
,"/Users/raoc/Documents/GitHub/Eventraise/app/api/events/volunteer-signup/route.ts": {"path":"/Users/raoc/Documents/GitHub/Eventraise/app/api/events/volunteer-signup/route.ts","statementMap":{"0":{"start":{"line":6,"column":22},"end":{"line":6,"column":27}},"1":{"start":{"line":2,"column":25},"end":{"line":2,"column":null}},"2":{"start":{"line":3,"column":37},"end":{"line":3,"column":null}},"3":{"start":{"line":4,"column":34},"end":{"line":4,"column":null}},"4":{"start":{"line":7,"column":2},"end":{"line":136,"column":null}},"5":{"start":{"line":18,"column":8},"end":{"line":18,"column":null}},"6":{"start":{"line":21,"column":4},"end":{"line":26,"column":null}},"7":{"start":{"line":22,"column":6},"end":{"line":24,"column":null}},"8":{"start":{"line":28,"column":4},"end":{"line":33,"column":null}},"9":{"start":{"line":29,"column":6},"end":{"line":31,"column":null}},"10":{"start":{"line":36,"column":47},"end":{"line":43,"column":null}},"11":{"start":{"line":45,"column":4},"end":{"line":50,"column":null}},"12":{"start":{"line":46,"column":6},"end":{"line":48,"column":null}},"13":{"start":{"line":53,"column":4},"end":{"line":58,"column":null}},"14":{"start":{"line":54,"column":6},"end":{"line":56,"column":null}},"15":{"start":{"line":61,"column":4},"end":{"line":66,"column":null}},"16":{"start":{"line":62,"column":6},"end":{"line":64,"column":null}},"17":{"start":{"line":69,"column":4},"end":{"line":74,"column":null}},"18":{"start":{"line":70,"column":6},"end":{"line":72,"column":null}},"19":{"start":{"line":77,"column":49},"end":{"line":92,"column":null}},"20":{"start":{"line":94,"column":4},"end":{"line":100,"column":null}},"21":{"start":{"line":95,"column":6},"end":{"line":95,"column":null}},"22":{"start":{"line":96,"column":6},"end":{"line":98,"column":null}},"23":{"start":{"line":103,"column":4},"end":{"line":103,"column":null}},"24":{"start":{"line":106,"column":4},"end":{"line":113,"column":null}},"25":{"start":{"line":115,"column":4},"end":{"line":118,"column":null}},"26":{"start":{"line":121,"column":4},"end":{"line":121,"column":null}},"27":{"start":{"line":124,"column":4},"end":{"line":129,"column":null}},"28":{"start":{"line":132,"column":4},"end":{"line":134,"column":null}}},"fnMap":{"0":{"name":"POST","decl":{"start":{"line":6,"column":22},"end":{"line":6,"column":27}},"loc":{"start":{"line":6,"column":47},"end":{"line":137,"column":null}}}},"branchMap":{"0":{"loc":{"start":{"line":21,"column":4},"end":{"line":26,"column":null}},"type":"if","locations":[{"start":{"line":21,"column":4},"end":{"line":26,"column":null}},{"start":{},"end":{}}]},"1":{"loc":{"start":{"line":21,"column":8},"end":{"line":21,"column":58}},"type":"binary-expr","locations":[{"start":{"line":21,"column":8},"end":{"line":21,"column":21}},{"start":{"line":21,"column":21},"end":{"line":21,"column":40}},{"start":{"line":21,"column":40},"end":{"line":21,"column":58}}]},"2":{"loc":{"start":{"line":28,"column":4},"end":{"line":33,"column":null}},"type":"if","locations":[{"start":{"line":28,"column":4},"end":{"line":33,"column":null}},{"start":{},"end":{}}]},"3":{"loc":{"start":{"line":45,"column":4},"end":{"line":50,"column":null}},"type":"if","locations":[{"start":{"line":45,"column":4},"end":{"line":50,"column":null}},{"start":{},"end":{}}]},"4":{"loc":{"start":{"line":45,"column":8},"end":{"line":45,"column":30}},"type":"binary-expr","locations":[{"start":{"line":45,"column":8},"end":{"line":45,"column":22}},{"start":{"line":45,"column":22},"end":{"line":45,"column":30}}]},"5":{"loc":{"start":{"line":53,"column":4},"end":{"line":58,"column":null}},"type":"if","locations":[{"start":{"line":53,"column":4},"end":{"line":58,"column":null}},{"start":{},"end":{}}]},"6":{"loc":{"start":{"line":61,"column":4},"end":{"line":66,"column":null}},"type":"if","locations":[{"start":{"line":61,"column":4},"end":{"line":66,"column":null}},{"start":{},"end":{}}]},"7":{"loc":{"start":{"line":69,"column":4},"end":{"line":74,"column":null}},"type":"if","locations":[{"start":{"line":69,"column":4},"end":{"line":74,"column":null}},{"start":{},"end":{}}]},"8":{"loc":{"start":{"line":94,"column":4},"end":{"line":100,"column":null}},"type":"if","locations":[{"start":{"line":94,"column":4},"end":{"line":100,"column":null}},{"start":{},"end":{}}]},"9":{"loc":{"start":{"line":125,"column":6},"end":{"line":125,"column":null}},"type":"cond-expr","locations":[{"start":{"line":125,"column":31},"end":{"line":125,"column":39}},{"start":{"line":125,"column":39},"end":{"line":125,"column":null}}]}},"s":{"0":0,"1":0,"2":0,"3":0,"4":0,"5":0,"6":0,"7":0,"8":0,"9":0,"10":0,"11":0,"12":0,"13":0,"14":0,"15":0,"16":0,"17":0,"18":0,"19":0,"20":0,"21":0,"22":0,"23":0,"24":0,"25":0,"26":0,"27":0,"28":0},"f":{"0":0},"b":{"0":[0,0],"1":[0,0,0],"2":[0,0],"3":[0,0],"4":[0,0],"5":[0,0],"6":[0,0],"7":[0,0],"8":[0,0],"9":[0,0]}}
,"/Users/raoc/Documents/GitHub/Eventraise/app/api/health/route.ts": {"path":"/Users/raoc/Documents/GitHub/Eventraise/app/api/health/route.ts","statementMap":{"0":{"start":{"line":4,"column":22},"end":{"line":4,"column":null}},"1":{"start":{"line":2,"column":28},"end":{"line":2,"column":null}},"2":{"start":{"line":5,"column":2},"end":{"line":26,"column":null}},"3":{"start":{"line":6,"column":19},"end":{"line":6,"column":null}},"4":{"start":{"line":8,"column":19},"end":{"line":8,"column":null}},"5":{"start":{"line":10,"column":4},"end":{"line":19,"column":null}},"6":{"start":{"line":21,"column":4},"end":{"line":25,"column":null}}},"fnMap":{"0":{"name":"GET","decl":{"start":{"line":4,"column":22},"end":{"line":4,"column":null}},"loc":{"start":{"line":4,"column":22},"end":{"line":27,"column":null}}}},"branchMap":{"0":{"loc":{"start":{"line":8,"column":19},"end":{"line":8,"column":null}},"type":"cond-expr","locations":[{"start":{"line":8,"column":36},"end":{"line":8,"column":42}},{"start":{"line":8,"column":42},"end":{"line":8,"column":null}}]},"1":{"loc":{"start":{"line":11,"column":14},"end":{"line":11,"column":null}},"type":"cond-expr","locations":[{"start":{"line":11,"column":31},"end":{"line":11,"column":43}},{"start":{"line":11,"column":43},"end":{"line":11,"column":null}}]},"2":{"loc":{"start":{"line":14,"column":18},"end":{"line":14,"column":null}},"type":"cond-expr","locations":[{"start":{"line":14,"column":36},"end":{"line":14,"column":48}},{"start":{"line":14,"column":48},"end":{"line":14,"column":null}}]},"3":{"loc":{"start":{"line":15,"column":16},"end":{"line":15,"column":null}},"type":"cond-expr","locations":[{"start":{"line":15,"column":32},"end":{"line":15,"column":44}},{"start":{"line":15,"column":44},"end":{"line":15,"column":null}}]},"4":{"loc":{"start":{"line":16,"column":14},"end":{"line":16,"column":null}},"type":"cond-expr","locations":[{"start":{"line":16,"column":28},"end":{"line":16,"column":40}},{"start":{"line":16,"column":40},"end":{"line":16,"column":null}}]},"5":{"loc":{"start":{"line":18,"column":15},"end":{"line":18,"column":null}},"type":"binary-expr","locations":[{"start":{"line":18,"column":15},"end":{"line":18,"column":50}},{"start":{"line":18,"column":54},"end":{"line":18,"column":null}}]}},"s":{"0":0,"1":0,"2":0,"3":0,"4":0,"5":0,"6":0},"f":{"0":0},"b":{"0":[0,0],"1":[0,0],"2":[0,0],"3":[0,0],"4":[0,0],"5":[0,0]}}
,"/Users/raoc/Documents/GitHub/Eventraise/app/api/health/advanced/route.ts": {"path":"/Users/raoc/Documents/GitHub/Eventraise/app/api/health/advanced/route.ts","statementMap":{"0":{"start":{"line":6,"column":22},"end":{"line":6,"column":26}},"1":{"start":{"line":2,"column":35},"end":{"line":2,"column":null}},"2":{"start":{"line":7,"column":20},"end":{"line":7,"column":null}},"3":{"start":{"line":9,"column":2},"end":{"line":85,"column":null}},"4":{"start":{"line":11,"column":26},"end":{"line":11,"column":null}},"5":{"start":{"line":14,"column":29},"end":{"line":19,"column":null}},"6":{"start":{"line":22,"column":28},"end":{"line":22,"column":79}},"7":{"start":{"line":23,"column":26},"end":{"line":23,"column":59}},"8":{"start":{"line":24,"column":24},"end":{"line":24,"column":null}},"9":{"start":{"line":27,"column":4},"end":{"line":27,"column":null}},"10":{"start":{"line":28,"column":4},"end":{"line":28,"column":null}},"11":{"start":{"line":31,"column":21},"end":{"line":49,"column":null}},"12":{"start":{"line":52,"column":23},"end":{"line":52,"column":null}},"13":{"start":{"line":54,"column":4},"end":{"line":61,"column":null}},"14":{"start":{"line":65,"column":4},"end":{"line":68,"column":null}},"15":{"start":{"line":70,"column":4},"end":{"line":84,"column":null}},"16":{"start":{"line":90,"column":2},"end":{"line":96,"column":null}},"17":{"start":{"line":93,"column":4},"end":{"line":93,"column":null}},"18":{"start":{"line":95,"column":4},"end":{"line":95,"column":null}},"19":{"start":{"line":101,"column":2},"end":{"line":107,"column":null}},"20":{"start":{"line":104,"column":4},"end":{"line":104,"column":null}},"21":{"start":{"line":106,"column":4},"end":{"line":106,"column":null}},"22":{"start":{"line":112,"column":2},"end":{"line":118,"column":null}},"23":{"start":{"line":115,"column":4},"end":{"line":115,"column":null}},"24":{"start":{"line":117,"column":4},"end":{"line":117,"column":null}},"25":{"start":{"line":123,"column":2},"end":{"line":129,"column":null}},"26":{"start":{"line":126,"column":4},"end":{"line":126,"column":null}},"27":{"start":{"line":128,"column":4},"end":{"line":128,"column":null}}},"fnMap":{"0":{"name":"GET","decl":{"start":{"line":6,"column":22},"end":{"line":6,"column":26}},"loc":{"start":{"line":6,"column":46},"end":{"line":86,"column":null}}},"1":{"name":"checkRedis","decl":{"start":{"line":89,"column":15},"end":{"line":89,"column":null}},"loc":{"start":{"line":89,"column":15},"end":{"line":97,"column":null}}},"2":{"name":"checkEmailService","decl":{"start":{"line":100,"column":15},"end":{"line":100,"column":null}},"loc":{"start":{"line":100,"column":15},"end":{"line":108,"column":null}}},"3":{"name":"checkFileStorage","decl":{"start":{"line":111,"column":15},"end":{"line":111,"column":null}},"loc":{"start":{"line":111,"column":15},"end":{"line":119,"column":null}}},"4":{"name":"checkCDN","decl":{"start":{"line":122,"column":15},"end":{"line":122,"column":null}},"loc":{"start":{"line":122,"column":15},"end":{"line":130,"column":null}}}},"branchMap":{"0":{"loc":{"start":{"line":32,"column":14},"end":{"line":32,"column":null}},"type":"cond-expr","locations":[{"start":{"line":32,"column":38},"end":{"line":32,"column":50}},{"start":{"line":32,"column":50},"end":{"line":32,"column":null}}]},"1":{"loc":{"start":{"line":37,"column":15},"end":{"line":37,"column":null}},"type":"cond-expr","locations":[{"start":{"line":37,"column":60},"end":{"line":37,"column":85}},{"start":{"line":37,"column":88},"end":{"line":37,"column":null}}]},"2":{"loc":{"start":{"line":38,"column":15},"end":{"line":38,"column":null}},"type":"cond-expr","locations":[{"start":{"line":38,"column":60},"end":{"line":38,"column":85}},{"start":{"line":38,"column":88},"end":{"line":38,"column":null}}]},"3":{"loc":{"start":{"line":39,"column":17},"end":{"line":39,"column":null}},"type":"cond-expr","locations":[{"start":{"line":39,"column":62},"end":{"line":39,"column":87}},{"start":{"line":39,"column":90},"end":{"line":39,"column":null}}]},"4":{"loc":{"start":{"line":40,"column":13},"end":{"line":40,"column":null}},"type":"cond-expr","locations":[{"start":{"line":40,"column":58},"end":{"line":40,"column":83}},{"start":{"line":40,"column":86},"end":{"line":40,"column":null}}]},"5":{"loc":{"start":{"line":47,"column":15},"end":{"line":47,"column":null}},"type":"binary-expr","locations":[{"start":{"line":47,"column":15},"end":{"line":47,"column":50}},{"start":{"line":47,"column":54},"end":{"line":47,"column":null}}]},"6":{"loc":{"start":{"line":52,"column":23},"end":{"line":52,"column":null}},"type":"cond-expr","locations":[{"start":{"line":52,"column":47},"end":{"line":52,"column":53}},{"start":{"line":52,"column":53},"end":{"line":52,"column":null}}]}},"s":{"0":0,"1":0,"2":0,"3":0,"4":0,"5":0,"6":0,"7":0,"8":0,"9":0,"10":0,"11":0,"12":0,"13":0,"14":0,"15":0,"16":0,"17":0,"18":0,"19":0,"20":0,"21":0,"22":0,"23":0,"24":0,"25":0,"26":0,"27":0},"f":{"0":0,"1":0,"2":0,"3":0,"4":0},"b":{"0":[0,0],"1":[0,0],"2":[0,0],"3":[0,0],"4":[0,0],"5":[0,0],"6":[0,0]}}
,"/Users/raoc/Documents/GitHub/Eventraise/app/api/webhooks/stripe/route.ts": {"path":"/Users/raoc/Documents/GitHub/Eventraise/app/api/webhooks/stripe/route.ts","statementMap":{"0":{"start":{"line":10,"column":22},"end":{"line":10,"column":27}},"1":{"start":{"line":2,"column":23},"end":{"line":2,"column":null}},"2":{"start":{"line":3,"column":25},"end":{"line":3,"column":null}},"3":{"start":{"line":4,"column":24},"end":{"line":4,"column":null}},"4":{"start":{"line":6,"column":39},"end":{"line":6,"column":null}},"5":{"start":{"line":7,"column":34},"end":{"line":7,"column":null}},"6":{"start":{"line":8,"column":32},"end":{"line":8,"column":null}},"7":{"start":{"line":11,"column":15},"end":{"line":11,"column":null}},"8":{"start":{"line":12,"column":20},"end":{"line":12,"column":null}},"9":{"start":{"line":14,"column":2},"end":{"line":20,"column":null}},"10":{"start":{"line":15,"column":4},"end":{"line":15,"column":null}},"11":{"start":{"line":16,"column":4},"end":{"line":18,"column":null}},"12":{"start":{"line":24,"column":2},"end":{"line":40,"column":null}},"13":{"start":{"line":26,"column":4},"end":{"line":29,"column":null}},"14":{"start":{"line":33,"column":4},"end":{"line":33,"column":null}},"15":{"start":{"line":35,"column":4},"end":{"line":35,"column":null}},"16":{"start":{"line":36,"column":4},"end":{"line":38,"column":null}},"17":{"start":{"line":42,"column":2},"end":{"line":75,"column":null}},"18":{"start":{"line":43,"column":4},"end":{"line":49,"column":null}},"19":{"start":{"line":44,"column":6},"end":{"line":44,"column":null}},"20":{"start":{"line":45,"column":6},"end":{"line":47,"column":null}},"21":{"start":{"line":51,"column":4},"end":{"line":66,"column":null}},"22":{"start":{"line":53,"column":8},"end":{"line":53,"column":null}},"23":{"start":{"line":54,"column":8},"end":{"line":54,"column":null}},"24":{"start":{"line":57,"column":8},"end":{"line":57,"column":null}},"25":{"start":{"line":58,"column":8},"end":{"line":58,"column":null}},"26":{"start":{"line":61,"column":8},"end":{"line":61,"column":null}},"27":{"start":{"line":62,"column":8},"end":{"line":62,"column":null}},"28":{"start":{"line":65,"column":8},"end":{"line":65,"column":null}},"29":{"start":{"line":68,"column":4},"end":{"line":68,"column":null}},"30":{"start":{"line":70,"column":4},"end":{"line":70,"column":null}},"31":{"start":{"line":71,"column":4},"end":{"line":73,"column":null}},"32":{"start":{"line":79,"column":2},"end":{"line":79,"column":null}},"33":{"start":{"line":81,"column":2},"end":{"line":84,"column":null}},"34":{"start":{"line":82,"column":4},"end":{"line":82,"column":null}},"35":{"start":{"line":83,"column":4},"end":{"line":83,"column":null}},"36":{"start":{"line":86,"column":21},"end":{"line":86,"column":null}},"37":{"start":{"line":87,"column":20},"end":{"line":87,"column":null}},"38":{"start":{"line":88,"column":20},"end":{"line":88,"column":null}},"39":{"start":{"line":89,"column":21},"end":{"line":89,"column":null}},"40":{"start":{"line":91,"column":2},"end":{"line":94,"column":null}},"41":{"start":{"line":92,"column":4},"end":{"line":92,"column":null}},"42":{"start":{"line":93,"column":4},"end":{"line":93,"column":null}},"43":{"start":{"line":96,"column":17},"end":{"line":96,"column":null}},"44":{"start":{"line":98,"column":2},"end":{"line":217,"column":null}},"45":{"start":{"line":100,"column":53},"end":{"line":114,"column":null}},"46":{"start":{"line":116,"column":4},"end":{"line":119,"column":null}},"47":{"start":{"line":117,"column":6},"end":{"line":117,"column":null}},"48":{"start":{"line":118,"column":6},"end":{"line":118,"column":null}},"49":{"start":{"line":122,"column":35},"end":{"line":125,"column":null}},"50":{"start":{"line":127,"column":4},"end":{"line":130,"column":null}},"51":{"start":{"line":128,"column":6},"end":{"line":128,"column":null}},"52":{"start":{"line":129,"column":6},"end":{"line":129,"column":null}},"53":{"start":{"line":133,"column":4},"end":{"line":133,"column":null}},"54":{"start":{"line":136,"column":4},"end":{"line":139,"column":null}},"55":{"start":{"line":142,"column":4},"end":{"line":194,"column":null}},"56":{"start":{"line":143,"column":6},"end":{"line":193,"column":null}},"57":{"start":{"line":145,"column":35},"end":{"line":149,"column":null}},"58":{"start":{"line":151,"column":8},"end":{"line":189,"column":null}},"59":{"start":{"line":152,"column":31},"end":{"line":156,"column":null}},"60":{"start":{"line":158,"column":37},"end":{"line":160,"column":null}},"61":{"start":{"line":163,"column":10},"end":{"line":175,"column":null}},"62":{"start":{"line":178,"column":10},"end":{"line":188,"column":null}},"63":{"start":{"line":191,"column":8},"end":{"line":191,"column":null}},"64":{"start":{"line":196,"column":4},"end":{"line":201,"column":null}},"65":{"start":{"line":204,"column":4},"end":{"line":204,"column":null}},"66":{"start":{"line":207,"column":4},"end":{"line":213,"column":null}},"67":{"start":{"line":216,"column":4},"end":{"line":216,"column":null}},"68":{"start":{"line":221,"column":2},"end":{"line":221,"column":null}},"69":{"start":{"line":223,"column":2},"end":{"line":226,"column":null}},"70":{"start":{"line":224,"column":4},"end":{"line":224,"column":null}},"71":{"start":{"line":225,"column":4},"end":{"line":225,"column":null}},"72":{"start":{"line":229,"column":20},"end":{"line":232,"column":null}},"73":{"start":{"line":234,"column":2},"end":{"line":236,"column":null}},"74":{"start":{"line":235,"column":4},"end":{"line":235,"column":null}},"75":{"start":{"line":240,"column":2},"end":{"line":240,"column":null}},"76":{"start":{"line":242,"column":2},"end":{"line":245,"column":null}},"77":{"start":{"line":243,"column":4},"end":{"line":243,"column":null}},"78":{"start":{"line":244,"column":4},"end":{"line":244,"column":null}},"79":{"start":{"line":248,"column":20},"end":{"line":251,"column":null}},"80":{"start":{"line":253,"column":2},"end":{"line":255,"column":null}},"81":{"start":{"line":254,"column":4},"end":{"line":254,"column":null}}},"fnMap":{"0":{"name":"POST","decl":{"start":{"line":10,"column":22},"end":{"line":10,"column":27}},"loc":{"start":{"line":10,"column":47},"end":{"line":76,"column":null}}},"1":{"name":"handleCheckoutCompleted","decl":{"start":{"line":78,"column":15},"end":{"line":78,"column":39}},"loc":{"start":{"line":78,"column":71},"end":{"line":218,"column":null}}},"2":{"name":"handlePaymentSucceeded","decl":{"start":{"line":220,"column":15},"end":{"line":220,"column":38}},"loc":{"start":{"line":220,"column":73},"end":{"line":237,"column":null}}},"3":{"name":"handlePaymentFailed","decl":{"start":{"line":239,"column":15},"end":{"line":239,"column":35}},"loc":{"start":{"line":239,"column":70},"end":{"line":256,"column":null}}}},"branchMap":{"0":{"loc":{"start":{"line":14,"column":2},"end":{"line":20,"column":null}},"type":"if","locations":[{"start":{"line":14,"column":2},"end":{"line":20,"column":null}},{"start":{},"end":{}}]},"1":{"loc":{"start":{"line":43,"column":4},"end":{"line":49,"column":null}},"type":"if","locations":[{"start":{"line":43,"column":4},"end":{"line":49,"column":null}},{"start":{},"end":{}}]},"2":{"loc":{"start":{"line":51,"column":4},"end":{"line":66,"column":null}},"type":"switch","locations":[{"start":{"line":52,"column":6},"end":{"line":54,"column":null}},{"start":{"line":56,"column":6},"end":{"line":58,"column":null}},{"start":{"line":60,"column":6},"end":{"line":62,"column":null}},{"start":{"line":64,"column":6},"end":{"line":65,"column":null}}]},"3":{"loc":{"start":{"line":81,"column":2},"end":{"line":84,"column":null}},"type":"if","locations":[{"start":{"line":81,"column":2},"end":{"line":84,"column":null}},{"start":{},"end":{}}]},"4":{"loc":{"start":{"line":88,"column":20},"end":{"line":88,"column":null}},"type":"binary-expr","locations":[{"start":{"line":88,"column":20},"end":{"line":88,"column":52}},{"start":{"line":88,"column":52},"end":{"line":88,"column":86}},{"start":{"line":88,"column":86},"end":{"line":88,"column":null}}]},"5":{"loc":{"start":{"line":89,"column":21},"end":{"line":89,"column":null}},"type":"binary-expr","locations":[{"start":{"line":89,"column":21},"end":{"line":89,"column":54}},{"start":{"line":89,"column":54},"end":{"line":89,"column":89}},{"start"
[...]
,"41":{"name":"(anonymous_51)","decl":{"start":{"line":383,"column":11},"end":{"line":383,"column":12}},"loc":{"start":{"line":383,"column":15},"end":{"line":386,"column":null}}},"42":{"name":"(anonymous_52)","decl":{"start":{"line":385,"column":27},"end":{"line":385,"column":33}},"loc":{"start":{"line":385,"column":33},"end":{"line":385,"column":48}}},"43":{"name":"(anonymous_53)","decl":{"start":{"line":389,"column":2},"end":{"line":389,"column":9}},"loc":{"start":{"line":392,"column":38},"end":{"line":401,"column":null}}},"44":{"name":"(anonymous_54)","decl":{"start":{"line":394,"column":11},"end":{"line":394,"column":12}},"loc":{"start":{"line":394,"column":15},"end":{"line":400,"column":null}}},"45":{"name":"(anonymous_55)","decl":{"start":{"line":398,"column":19},"end":{"line":398,"column":25}},"loc":{"start":{"line":398,"column":25},"end":{"line":398,"column":45}}},"46":{"name":"(anonymous_56)","decl":{"start":{"line":419,"column":42},"end":{"line":419,"column":null}},"loc":{"start":{"line":419,"column":42},"end":{"line":421,"column":null}}}},"branchMap":{"0":{"loc":{"start":{"line":11,"column":4},"end":{"line":11,"column":24}},"type":"default-arg","locations":[{"start":{"line":11,"column":22},"end":{"line":11,"column":24}}]},"1":{"loc":{"start":{"line":14,"column":4},"end":{"line":21,"column":null}},"type":"if","locations":[{"start":{"line":14,"column":4},"end":{"line":21,"column":null}},{"start":{},"end":{}}]},"2":{"loc":{"start":{"line":16,"column":6},"end":{"line":16,"column":null}},"type":"if","locations":[{"start":{"line":16,"column":6},"end":{"line":16,"column":null}},{"start":{},"end":{}}]},"3":{"loc":{"start":{"line":17,"column":6},"end":{"line":17,"column":null}},"type":"if","locations":[{"start":{"line":17,"column":6},"end":{"line":17,"column":null}},{"start":{},"end":{}}]},"4":{"loc":{"start":{"line":28,"column":4},"end":{"line":28,"column":null}},"type":"default-arg","locations":[{"start":{"line":28,"column":22},"end":{"line":28,"column":null}}]},"5":{"loc":{"start":{"line":36,"column":4},"end":{"line":41,"column":5}},"type":"default-arg","locations":[{"start":{"line":36,"column":45},"end":{"line":41,"column":5}}]},"6":{"loc":{"start":{"line":53,"column":17},"end":{"line":53,"column":null}},"type":"binary-expr","locations":[{"start":{"line":53,"column":17},"end":{"line":53,"column":79}},{"start":{"line":53,"column":79},"end":{"line":53,"column":null}}]},"7":{"loc":{"start":{"line":63,"column":4},"end":{"line":65,"column":null}},"type":"if","locations":[{"start":{"line":63,"column":4},"end":{"line":65,"column":null}},{"start":{},"end":{}}]},"8":{"loc":{"start":{"line":103,"column":4},"end":{"line":103,"column":25}},"type":"default-arg","locations":[{"start":{"line":103,"column":21},"end":{"line":103,"column":25}}]},"9":{"loc":{"start":{"line":104,"column":4},"end":{"line":104,"column":40}},"type":"default-arg","locations":[{"start":{"line":104,"column":35},"end":{"line":104,"column":40}}]},"10":{"loc":{"start":{"line":130,"column":4},"end":{"line":130,"column":24}},"type":"default-arg","locations":[{"start":{"line":130,"column":21},"end":{"line":130,"column":24}}]},"11":{"loc":{"start":{"line":131,"column":4},"end":{"line":131,"column":39}},"type":"default-arg","locations":[{"start":{"line":131,"column":35},"end":{"line":131,"column":39}}]},"12":{"loc":{"start":{"line":146,"column":4},"end":{"line":148,"column":null}},"type":"if","locations":[{"start":{"line":146,"column":4},"end":{"line":148,"column":null}},{"start":{},"end":{}}]},"13":{"loc":{"start":{"line":154,"column":4},"end":{"line":156,"column":null}},"type":"if","locations":[{"start":{"line":154,"column":4},"end":{"line":156,"column":null}},{"start":{},"end":{}}]},"14":{"loc":{"start":{"line":173,"column":4},"end":{"line":173,"column":null}},"type":"if","locations":[{"start":{"line":173,"column":4},"end":{"line":173,"column":null}},{"start":{},"end":{}}]},"15":{"loc":{"start":{"line":173,"column":8},"end":{"line":173,"column":40}},"type":"binary-expr","locations":[{"start":{"line":173,"column":8},"end":{"line":173,"column":19}},{"start":{"line":173,"column":19},"end":{"line":173,"column":40}}]},"16":{"loc":{"start":{"line":184,"column":4},"end":{"line":184,"column":null}},"type":"if","locations":[{"start":{"line":184,"column":4},"end":{"line":184,"column":null}},{"start":{},"end":{}}]},"17":{"loc":{"start":{"line":187,"column":4},"end":{"line":193,"column":null}},"type":"if","locations":[{"start":{"line":187,"column":4},"end":{"line":193,"column":null}},{"start":{},"end":{}}]},"18":{"loc":{"start":{"line":218,"column":4},"end":{"line":218,"column":null}},"type":"if","locations":[{"start":{"line":218,"column":4},"end":{"line":218,"column":null}},{"start":{},"end":{}}]},"19":{"loc":{"start":{"line":250,"column":4},"end":{"line":250,"column":null}},"type":"if","locations":[{"start":{"line":250,"column":4},"end":{"line":250,"column":null}},{"start":{},"end":{}}]},"20":{"loc":{"start":{"line":255,"column":8},"end":{"line":260,"column":null}},"type":"if","locations":[{"start":{"line":255,"column":8},"end":{"line":260,"column":null}},{"start":{},"end":{}}]},"21":{"loc":{"start":{"line":268,"column":4},"end":{"line":268,"column":null}},"type":"if","locations":[{"start":{"line":268,"column":4},"end":{"line":268,"column":null}},{"start":{},"end":{}}]},"22":{"loc":{"start":{"line":290,"column":42},"end":{"line":290,"column":60}},"type":"default-arg","locations":[{"start":{"line":290,"column":58},"end":{"line":290,"column":60}}]},"23":{"loc":{"start":{"line":324,"column":19},"end":{"line":324,"column":null}},"type":"binary-expr","locations":[{"start":{"line":324,"column":19},"end":{"line":324,"column":50}},{"start":{"line":324,"column":54},"end":{"line":324,"column":null}}]},"24":{"loc":{"start":{"line":332,"column":4},"end":{"line":332,"column":24}},"type":"default-arg","locations":[{"start":{"line":332,"column":22},"end":{"line":332,"column":24}}]},"25":{"loc":{"start":{"line":335,"column":4},"end":{"line":335,"column":null}},"type":"if","locations":[{"start":{"line":335,"column":4},"end":{"line":335,"column":null}},{"start":{},"end":{}}]},"26":{"loc":{"start":{"line":336,"column":4},"end":{"line":336,"column":null}},"type":"if","locations":[{"start":{"line":336,"column":4},"end":{"line":336,"column":null}},{"start":{},"end":{}}]},"27":{"loc":{"start":{"line":344,"column":4},"end":{"line":346,"column":null}},"type":"if","locations":[{"start":{"line":344,"column":4},"end":{"line":346,"column":null}},{"start":{},"end":{}}]},"28":{"loc":{"start":{"line":344,"column":8},"end":{"line":344,"column":88}},"type":"binary-expr","locations":[{"start":{"line":344,"column":8},"end":{"line":344,"column":41}},{"start":{"line":344,"column":41},"end":{"line":344,"column":88}}]},"29":{"loc":{"start":{"line":367,"column":6},"end":{"line":369,"column":null}},"type":"if","locations":[{"start":{"line":367,"column":6},"end":{"line":369,"column":null}},{"start":{},"end":{}}]},"30":{"loc":{"start":{"line":372,"column":6},"end":{"line":374,"column":null}},"type":"if","locations":[{"start":{"line":372,"column":6},"end":{"line":374,"column":null}},{"start":{},"end":{}}]},"31":{"loc":{"start":{"line":395,"column":6},"end":{"line":399,"column":null}},"type":"if","locations":[{"start":{"line":395,"column":6},"end":{"line":399,"column":null}},{"start":{},"end":{}}]},"32":{"loc":{"start":{"line":405,"column":0},"end":{"line":422,"column":null}},"type":"if","locations":[{"start":{"line":405,"column":0},"end":{"line":422,"column":null}},{"start":{},"end":{}}]}},"s":{"0":0,"1":0,"2":0,"3":0,"4":0,"5":0,"6":0,"7":0,"8":0,"9":0,"10":0,"11":0,"12":0,"13":0,"14":0,"15":0,"16":0,"17":0,"18":0,"19":0,"20":0,"21":0,"22":0,"23":0,"24":0,"25":0,"26":0,"27":0,"28":0,"29":0,"30":0,"31":0,"32":0,"33":0,"34":0,"35":0,"36":0,"37":0,"38":0,"39":0,"40":0,"41":0,"42":0,"43":0,"44":0,"45":0,"46":0,"47":0,"48":0,"49":0,"50":0,"51":0,"52":0,"53":0,"54":0,"55":0,"56":0,"57":0,"58":0,"59":0,"60":0,"61":0,"62":0,"63":0,"64":0,"65":0,"66":0,"67":0,"68":0,"69":0,"70":0,"71":0,"72":0,"73":0,"74":0,"75":0,"76":0,"77":0,"78":0,"79":0,"80":0,"81":0,"82":0,"83":0,"84":0,"85":0,"86":0,"87":0,"88":0,"89":0,"90":0,"91":0,"92":0,"93":0,"94":0,"95":0,"96":0,"97":0,"98":0,"99":0,"100":0,"101":0,"102":0,"103":0,"104":0,"105":0,"106":0,"107":0,"108":0,"109":0,"110":0,"111":0,"112":0,"113":0,"114":0,"115":0,"116":0,"117":0,"118":0,"119":0,"120":0,"121":0,"122":0,"123":0,"124":0,"125":0,"126":0,"127":0,"128":0,"129":0,"130":0,"131":0,"132":0,"133":0,"134":0,"135":0,"136":0,"137":0,"138":0,"139":0,"140":0},"f":{"0":0,"1":0,"2":0,"3":0,"4":0,"5":0,"6":0,"7":0,"8":0,"9":0,"10":0,"11":0,"12":0,"13":0,"14":0,"15":0,"16":0,"17":0,"18":0,"19":0,"20":0,"21":0,"22":0,"23":0,"24":0,"25":0,"26":0,"27":0,"28":0,"29":0,"30":0,"31":0,"32":0,"33":0,"34":0,"35":0,"36":0,"37":0,"38":0,"39":0,"40":0,"41":0,"42":0,"43":0,"44":0,"45":0,"46":0},"b":{"0":[0],"1":[0,0],"2":[0,0],"3":[0,0],"4":[0],"5":[0],"6":[0,0],"7":[0,0],"8":[0],"9":[0],"10":[0],"11":[0],"12":[0,0],"13":[0,0],"14":[0,0],"15":[0,0],"16":[0,0],"17":[0,0],"18":[0,0],"19":[0,0],"20":[0,0],"21":[0,0],"22":[0],"23":[0,0],"24":[0],"25":[0,0],"26":[0,0],"27":[0,0],"28":[0,0],"29":[0,0],"30":[0,0],"31":[0,0],"32":[0,0]}}
,"/Users/raoc/Documents/GitHub/Eventraise/lib/sendgrid.ts": {"path":"/Users/raoc/Documents/GitHub/Eventraise/lib/sendgrid.ts","statementMap":{"0":{"start":{"line":37,"column":13},"end":{"line":37,"column":null}},"1":{"start":{"line":1,"column":19},"end":{"line":1,"column":null}},"2":{"start":{"line":4,"column":0},"end":{"line":6,"column":null}},"3":{"start":{"line":5,"column":2},"end":{"line":5,"column":null}},"4":{"start":{"line":39,"column":4},"end":{"line":39,"column":null}},"5":{"start":{"line":43,"column":4},"end":{"line":46,"column":null}},"6":{"start":{"line":44,"column":6},"end":{"line":44,"column":null}},"7":{"start":{"line":45,"column":6},"end":{"line":45,"column":null}},"8":{"start":{"line":48,"column":4},"end":{"line":80,"column":null}},"9":{"start":{"line":49,"column":18},"end":{"line":72,"column":null}},"10":{"start":{"line":74,"column":6},"end":{"line":74,"column":null}},"11":{"start":{"line":75,"column":6},"end":{"line":75,"column":null}},"12":{"start":{"line":76,"column":6},"end":{"line":76,"column":null}},"13":{"start":{"line":78,"column":6},"end":{"line":78,"column":null}},"14":{"start":{"line":79,"column":6},"end":{"line":79,"column":null}},"15":{"start":{"line":84,"column":4},"end":{"line":87,"column":null}},"16":{"start":{"line":85,"column":6},"end":{"line":85,"column":null}},"17":{"start":{"line":86,"column":6},"end":{"line":86,"column":null}},"18":{"start":{"line":89,"column":4},"end":{"line":120,"column":null}},"19":{"start":{"line":90,"column":18},"end":{"line":112,"column":null}},"20":{"start":{"line":114,"column":6},"end":{"line":114,"column":null}},"21":{"start":{"line":115,"column":6},"end":{"line":115,"column":null}},"22":{"start":{"line":116,"column":6},"end":{"line":116,"column":null}},"23":{"start":{"line":118,"column":6},"end":{"line":118,"column":null}},"24":{"start":{"line":119,"column":6},"end":{"line":119,"column":null}},"25":{"start":{"line":124,"column":4},"end":{"line":173,"column":null}},"26":{"start":{"line":177,"column":4},"end":{"line":231,"column":null}}},"fnMap":{"0":{"name":"(anonymous_2)","decl":{"start":{"line":38,"column":2},"end":{"line":38,"column":17}},"loc":{"start":{"line":38,"column":41},"end":{"line":40,"column":null}}},"1":{"name":"(anonymous_3)","decl":{"start":{"line":42,"column":2},"end":{"line":42,"column":15}},"loc":{"start":{"line":42,"column":80},"end":{"line":81,"column":null}}},"2":{"name":"(anonymous_4)","decl":{"start":{"line":83,"column":2},"end":{"line":83,"column":15}},"loc":{"start":{"line":83,"column":90},"end":{"line":121,"column":null}}},"3":{"name":"(anonymous_5)","decl":{"start":{"line":123,"column":2},"end":{"line":123,"column":17}},"loc":{"start":{"line":123,"column":72},"end":{"line":174,"column":null}}},"4":{"name":"(anonymous_6)","decl":{"start":{"line":176,"column":2},"end":{"line":176,"column":17}},"loc":{"start":{"line":176,"column":82},"end":{"line":232,"column":null}}}},"branchMap":{"0":{"loc":{"start":{"line":4,"column":0},"end":{"line":6,"column":null}},"type":"if","locations":[{"start":{"line":4,"column":0},"end":{"line":6,"column":null}},{"start":{},"end":{}}]},"1":{"loc":{"start":{"line":43,"column":4},"end":{"line":46,"column":null}},"type":"if","locations":[{"start":{"line":43,"column":4},"end":{"line":46,"column":null}},{"start":{},"end":{}}]},"2":{"loc":{"start":{"line":52,"column":17},"end":{"line":52,"column":null}},"type":"binary-expr","locations":[{"start":{"line":52,"column":17},"end":{"line":52,"column":48}},{"start":{"line":52,"column":52},"end":{"line":52,"column":null}}]},"3":{"loc":{"start":{"line":84,"column":4},"end":{"line":87,"column":null}},"type":"if","locations":[{"start":{"line":84,"column":4},"end":{"line":87,"column":null}},{"start":{},"end":{}}]},"4":{"loc":{"start":{"line":93,"column":17},"end":{"line":93,"column":null}},"type":"binary-expr","locations":[{"start":{"line":93,"column":17},"end":{"line":93,"column":48}},{"start":{"line":93,"column":52},"end":{"line":93,"column":null}}]},"5":{"loc":{"start":{"line":155,"column":16},"end":{"line":155,"column":88}},"type":"cond-expr","locations":[{"start":{"line":155,"column":37},"end":{"line":155,"column":85}},{"start":{"line":155,"column":85},"end":{"line":155,"column":88}}]},"6":{"loc":{"start":{"line":157,"column":14},"end":{"line":164,"column":19}},"type":"cond-expr","locations":[{"start":{"line":157,"column":38},"end":{"line":164,"column":13}},{"start":{"line":164,"column":16},"end":{"line":164,"column":19}}]},"7":{"loc":{"start":{"line":161,"column":18},"end":{"line":161,"column":87}},"type":"cond-expr","locations":[{"start":{"line":161,"column":45},"end":{"line":161,"column":81}},{"start":{"line":161,"column":84},"end":{"line":161,"column":87}}]},"8":{"loc":{"start":{"line":162,"column":18},"end":{"line":162,"column":101}},"type":"cond-expr","locations":[{"start":{"line":162,"column":41},"end":{"line":162,"column":95}},{"start":{"line":162,"column":98},"end":{"line":162,"column":101}}]},"9":{"loc":{"start":{"line":205,"column":14},"end":{"line":205,"column":94}},"type":"cond-expr","locations":[{"start":{"line":205,"column":41},"end":{"line":205,"column":88}},{"start":{"line":205,"column":91},"end":{"line":205,"column":94}}]},"10":{"loc":{"start":{"line":208,"column":14},"end":{"line":216,"column":19}},"type":"cond-expr","locations":[{"start":{"line":208,"column":54},"end":{"line":216,"column":13}},{"start":{"line":216,"column":16},"end":{"line":216,"column":19}}]},"11":{"loc":{"start":{"line":213,"column":16},"end":{"line":215,"column":21}},"type":"cond-expr","locations":[{"start":{"line":213,"column":56},"end":{"line":215,"column":15}},{"start":{"line":215,"column":18},"end":{"line":215,"column":21}}]},"12":{"loc":{"start":{"line":213,"column":16},"end":{"line":213,"column":53}},"type":"binary-expr","locations":[{"start":{"line":213,"column":16},"end":{"line":213,"column":34}},{"start":{"line":213,"column":38},"end":{"line":213,"column":53}}]}},"s":{"0":0,"1":0,"2":0,"3":0,"4":0,"5":0,"6":0,"7":0,"8":0,"9":0,"10":0,"11":0,"12":0,"13":0,"14":0,"15":0,"16":0,"17":0,"18":0,"19":0,"20":0,"21":0,"22":0,"23":0,"24":0,"25":0,"26":0},"f":{"0":0,"1":0,"2":0,"3":0,"4":0},"b":{"0":[0,0],"1":[0,0],"2":[0,0],"3":[0,0],"4":[0,0],"5":[0,0],"6":[0,0],"7":[0,0],"8":[0,0],"9":[0,0],"10":[0,0],"11":[0,0],"12":[0,0]}}
,"/Users/raoc/Documents/GitHub/Eventraise/lib/stripe.ts": {"path":"/Users/raoc/Documents/GitHub/Eventraise/lib/stripe.ts","statementMap":{"0":{"start":{"line":7,"column":13},"end":{"line":7,"column":22}},"1":{"start":{"line":3,"column":13},"end":{"line":3,"column":19}},"2":{"start":{"line":1,"column":19},"end":{"line":1,"column":null}},"3":{"start":{"line":3,"column":22},"end":{"line":5,"column":null}},"4":{"start":{"line":7,"column":25},"end":{"line":14,"column":null}},"5":{"start":{"line":8,"column":2},"end":{"line":12,"column":null}},"6":{"start":{"line":9,"column":4},"end":{"line":10,"column":null}},"7":{"start":{"line":9,"column":11},"end":{"line":9,"column":39}},"8":{"start":{"line":10,"column":6},"end":{"line":10,"column":null}},"9":{"start":{"line":13,"column":2},"end":{"line":13,"column":null}}},"fnMap":{"0":{"name":"(anonymous_7)","decl":{"start":{"line":7,"column":25},"end":{"line":7,"column":null}},"loc":{"start":{"line":7,"column":25},"end":{"line":14,"column":null}}},"1":{"name":"(anonymous_8)","decl":{"start":{"line":9,"column":11},"end":{"line":9,"column":18}},"loc":{"start":{"line":9,"column":11},"end":{"line":9,"column":39}}},"2":{"name":"(anonymous_9)","decl":{"start":{"line":9,"column":44},"end":{"line":9,"column":45}},"loc":{"start":{"line":10,"column":6},"end":{"line":10,"column":null}}}},"branchMap":{"0":{"loc":{"start":{"line":8,"column":2},"end":{"line":12,"column":null}},"type":"if","locations":[{"start":{"line":8,"column":2},"end":{"line":12,"column":null}},{"start":{},"end":{}}]}},"s":{"0":0,"1":0,"2":0,"3":0,"4":0,"5":0,"6":0,"7":0,"8":0,"9":0},"f":{"0":0,"1":0,"2":0},"b":{"0":[0,0]}}
,"/Users/raoc/Documents/GitHub/Eventraise/lib/supabase.ts": {"path":"/Users/raoc/Documents/GitHub/Eventraise/lib/supabase.ts","statementMap":{"0":{"start":{"line":7,"column":13},"end":{"line":7,"column":21}},"1":{"start":{"line":11,"column":13},"end":{"line":11,"column":26}},"2":{"start":{"line":1,"column":29},"end":{"line":1,"column":null}},"3":{"start":{"line":3,"column":20},"end":{"line":3,"column":null}},"4":{"start":{"line":4,"column":24},"end":{"line":4,"column":null}},"5":{"start":{"line":7,"column":24},"end":{"line":9,"column":null}},"6":{"start":{"line":11,"column":29},"end":{"line":22,"column":null}}},"fnMap":{},"branchMap":{"0":{"loc":{"start":{"line":3,"column":20},"end":{"line":3,"column":null}},"type":"binary-expr","locations":[{"start":{"line":3,"column":20},"end":{"line":3,"column":56}},{"start":{"line":3,"column":60},"end":{"line":3,"column":null}}]},"1":{"loc":{"start":{"line":4,"column":24},"end":{"line":4,"column":null}},"type":"binary-expr","locations":[{"start":{"line":4,"column":24},"end":{"line":4,"column":65}},{"start":{"line":4,"column":69},"end":{"line":4,"column":null}}]},"2":{"loc":{"start":{"line":7,"column":24},"end":{"line":9,"column":null}},"type":"cond-expr","locations":[{"start":{"line":8,"column":4},"end":{"line":8,"column":null}},{"start":{"line":9,"column":4},"end":{"line":9,"column":null}}]},"3":{"loc":{"start":{"line":7,"column":24},"end":{"line":7,"column":null}},"type":"binary-expr","locations":[{"start":{"line":7,"column":24},"end":{"line":7,"column":39}},{"start":{"line":7,"column":39},"end":{"line":7,"column":null}}]},"4":{"loc":{"start":{"line":11,"column":29},"end":{"line":22,"column":null}},"type":"cond-expr","locations":[{"start":{"line":12,"column":4},"end":{"line":20,"column":null}},{"start":{"line":22,"column":4},"end":{"line":22,"column":null}}]},"5":{"loc":{"start":{"line":11,"column":29},"end":{"line":11,"column":81}},"type":"binary-expr","locations":[{"start":{"line":11,"column":29},"end":{"line":11,"column":44}},{"start":{"line":11,"column":44},"end":{"line":11,"column":81}}]}},"s":{"0":0,"1":0,"2":0,"3":0,"4":0,"5":0,"6":0},"f":{},"b":{"0":[0,0],"1":[0,0],"2":[0,0],"3":[0,0],"4":[0,0],"5":[0,0]}}
,"/Users/raoc/Documents/GitHub/Eventraise/lib/utils.ts": {"path":"/Users/raoc/Documents/GitHub/Eventraise/lib/utils.ts","statementMap":{"0":{"start":{"line":4,"column":16},"end":{"line":4,"column":19}},"1":{"start":{"line":1,"column":38},"end":{"line":1,"column":null}},"2":{"start":{"line":2,"column":24},"end":{"line":2,"column":null}},"3":{"start":{"line":5,"column":2},"end":{"line":5,"column":null}}},"fnMap":{"0":{"name":"cn","decl":{"start":{"line":4,"column":16},"end":{"line":4,"column":19}},"loc":{"start":{"line":4,"column":42},"end":{"line":6,"column":null}}}},"branchMap":{},"s":{"0":5343,"1":8,"2":8,"3":5343},"f":{"0":5343},"b":{}}
}
