TN:
SF:app/analytics-provider.tsx
FN:7,AnalyticsProvider
FN:10,(anonymous_2)
FN:15,(anonymous_3)
FNF:3
FNH:0
FNDA:0,AnalyticsProvider
FNDA:0,(anonymous_2)
FNDA:0,(anonymous_3)
DA:3,0
DA:4,0
DA:5,0
DA:7,0
DA:8,0
DA:10,0
DA:12,0
DA:15,0
DA:17,0
DA:18,0
LF:10
LH:0
BRDA:17,0,0,0
BRDA:17,0,1,0
BRF:2
BRH:0
end_of_record
TN:
SF:app/global-error.tsx
FN:6,GlobalError
FN:13,(anonymous_5)
FNF:2
FNH:0
FNDA:0,GlobalError
FNDA:0,(anonymous_5)
DA:3,0
DA:4,0
DA:6,0
DA:13,0
DA:14,0
LF:5
LH:0
BRF:0
BRH:0
end_of_record
TN:
SF:app/layout.tsx
FN:14,RootLayout
FNF:1
FNH:0
FNDA:0,RootLayout
DA:2,0
DA:3,0
DA:4,0
DA:5,0
DA:7,0
DA:9,0
DA:14,0
LF:7
LH:0
BRF:0
BRH:0
end_of_record
TN:
SF:app/page.tsx
FN:24,HomePage
FNF:1
FNH:0
FNDA:0,HomePage
DA:1,0
DA:2,0
DA:3,0
DA:4,0
DA:22,0
DA:24,0
LF:6
LH:0
BRF:0
BRH:0
end_of_record
TN:
SF:app/providers.tsx
FN:17,(anonymous_3)
FN:20,(anonymous_4)
FN:28,Providers
FN:33,(anonymous_6)
FN:55,(anonymous_7)
FN:58,(anonymous_8)
FN:72,(anonymous_9)
FN:78,(anonymous_10)
FN:81,(anonymous_11)
FNF:9
FNH:0
FNDA:0,(anonymous_3)
FNDA:0,(anonymous_4)
FNDA:0,Providers
FNDA:0,(anonymous_6)
FNDA:0,(anonymous_7)
FNDA:0,(anonymous_8)
FNDA:0,(anonymous_9)
FNDA:0,(anonymous_10)
FNDA:0,(anonymous_11)
DA:3,0
DA:4,0
DA:6,0
DA:14,0
DA:20,0
DA:21,0
DA:22,0
DA:23,0
DA:25,0
DA:28,0
DA:29,0
DA:30,0
DA:31,0
DA:33,0
DA:35,0
DA:36,0
DA:37,0
DA:38,0
DA:40,0
DA:41,0
DA:42,0
DA:43,0
DA:46,0
DA:47,0
DA:49,0
DA:50,0
DA:55,0
DA:56,0
DA:58,0
DA:59,0
DA:60,0
DA:61,0
DA:62,0
DA:64,0
DA:65,0
DA:69,0
DA:71,0
DA:73,0
DA:74,0
DA:78,0
DA:81,0
DA:82,0
DA:83,0
LF:43
LH:0
BRDA:22,0,0,0
BRDA:22,0,1,0
BRDA:35,1,0,0
BRDA:35,1,1,0
BRDA:40,2,0,0
BRDA:40,2,1,0
BRDA:40,3,0,0
BRDA:40,3,1,0
BRDA:56,4,0,0
BRDA:56,4,1,0
BRDA:73,5,0,0
BRDA:73,5,1,0
BRDA:82,6,0,0
BRDA:82,6,1,0
BRF:14
BRH:0
end_of_record
TN:
SF:app/admin/reports/page.tsx
FN:6,ReportsPage
FNF:1
FNH:0
FNDA:0,ReportsPage
DA:3,0
DA:4,0
DA:6,0
LF:3
LH:0
BRF:0
BRH:0
end_of_record
TN:
SF:app/api/admin/export-donors/route.ts
FN:9,GET
FN:129,(anonymous_5)
FN:141,(anonymous_6)
FN:141,(anonymous_7)
FNF:4
FNH:0
FNDA:0,GET
FNDA:0,(anonymous_5)
FNDA:0,(anonymous_6)
FNDA:0,(anonymous_7)
DA:2,0
DA:3,0
DA:6,0
DA:9,0
DA:10,0
DA:12,0
DA:13,0
DA:14,0
DA:20,0
DA:23,0
DA:34,0
DA:36,0
DA:37,0
DA:44,0
DA:50,0
DA:51,0
DA:58,0
DA:59,0
DA:60,0
DA:61,0
DA:62,0
DA:64,0
DA:65,0
DA:72,0
DA:86,0
DA:87,0
DA:91,0
DA:92,0
DA:94,0
DA:95,0
DA:98,0
DA:100,0
DA:101,0
DA:102,0
DA:109,0
DA:117,0
DA:119,0
DA:129,0
DA:139,0
DA:141,0
DA:144,0
DA:154,0
DA:165,0
DA:166,0
LF:44
LH:0
BRDA:13,0,0,0
BRDA:13,0,1,0
BRDA:13,1,0,0
BRDA:13,1,1,0
BRDA:36,2,0,0
BRDA:36,2,1,0
BRDA:36,3,0,0
BRDA:36,3,1,0
BRDA:50,4,0,0
BRDA:50,4,1,0
BRDA:62,5,0,0
BRDA:62,5,1,0
BRDA:64,6,0,0
BRDA:64,6,1,0
BRDA:86,7,0,0
BRDA:86,7,1,0
BRDA:91,8,0,0
BRDA:91,8,1,0
BRDA:94,9,0,0
BRDA:94,9,1,0
BRDA:100,10,0,0
BRDA:100,10,1,0
BRDA:114,11,0,0
BRDA:114,11,1,0
BRDA:117,12,0,0
BRDA:117,12,1,0
BRDA:129,13,0,0
BRDA:129,13,1,0
BRDA:132,14,0,0
BRDA:132,14,1,0
BRDA:133,15,0,0
BRDA:133,15,1,0
BRDA:134,16,0,0
BRDA:134,16,1,0
BRDA:158,17,0,0
BRDA:158,17,1,0
BRF:36
BRH:0
end_of_record
TN:
SF:app/api/admin/reports/route.ts
FN:6,GET
FN:94,POST
FN:131,generateAnalyticsData
FN:215,(anonymous_7)
FN:219,(anonymous_8)
FN:223,(anonymous_9)
FN:253,getCampaignPerformance
FN:273,(anonymous_11)
FN:286,getEventPerformance
FN:308,(anonymous_13)
FN:323,getMonthlyBreakdown
FN:327,(anonymous_15)
FN:337,(anonymous_16)
FN:347,(anonymous_17)
FN:351,(anonymous_18)
FNF:15
FNH:0
FNDA:0,GET
FNDA:0,POST
FNDA:0,generateAnalyticsData
FNDA:0,(anonymous_7)
FNDA:0,(anonymous_8)
FNDA:0,(anonymous_9)
FNDA:0,getCampaignPerformance
FNDA:0,(anonymous_11)
FNDA:0,getEventPerformance
FNDA:0,(anonymous_13)
FNDA:0,getMonthlyBreakdown
FNDA:0,(anonymous_15)
FNDA:0,(anonymous_16)
FNDA:0,(anonymous_17)
FNDA:0,(anonymous_18)
DA:2,0
DA:3,0
DA:4,0
DA:6,0
DA:7,0
DA:8,0
DA:9,0
DA:10,0
DA:11,0
DA:12,0
DA:13,0
DA:14,0
DA:16,0
DA:17,0
DA:23,0
DA:33,0
DA:35,0
DA:36,0
DA:38,0
DA:39,0
DA:41,0
DA:42,0
DA:44,0
DA:45,0
DA:50,0
DA:51,0
DA:53,0
DA:60,0
DA:67,0
DA:76,0
DA:79,0
DA:87,0
DA:94,0
DA:95,0
DA:96,0
DA:98,0
DA:99,0
DA:106,0
DA:109,0
DA:115,0
DA:122,0
DA:124,0
DA:132,0
DA:133,0
DA:136,0
DA:139,0
DA:140,0
DA:141,0
DA:143,0
DA:144,0
DA:148,0
DA:152,0
DA:153,0
DA:154,0
DA:155,0
DA:159,0
DA:160,0
DA:163,0
DA:165,0
DA:166,0
DA:170,0
DA:174,0
DA:175,0
DA:176,0
DA:177,0
DA:181,0
DA:182,0
DA:185,0
DA:187,0
DA:188,0
DA:192,0
DA:196,0
DA:197,0
DA:198,0
DA:199,0
DA:203,0
DA:204,0
DA:207,0
DA:209,0
DA:210,0
DA:214,0
DA:215,0
DA:216,0
DA:218,0
DA:219,0
DA:220,0
DA:222,0
DA:223,0
DA:226,0
DA:229,0
DA:232,0
DA:234,0
DA:254,0
DA:256,0
DA:267,0
DA:268,0
DA:271,0
DA:273,0
DA:287,0
DA:289,0
DA:302,0
DA:303,0
DA:306,0
DA:308,0
DA:324,0
DA:327,0
DA:328,0
DA:329,0
DA:330,0
DA:332,0
DA:333,0
DA:337,0
DA:338,0
DA:339,0
DA:340,0
DA:342,0
DA:343,0
DA:346,0
DA:347,0
DA:351,0
LF:120
LH:0
BRDA:16,0,0,0
BRDA:16,0,1,0
BRDA:24,1,0,0
BRDA:24,1,1,0
BRDA:25,2,0,0
BRDA:25,2,1,0
BRDA:26,3,0,0
BRDA:26,3,1,0
BRDA:27,4,0,0
BRDA:27,4,1,0
BRDA:33,5,0,0
BRDA:33,5,1,0
BRDA:33,5,2,0
BRDA:33,5,3,0
BRDA:33,5,4,0
BRDA:44,6,0,0
BRDA:44,6,1,0
BRDA:80,7,0,0
BRDA:80,7,1,0
BRDA:98,8,0,0
BRDA:98,8,1,0
BRDA:131,9,0,0
BRDA:132,10,0,0
BRDA:132,10,1,0
BRDA:140,11,0,0
BRDA:140,11,1,0
BRDA:143,12,0,0
BRDA:143,12,1,0
BRDA:152,13,0,0
BRDA:152,13,1,0
BRDA:153,14,0,0
BRDA:153,14,1,0
BRDA:154,15,0,0
BRDA:154,15,1,0
BRDA:159,16,0,0
BRDA:159,16,1,0
BRDA:165,17,0,0
BRDA:165,17,1,0
BRDA:174,18,0,0
BRDA:174,18,1,0
BRDA:175,19,0,0
BRDA:175,19,1,0
BRDA:176,20,0,0
BRDA:176,20,1,0
BRDA:181,21,0,0
BRDA:181,21,1,0
BRDA:187,22,0,0
BRDA:187,22,1,0
BRDA:196,23,0,0
BRDA:196,23,1,0
BRDA:197,24,0,0
BRDA:197,24,1,0
BRDA:198,25,0,0
BRDA:198,25,1,0
BRDA:203,26,0,0
BRDA:203,26,1,0
BRDA:209,27,0,0
BRDA:209,27,1,0
BRDA:214,28,0,0
BRDA:214,28,1,0
BRDA:215,29,0,0
BRDA:215,29,1,0
BRDA:216,30,0,0
BRDA:216,30,1,0
BRDA:218,31,0,0
BRDA:218,31,1,0
BRDA:219,32,0,0
BRDA:219,32,1,0
BRDA:220,33,0,0
BRDA:220,33,1,0
BRDA:222,34,0,0
BRDA:222,34,1,0
BRDA:223,35,0,0
BRDA:223,35,1,0
BRDA:226,36,0,0
BRDA:226,36,1,0
BRDA:226,37,0,0
BRDA:226,37,1,0
BRDA:254,38,0,0
BRDA:254,38,1,0
BRDA:267,39,0,0
BRDA:267,39,1,0
BRDA:273,40,0,0
BRDA:273,40,1,0
BRDA:278,41,0,0
BRDA:278,41,1,0
BRDA:281,42,0,0
BRDA:281,42,1,0
BRDA:287,43,0,0
BRDA:287,43,1,0
BRDA:302,44,0,0
BRDA:302,44,1,0
BRDA:308,45,0,0
BRDA:308,45,1,0
BRDA:315,46,0,0
BRDA:315,46,1,0
BRDA:319,47,0,0
BRDA:319,47,1,0
BRDA:329,48,0,0
BRDA:329,48,1,0
BRDA:339,49,0,0
BRDA:339,49,1,0
BRF:102
BRH:0
end_of_record
TN:
SF:app/api/create-checkout/route.ts
FN:5,POST
FNF:1
FNH:0
FNDA:0,POST
DA:2,0
DA:3,0
DA:5,0
DA:6,0
DA:16,0
DA:19,0
DA:20,0
DA:26,0
DA:27,0
DA:34,0
DA:35,0
DA:41,0
DA:47,0
DA:48,0
DA:55,0
DA:84,0
DA:89,0
DA:90,0
LF:18
LH:0
BRDA:13,0,0,0
BRDA:19,1,0,0
BRDA:19,1,1,0
BRDA:19,2,0,0
BRDA:19,2,1,0
BRDA:26,3,0,0
BRDA:26,3,1,0
BRDA:34,4,0,0
BRDA:34,4,1,0
BRDA:47,5,0,0
BRDA:47,5,1,0
BRDA:47,6,0,0
BRDA:47,6,1,0
BRDA:63,7,0,0
BRDA:63,7,1,0
BRDA:71,8,0,0
BRDA:71,8,1,0
BRDA:72,9,0,0
BRDA:72,9,1,0
BRDA:75,10,0,0
BRDA:75,10,1,0
BRDA:76,11,0,0
BRDA:76,11,1,0
BRDA:77,12,0,0
BRDA:77,12,1,0
BRF:25
BRH:0
end_of_record
TN:
SF:app/api/create-payment-intent/route.ts
FN:4,POST
FNF:1
FNH:0
FNDA:0,POST
DA:2,0
DA:4,0
DA:5,0
DA:6,0
DA:9,0
DA:10,0
DA:17,0
DA:30,0
DA:35,0
DA:36,0
LF:10
LH:0
BRDA:6,0,0,0
BRDA:9,1,0,0
BRDA:9,1,1,0
BRDA:9,2,0,0
BRDA:9,2,1,0
BRDA:21,3,0,0
BRDA:21,3,1,0
BRDA:22,4,0,0
BRDA:22,4,1,0
BRDA:23,5,0,0
BRDA:23,5,1,0
BRF:11
BRH:0
end_of_record
TN:
SF:app/api/events/[id]/volunteer-shifts/route.ts
FN:4,GET
FNF:1
FNH:0
FNDA:0,GET
DA:2,0
DA:4,0
DA:8,0
DA:9,0
DA:11,0
DA:12,0
DA:19,0
DA:26,0
DA:27,0
DA:28,0
DA:34,0
DA:39,0
DA:40,0
LF:13
LH:0
BRDA:11,0,0,0
BRDA:11,0,1,0
BRDA:26,1,0,0
BRDA:26,1,1,0
BRDA:35,2,0,0
BRDA:35,2,1,0
BRF:6
BRH:0
end_of_record
TN:
SF:app/api/events/register/route.ts
FN:6,POST
FNF:1
FNH:0
FNDA:0,POST
DA:2,0
DA:3,0
DA:4,0
DA:6,0
DA:7,0
DA:19,0
DA:22,0
DA:23,0
DA:29,0
DA:30,0
DA:37,0
DA:43,0
DA:44,0
DA:51,0
DA:52,0
DA:59,0
DA:60,0
DA:67,0
DA:85,0
DA:86,0
DA:87,0
DA:94,0
DA:97,0
DA:104,0
DA:110,0
DA:113,0
DA:121,0
LF:27
LH:0
BRDA:22,0,0,0
BRDA:22,0,1,0
BRDA:22,1,0,0
BRDA:22,1,1,0
BRDA:22,1,2,0
BRDA:22,1,3,0
BRDA:29,2,0,0
BRDA:29,2,1,0
BRDA:43,3,0,0
BRDA:43,3,1,0
BRDA:43,4,0,0
BRDA:43,4,1,0
BRDA:51,5,0,0
BRDA:51,5,1,0
BRDA:51,6,0,0
BRDA:51,6,1,0
BRDA:59,7,0,0
BRDA:59,7,1,0
BRDA:59,8,0,0
BRDA:59,8,1,0
BRDA:85,9,0,0
BRDA:85,9,1,0
BRDA:114,10,0,0
BRDA:114,10,1,0
BRF:24
BRH:0
end_of_record
TN:
SF:app/api/events/volunteer-signup/route.ts
FN:6,POST
FNF:1
FNH:0
FNDA:0,POST
DA:2,0
DA:3,0
DA:4,0
DA:6,0
DA:7,0
DA:18,0
DA:21,0
DA:22,0
DA:28,0
DA:29,0
DA:36,0
DA:45,0
DA:46,0
DA:53,0
DA:54,0
DA:61,0
DA:62,0
DA:69,0
DA:70,0
DA:77,0
DA:94,0
DA:95,0
DA:96,0
DA:103,0
DA:106,0
DA:115,0
DA:121,0
DA:124,0
DA:132,0
LF:29
LH:0
BRDA:21,0,0,0
BRDA:21,0,1,0
BRDA:21,1,0,0
BRDA:21,1,1,0
BRDA:21,1,2,0
BRDA:28,2,0,0
BRDA:28,2,1,0
BRDA:45,3,0,0
BRDA:45,3,1,0
BRDA:45,4,0,0
BRDA:45,4,1,0
BRDA:53,5,0,0
BRDA:53,5,1,0
BRDA:61,6,0,0
BRDA:61,6,1,0
BRDA:69,7,0,0
BRDA:69,7,1,0
BRDA:94,8,0,0
BRDA:94,8,1,0
BRDA:125,9,0,0
BRDA:125,9,1,0
BRF:21
BRH:0
end_of_record
TN:
SF:app/api/health/route.ts
FN:4,GET
FNF:1
FNH:0
FNDA:0,GET
DA:2,0
DA:4,0
DA:5,0
DA:6,0
DA:8,0
DA:10,0
DA:21,0
LF:7
LH:0
BRDA:8,0,0,0
BRDA:8,0,1,0
BRDA:11,1,0,0
BRDA:11,1,1,0
BRDA:14,2,0,0
BRDA:14,2,1,0
BRDA:15,3,0,0
BRDA:15,3,1,0
BRDA:16,4,0,0
BRDA:16,4,1,0
BRDA:18,5,0,0
BRDA:18,5,1,0
BRF:12
BRH:0
end_of_record
TN:
SF:app/api/webhooks/stripe/route.ts
FN:10,POST
FN:78,handleCheckoutCompleted
FN:220,handlePaymentSucceeded
FN:239,handlePaymentFailed
FNF:4
FNH:0
FNDA:0,POST
FNDA:0,handleCheckoutCompleted
FNDA:0,handlePaymentSucceeded
FNDA:0,handlePaymentFailed
DA:2,0
DA:3,0
DA:4,0
DA:6,0
DA:7,0
DA:8,0
DA:10,0
DA:11,0
DA:12,0
DA:14,0
DA:15,0
DA:16,0
DA:24,0
DA:26,0
DA:33,0
DA:35,0
DA:36,0
DA:42,0
DA:43,0
DA:44,0
DA:45,0
DA:51,0
DA:53,0
DA:54,0
DA:57,0
DA:58,0
DA:61,0
DA:62,0
DA:65,0
DA:68,0
DA:70,0
DA:71,0
DA:79,0
DA:81,0
DA:82,0
DA:83,0
DA:86,0
DA:87,0
DA:88,0
DA:89,0
DA:91,0
DA:92,0
DA:93,0
DA:96,0
DA:98,0
DA:100,0
DA:116,0
DA:117,0
DA:118,0
DA:122,0
DA:127,0
DA:128,0
DA:129,0
DA:133,0
DA:136,0
DA:142,0
DA:143,0
DA:145,0
DA:151,0
DA:152,0
DA:158,0
DA:163,0
DA:178,0
DA:191,0
DA:196,0
DA:204,0
DA:207,0
DA:216,0
DA:221,0
DA:223,0
DA:224,0
DA:225,0
DA:229,0
DA:234,0
DA:235,0
DA:240,0
DA:242,0
DA:243,0
DA:244,0
DA:248,0
DA:253,0
DA:254,0
LF:82
LH:0
BRDA:14,0,0,0
BRDA:14,0,1,0
BRDA:43,1,0,0
BRDA:43,1,1,0
BRDA:51,2,0,0
BRDA:51,2,1,0
BRDA:51,2,2,0
BRDA:51,2,3,0
BRDA:81,3,0,0
BRDA:81,3,1,0
BRDA:88,4,0,0
BRDA:88,4,1,0
BRDA:88,4,2,0
BRDA:89,5,0,0
BRDA:89,5,1,0
BRDA:89,5,2,0
BRDA:91,6,0,0
BRDA:91,6,1,0
BRDA:96,7,0,0
BRDA:96,7,1,0
BRDA:116,8,0,0
BRDA:116,8,1,0
BRDA:127,9,0,0
BRDA:127,9,1,0
BRDA:138,10,0,0
BRDA:138,10,1,0
BRDA:142,11,0,0
BRDA:142,11,1,0
BRDA:151,12,0,0
BRDA:151,12,1,0
BRDA:158,13,0,0
BRDA:158,13,1,0
BRDA:208,14,0,0
BRDA:208,14,1,0
BRDA:223,15,0,0
BRDA:223,15,1,0
BRDA:234,16,0,0
BRDA:234,16,1,0
BRDA:242,17,0,0
BRDA:242,17,1,0
BRDA:253,18,0,0
BRDA:253,18,1,0
BRF:42
BRH:0
end_of_record
TN:
SF:app/auth/callback/route.ts
FN:4,GET
FNF:1
FNH:0
FNDA:0,GET
DA:1,0
DA:4,0
DA:5,0
DA:6,0
DA:7,0
DA:8,0
DA:9,0
DA:10,0
DA:11,0
DA:13,0
DA:22,0
DA:23,0
DA:25,0
DA:26,0
DA:27,0
DA:30,0
DA:32,0
DA:34,0
DA:36,0
DA:38,0
DA:39,0
DA:40,0
DA:43,0
DA:44,0
DA:46,0
DA:51,0
DA:52,0
DA:53,0
DA:56,0
DA:57,0
DA:59,0
DA:64,0
DA:65,0
DA:66,0
DA:69,0
DA:71,0
DA:72,0
DA:75,0
DA:76,0
LF:39
LH:0
BRDA:11,0,0,0
BRDA:11,0,1,0
BRDA:25,1,0,0
BRDA:25,1,1,0
BRDA:25,2,0,0
BRDA:25,2,1,0
BRDA:34,3,0,0
BRDA:34,3,1,0
BRDA:38,4,0,0
BRDA:38,4,1,0
BRDA:44,5,0,0
BRDA:44,5,1,0
BRDA:44,6,0,0
BRDA:44,6,1,0
BRDA:51,7,0,0
BRDA:51,7,1,0
BRDA:57,8,0,0
BRDA:57,8,1,0
BRDA:57,9,0,0
BRDA:57,9,1,0
BRDA:64,10,0,0
BRDA:64,10,1,0
BRF:22
BRH:0
end_of_record
TN:
SF:app/auth/confirm/page.tsx
FN:12,EmailConfirmPage
FN:19,(anonymous_3)
FN:43,(anonymous_4)
FN:46,(anonymous_5)
FN:79,(anonymous_6)
FN:105,(anonymous_7)
FNF:6
FNH:0
FNDA:0,EmailConfirmPage
FNDA:0,(anonymous_3)
FNDA:0,(anonymous_4)
FNDA:0,(anonymous_5)
FNDA:0,(anonymous_6)
FNDA:0,(anonymous_7)
DA:3,0
DA:4,0
DA:5,0
DA:6,0
DA:7,0
DA:8,0
DA:9,0
DA:12,0
DA:13,0
DA:14,0
DA:15,0
DA:16,0
DA:17,0
DA:19,0
DA:21,0
DA:22,0
DA:23,0
DA:24,0
DA:26,0
DA:27,0
DA:28,0
DA:29,0
DA:30,0
DA:33,0
DA:34,0
DA:36,0
DA:37,0
DA:38,0
DA:43,0
DA:44,0
DA:46,0
DA:47,0
DA:48,0
DA:49,0
DA:50,0
DA:51,0
DA:53,0
DA:62,0
DA:64,0
DA:65,0
DA:70,0
DA:71,0
DA:72,0
DA:73,0
DA:75,0
DA:76,0
DA:79,0
DA:80,0
DA:84,0
DA:85,0
DA:86,0
DA:88,0
DA:90,0
DA:91,0
DA:96,0
DA:97,0
DA:98,0
DA:99,0
DA:101,0
DA:102,0
DA:105,0
DA:106,0
DA:110,0
DA:111,0
DA:112,0
DA:115,0
DA:116,0
DA:117,0
DA:121,0
LF:69
LH:0
BRDA:21,0,0,0
BRDA:21,0,1,0
BRDA:26,1,0,0
BRDA:26,1,1,0
BRDA:26,2,0,0
BRDA:26,2,1,0
BRDA:44,3,0,0
BRDA:44,3,1,0
BRDA:51,4,0,0
BRDA:51,4,1,0
BRDA:62,5,0,0
BRDA:62,5,1,0
BRDA:62,6,0,0
BRDA:62,6,1,0
BRDA:70,7,0,0
BRDA:70,7,1,0
BRDA:73,8,0,0
BRDA:73,8,1,0
BRDA:88,9,0,0
BRDA:88,9,1,0
BRDA:88,10,0,0
BRDA:88,10,1,0
BRDA:96,11,0,0
BRDA:96,11,1,0
BRDA:99,12,0,0
BRDA:99,12,1,0
BRDA:140,13,0,0
BRDA:140,13,1,0
BRDA:141,14,0,0
BRDA:141,14,1,0
BRDA:142,15,0,0
BRDA:142,15,1,0
BRDA:146,16,0,0
BRDA:153,17,0,0
BRDA:164,18,0,0
BRF:35
BRH:0
end_of_record
TN:
SF:app/auth/login/page.tsx
FN:14,LoginPage
FN:21,(anonymous_3)
FN:41,(anonymous_4)
FN:102,(anonymous_5)
FN:113,(anonymous_6)
FNF:5
FNH:0
FNDA:0,LoginPage
FNDA:0,(anonymous_3)
FNDA:0,(anonymous_4)
FNDA:0,(anonymous_5)
FNDA:0,(anonymous_6)
DA:3,0
DA:4,0
DA:5,0
DA:6,0
DA:7,0
DA:8,0
DA:9,0
DA:10,0
DA:11,0
DA:12,0
DA:14,0
DA:15,0
DA:16,0
DA:17,0
DA:18,0
DA:19,0
DA:21,0
DA:23,0
DA:24,0
DA:25,0
DA:26,0
DA:28,0
DA:29,0
DA:30,0
DA:33,0
DA:34,0
DA:36,0
DA:41,0
DA:42,0
DA:44,0
DA:45,0
DA:46,0
DA:49,0
DA:51,0
DA:52,0
DA:57,0
DA:58,0
DA:59,0
DA:61,0
DA:64,0
DA:65,0
DA:68,0
DA:70,0
DA:102,0
DA:113,0
LF:45
LH:0
BRDA:23,0,0,0
BRDA:23,0,1,0
BRDA:28,1,0,0
BRDA:28,1,1,0
BRDA:28,2,0,0
BRDA:28,2,1,0
BRDA:44,3,0,0
BRDA:44,3,1,0
BRDA:57,4,0,0
BRDA:57,4,1,0
BRDA:58,5,0,0
BRDA:58,5,1,0
BRDA:118,6,0,0
BRDA:118,6,1,0
BRF:14
BRH:0
end_of_record
TN:
SF:app/auth/register/page.tsx
FN:15,RegisterPage
FN:27,(anonymous_3)
FN:47,(anonymous_4)
FN:94,(anonymous_5)
FN:95,(anonymous_6)
FN:126,(anonymous_7)
FN:137,(anonymous_8)
FN:148,(anonymous_9)
FN:159,(anonymous_10)
FN:170,(anonymous_11)
FNF:10
FNH:0
FNDA:0,RegisterPage
FNDA:0,(anonymous_3)
FNDA:0,(anonymous_4)
FNDA:0,(anonymous_5)
FNDA:0,(anonymous_6)
FNDA:0,(anonymous_7)
FNDA:0,(anonymous_8)
FNDA:0,(anonymous_9)
FNDA:0,(anonymous_10)
FNDA:0,(anonymous_11)
DA:3,0
DA:4,0
DA:5,0
DA:6,0
DA:7,0
DA:8,0
DA:9,0
DA:10,0
DA:11,0
DA:12,0
DA:13,0
DA:15,0
DA:16,0
DA:23,0
DA:24,0
DA:25,0
DA:27,0
DA:29,0
DA:30,0
DA:31,0
DA:32,0
DA:34,0
DA:35,0
DA:36,0
DA:39,0
DA:40,0
DA:42,0
DA:47,0
DA:48,0
DA:50,0
DA:51,0
DA:52,0
DA:55,0
DA:56,0
DA:57,0
DA:60,0
DA:62,0
DA:63,0
DA:75,0
DA:81,0
DA:82,0
DA:84,0
DA:85,0
DA:88,0
DA:90,0
DA:94,0
DA:95,0
DA:126,0
DA:137,0
DA:148,0
DA:159,0
DA:170,0
LF:52
LH:0
BRDA:29,0,0,0
BRDA:29,0,1,0
BRDA:34,1,0,0
BRDA:34,1,1,0
BRDA:34,2,0,0
BRDA:34,2,1,0
BRDA:50,3,0,0
BRDA:50,3,1,0
BRDA:55,4,0,0
BRDA:55,4,1,0
BRDA:78,5,0,0
BRDA:78,5,1,0
BRDA:81,6,0,0
BRDA:81,6,1,0
BRDA:175,7,0,0
BRDA:175,7,1,0
BRF:16
BRH:0
end_of_record
TN:
SF:app/campaigns/[id]/page.tsx
FN:36,CampaignDetailPage
FN:41,(anonymous_3)
FN:56,(anonymous_4)
FN:62,(anonymous_5)
FN:66,(anonymous_6)
FN:74,(anonymous_7)
FNF:6
FNH:0
FNDA:0,CampaignDetailPage
FNDA:0,(anonymous_3)
FNDA:0,(anonymous_4)
FNDA:0,(anonymous_5)
FNDA:0,(anonymous_6)
FNDA:0,(anonymous_7)
DA:3,0
DA:4,0
DA:5,0
DA:6,0
DA:7,0
DA:8,0
DA:19,0
DA:20,0
DA:36,0
DA:37,0
DA:38,0
DA:39,0
DA:41,0
DA:43,0
DA:56,0
DA:57,0
DA:58,0
DA:62,0
DA:63,0
DA:66,0
DA:67,0
DA:74,0
DA:75,0
DA:76,0
DA:82,0
DA:86,0
DA:97,0
LF:27
LH:0
BRDA:75,0,0,0
BRDA:75,0,1,0
BRDA:86,1,0,0
BRDA:86,1,1,0
BRDA:97,2,0,0
BRDA:97,2,1,0
BRDA:124,3,0,0
BRF:7
BRH:0
end_of_record
TN:
SF:app/campaigns/create/page.tsx
FN:46,CreateCampaignPage
FN:62,(anonymous_3)
FN:63,(anonymous_4)
FN:66,(anonymous_5)
FN:72,(anonymous_6)
FN:78,(anonymous_7)
FN:85,(anonymous_8)
FN:96,(anonymous_9)
FN:145,(anonymous_10)
FN:176,(anonymous_11)
FN:187,(anonymous_12)
FN:198,(anonymous_13)
FN:203,(anonymous_14)
FN:232,(anonymous_15)
FN:246,(anonymous_16)
FN:259,(anonymous_17)
FN:270,(anonymous_18)
FN:307,(anonymous_19)
FNF:18
FNH:0
FNDA:0,CreateCampaignPage
FNDA:0,(anonymous_3)
FNDA:0,(anonymous_4)
FNDA:0,(anonymous_5)
FNDA:0,(anonymous_6)
FNDA:0,(anonymous_7)
FNDA:0,(anonymous_8)
FNDA:0,(anonymous_9)
FNDA:0,(anonymous_10)
FNDA:0,(anonymous_11)
FNDA:0,(anonymous_12)
FNDA:0,(anonymous_13)
FNDA:0,(anonymous_14)
FNDA:0,(anonymous_15)
FNDA:0,(anonymous_16)
FNDA:0,(anonymous_17)
FNDA:0,(anonymous_18)
FNDA:0,(anonymous_19)
DA:3,0
DA:4,0
DA:5,0
DA:6,0
DA:7,0
DA:8,0
DA:19,0
DA:20,0
DA:21,0
DA:35,0
DA:46,0
DA:47,0
DA:48,0
DA:49,0
DA:50,0
DA:62,0
DA:63,0
DA:66,0
DA:67,0
DA:68,0
DA:72,0
DA:73,0
DA:74,0
DA:78,0
DA:79,0
DA:80,0
DA:83,0
DA:85,0
DA:87,0
DA:88,0
DA:90,0
DA:92,0
DA:96,0
DA:97,0
DA:99,0
DA:101,0
DA:103,0
DA:105,0
DA:146,0
DA:176,0
DA:187,0
DA:198,0
DA:204,0
DA:232,0
DA:246,0
DA:259,0
DA:270,0
DA:307,0
LF:48
LH:0
BRDA:67,0,0,0
BRDA:67,0,1,0
BRDA:73,1,0,0
BRDA:73,1,1,0
BRDA:97,2,0,0
BRDA:97,2,1,0
BRDA:97,2,2,0
BRDA:97,2,3,0
BRDA:99,3,0,0
BRDA:99,3,1,0
BRDA:99,3,2,0
BRDA:101,4,0,0
BRDA:101,4,1,0
BRDA:101,4,2,0
BRDA:101,4,3,0
BRDA:149,5,0,0
BRDA:149,5,1,0
BRDA:160,6,0,0
BRDA:213,7,0,0
BRDA:280,8,0,0
BRDA:332,9,0,0
BRDA:344,10,0,0
BRDA:344,10,1,0
BRDA:347,11,0,0
BRDA:347,11,1,0
BRF:25
BRH:0
end_of_record
TN:
SF:app/dashboard/page.tsx
FN:25,DashboardPage
FN:29,(anonymous_3)
FNF:2
FNH:0
FNDA:0,DashboardPage
FNDA:0,(anonymous_3)
DA:3,0
DA:4,0
DA:5,0
DA:6,0
DA:7,0
DA:22,0
DA:23,0
DA:25,0
DA:26,0
DA:27,0
DA:29,0
DA:30,0
DA:31,0
DA:35,0
DA:50,0
DA:51,0
LF:16
LH:0
BRDA:30,0,0,0
BRDA:30,0,1,0
BRDA:30,1,0,0
BRDA:30,1,1,0
BRDA:35,2,0,0
BRDA:35,2,1,0
BRDA:50,3,0,0
BRDA:50,3,1,0
BRDA:71,4,0,0
BRDA:71,4,1,0
BRF:10
BRH:0
end_of_record
TN:
SF:app/events/page.tsx
FN:42,EventsPage
FN:49,(anonymous_3)
FN:92,(anonymous_4)
FN:98,(anonymous_5)
FN:108,(anonymous_6)
FN:119,(anonymous_7)
FN:123,(anonymous_8)
FN:164,(anonymous_9)
FN:172,(anonymous_10)
FN:191,(anonymous_11)
FNF:10
FNH:0
FNDA:0,EventsPage
FNDA:0,(anonymous_3)
FNDA:0,(anonymous_4)
FNDA:0,(anonymous_5)
FNDA:0,(anonymous_6)
FNDA:0,(anonymous_7)
FNDA:0,(anonymous_8)
FNDA:0,(anonymous_9)
FNDA:0,(anonymous_10)
FNDA:0,(anonymous_11)
DA:3,0
DA:4,0
DA:5,0
DA:6,0
DA:7,0
DA:8,0
DA:26,0
DA:42,0
DA:43,0
DA:44,0
DA:45,0
DA:46,0
DA:49,0
DA:50,0
DA:92,0
DA:93,0
DA:94,0
DA:98,0
DA:99,0
DA:103,0
DA:105,0
DA:108,0
DA:109,0
DA:116,0
DA:119,0
DA:120,0
DA:123,0
DA:124,0
DA:131,0
DA:164,0
DA:172,0
DA:192,0
LF:32
LH:0
BRDA:99,0,0,0
BRDA:99,0,1,0
BRDA:99,0,2,0
BRDA:103,1,0,0
BRDA:103,1,1,0
BRDA:105,2,0,0
BRDA:105,2,1,0
BRDA:116,3,0,0
BRDA:116,3,1,0
BRDA:131,4,0,0
BRDA:131,4,1,0
BRDA:258,5,0,0
BRF:12
BRH:0
end_of_record
TN:
SF:app/events/[id]/page.tsx
FN:55,EventDetailPage
FN:65,(anonymous_3)
FN:82,(anonymous_4)
FN:88,(anonymous_5)
FN:99,(anonymous_6)
FN:115,(anonymous_7)
FN:306,(anonymous_8)
FN:318,(anonymous_9)
FN:330,(anonymous_10)
FN:341,(anonymous_11)
FN:351,(anonymous_12)
FN:365,(anonymous_13)
FNF:12
FNH:0
FNDA:0,EventDetailPage
FNDA:0,(anonymous_3)
FNDA:0,(anonymous_4)
FNDA:0,(anonymous_5)
FNDA:0,(anonymous_6)
FNDA:0,(anonymous_7)
FNDA:0,(anonymous_8)
FNDA:0,(anonymous_9)
FNDA:0,(anonymous_10)
FNDA:0,(anonymous_11)
FNDA:0,(anonymous_12)
FNDA:0,(anonymous_13)
DA:3,0
DA:4,0
DA:5,0
DA:6,0
DA:7,0
DA:8,0
DA:32,0
DA:33,0
DA:34,0
DA:55,0
DA:56,0
DA:57,0
DA:58,0
DA:59,0
DA:60,0
DA:61,0
DA:62,0
DA:63,0
DA:65,0
DA:67,0
DA:82,0
DA:83,0
DA:84,0
DA:88,0
DA:89,0
DA:99,0
DA:100,0
DA:101,0
DA:102,0
DA:103,0
DA:107,0
DA:108,0
DA:109,0
DA:110,0
DA:111,0
DA:112,0
DA:115,0
DA:116,0
DA:117,0
DA:123,0
DA:124,0
DA:128,0
DA:139,0
DA:152,0
DA:153,0
DA:306,0
DA:318,0
DA:330,0
DA:341,0
DA:351,0
DA:365,0
LF:51
LH:0
BRDA:101,0,0,0
BRDA:101,0,1,0
BRDA:101,1,0,0
BRDA:101,1,1,0
BRDA:116,2,0,0
BRDA:116,2,1,0
BRDA:128,3,0,0
BRDA:128,3,1,0
BRDA:139,4,0,0
BRDA:139,4,1,0
BRDA:193,5,0,0
BRDA:287,6,0,0
BRF:12
BRH:0
end_of_record
TN:
SF:app/events/create/page.tsx
FN:15,CreateEventPage
FN:33,(anonymous_3)
FN:34,(anonymous_4)
FN:37,(anonymous_5)
FN:44,(anonymous_6)
FN:96,(anonymous_7)
FN:106,(anonymous_8)
FN:125,(anonymous_9)
FN:138,(anonymous_10)
FN:149,(anonymous_11)
FN:160,(anonymous_12)
FN:173,(anonymous_13)
FN:185,(anonymous_14)
FN:198,(anonymous_15)
FN:208,(anonymous_16)
FN:218,(anonymous_17)
FNF:16
FNH:0
FNDA:0,CreateEventPage
FNDA:0,(anonymous_3)
FNDA:0,(anonymous_4)
FNDA:0,(anonymous_5)
FNDA:0,(anonymous_6)
FNDA:0,(anonymous_7)
FNDA:0,(anonymous_8)
FNDA:0,(anonymous_9)
FNDA:0,(anonymous_10)
FNDA:0,(anonymous_11)
FNDA:0,(anonymous_12)
FNDA:0,(anonymous_13)
FNDA:0,(anonymous_14)
FNDA:0,(anonymous_15)
FNDA:0,(anonymous_16)
FNDA:0,(anonymous_17)
DA:3,0
DA:4,0
DA:5,0
DA:6,0
DA:7,0
DA:8,0
DA:9,0
DA:10,0
DA:11,0
DA:12,0
DA:13,0
DA:15,0
DA:16,0
DA:17,0
DA:18,0
DA:19,0
DA:33,0
DA:34,0
DA:37,0
DA:38,0
DA:39,0
DA:41,0
DA:44,0
DA:46,0
DA:47,0
DA:49,0
DA:51,0
DA:55,0
DA:63,0
DA:64,0
DA:65,0
DA:96,0
DA:106,0
DA:125,0
DA:138,0
DA:149,0
DA:160,0
DA:173,0
DA:185,0
DA:198,0
DA:208,0
DA:218,0
LF:42
LH:0
BRDA:55,0,0,0
BRDA:55,0,1,0
BRDA:63,1,0,0
BRDA:63,1,1,0
BRDA:229,2,0,0
BRDA:229,2,1,0
BRF:6
BRH:0
end_of_record
TN:
SF:app/payment/cancel/page.tsx
FN:16,PaymentCancelPage
FNF:1
FNH:0
FNDA:0,PaymentCancelPage
DA:3,0
DA:4,0
DA:5,0
DA:6,0
DA:13,0
DA:14,0
DA:16,0
DA:17,0
DA:18,0
LF:9
LH:0
BRDA:136,0,0,0
BRF:1
BRH:0
end_of_record
TN:
SF:app/payment/success/page.tsx
FN:8,PaymentSuccessPage
FN:15,(anonymous_2)
FN:17,(anonymous_3)
FN:18,(anonymous_4)
FNF:4
FNH:0
FNDA:0,PaymentSuccessPage
FNDA:0,(anonymous_2)
FNDA:0,(anonymous_3)
FNDA:0,(anonymous_4)
DA:3,0
DA:4,0
DA:5,0
DA:6,0
DA:8,0
DA:9,0
DA:10,0
DA:11,0
DA:12,0
DA:13,0
DA:15,0
DA:17,0
DA:18,0
DA:21,0
LF:14
LH:0
BRDA:21,0,0,0
BRDA:21,0,1,0
BRDA:41,1,0,0
BRDA:41,1,1,0
BRDA:42,2,0,0
BRDA:42,2,1,0
BRDA:43,3,0,0
BRDA:43,3,1,0
BRF:8
BRH:0
end_of_record
TN:
SF:app/privacy/page.tsx
FN:7,PrivacyPolicyPage
FNF:1
FNH:0
FNDA:0,PrivacyPolicyPage
DA:3,0
DA:4,0
DA:5,0
DA:7,0
LF:4
LH:0
BRF:0
BRH:0
end_of_record
TN:
SF:app/settings/page.tsx
FN:44,SettingsPage
FN:67,(anonymous_3)
FN:103,(anonymous_4)
FN:109,(anonymous_5)
FN:118,(anonymous_6)
FN:123,(anonymous_7)
FN:176,(anonymous_8)
FN:181,(anonymous_9)
FN:218,(anonymous_10)
FN:218,(anonymous_11)
FN:228,(anonymous_12)
FN:228,(anonymous_13)
FN:240,(anonymous_14)
FN:240,(anonymous_15)
FN:251,(anonymous_16)
FN:251,(anonymous_17)
FN:260,(anonymous_18)
FN:260,(anonymous_19)
FN:269,(anonymous_20)
FN:269,(anonymous_21)
FN:281,(anonymous_22)
FN:281,(anonymous_23)
FN:290,(anonymous_24)
FN:290,(anonymous_25)
FN:300,(anonymous_26)
FN:300,(anonymous_27)
FN:339,(anonymous_28)
FN:395,(anonymous_29)
FN:395,(anonymous_30)
FN:408,(anonymous_31)
FN:408,(anonymous_32)
FN:421,(anonymous_33)
FN:421,(anonymous_34)
FN:434,(anonymous_35)
FN:434,(anonymous_36)
FNF:35
FNH:0
FNDA:0,SettingsPage
FNDA:0,(anonymous_3)
FNDA:0,(anonymous_4)
FNDA:0,(anonymous_5)
FNDA:0,(anonymous_6)
FNDA:0,(anonymous_7)
FNDA:0,(anonymous_8)
FNDA:0,(anonymous_9)
FNDA:0,(anonymous_10)
FNDA:0,(anonymous_11)
FNDA:0,(anonymous_12)
FNDA:0,(anonymous_13)
FNDA:0,(anonymous_14)
FNDA:0,(anonymous_15)
FNDA:0,(anonymous_16)
FNDA:0,(anonymous_17)
FNDA:0,(anonymous_18)
FNDA:0,(anonymous_19)
FNDA:0,(anonymous_20)
FNDA:0,(anonymous_21)
FNDA:0,(anonymous_22)
FNDA:0,(anonymous_23)
FNDA:0,(anonymous_24)
FNDA:0,(anonymous_25)
FNDA:0,(anonymous_26)
FNDA:0,(anonymous_27)
FNDA:0,(anonymous_28)
FNDA:0,(anonymous_29)
FNDA:0,(anonymous_30)
FNDA:0,(anonymous_31)
FNDA:0,(anonymous_32)
FNDA:0,(anonymous_33)
FNDA:0,(anonymous_34)
FNDA:0,(anonymous_35)
FNDA:0,(anonymous_36)
DA:3,0
DA:4,0
DA:5,0
DA:6,0
DA:7,0
DA:19,0
DA:20,0
DA:21,0
DA:44,0
DA:45,0
DA:46,0
DA:47,0
DA:59,0
DA:60,0
DA:67,0
DA:69,0
DA:82,0
DA:99,0
DA:100,0
DA:103,0
DA:104,0
DA:105,0
DA:107,0
DA:109,0
DA:110,0
DA:112,0
DA:114,0
DA:118,0
DA:119,0
DA:121,0
DA:123,0
DA:124,0
DA:126,0
DA:128,0
DA:132,0
DA:177,0
DA:178,0
DA:181,0
DA:218,0
DA:228,0
DA:240,0
DA:251,0
DA:260,0
DA:269,0
DA:281,0
DA:290,0
DA:300,0
DA:340,0
DA:395,0
DA:408,0
DA:421,0
DA:434,0
LF:52
LH:0
BRDA:183,0,0,0
BRDA:183,0,1,0
BRDA:201,1,0,0
BRDA:321,2,0,0
BRDA:321,2,1,0
BRDA:329,3,0,0
BRDA:348,4,0,0
BRDA:348,4,1,0
BRDA:349,5,0,0
BRDA:349,5,1,0
BRDA:354,6,0,0
BRDA:376,7,0,0
BRDA:442,8,0,0
BRDA:442,8,1,0
BRDA:450,9,0,0
BRF:15
BRH:0
end_of_record
TN:
SF:app/terms/page.tsx
FN:7,TermsOfServicePage
FNF:1
FNH:0
FNDA:0,TermsOfServicePage
DA:3,0
DA:4,0
DA:5,0
DA:7,0
LF:4
LH:0
BRF:0
BRH:0
end_of_record
TN:
SF:app/volunteers/page.tsx
FN:53,VolunteersPage
FN:72,(anonymous_3)
FN:136,(anonymous_4)
FN:143,(anonymous_5)
FN:161,(anonymous_6)
FN:162,(anonymous_7)
FN:165,(anonymous_8)
FN:175,(anonymous_9)
FN:233,(anonymous_10)
FN:254,(anonymous_11)
FN:264,(anonymous_12)
FN:275,(anonymous_13)
FN:288,(anonymous_14)
FN:297,(anonymous_15)
FN:308,(anonymous_16)
FN:318,(anonymous_17)
FN:328,(anonymous_18)
FN:335,(anonymous_19)
FN:347,(anonymous_20)
FN:379,(anonymous_21)
FN:409,(anonymous_22)
FNF:21
FNH:0
FNDA:0,VolunteersPage
FNDA:0,(anonymous_3)
FNDA:0,(anonymous_4)
FNDA:0,(anonymous_5)
FNDA:0,(anonymous_6)
FNDA:0,(anonymous_7)
FNDA:0,(anonymous_8)
FNDA:0,(anonymous_9)
FNDA:0,(anonymous_10)
FNDA:0,(anonymous_11)
FNDA:0,(anonymous_12)
FNDA:0,(anonymous_13)
FNDA:0,(anonymous_14)
FNDA:0,(anonymous_15)
FNDA:0,(anonymous_16)
FNDA:0,(anonymous_17)
FNDA:0,(anonymous_18)
FNDA:0,(anonymous_19)
FNDA:0,(anonymous_20)
FNDA:0,(anonymous_21)
FNDA:0,(anonymous_22)
DA:3,0
DA:4,0
DA:5,0
DA:6,0
DA:7,0
DA:8,0
DA:25,0
DA:26,0
DA:27,0
DA:53,0
DA:54,0
DA:55,0
DA:56,0
DA:57,0
DA:58,0
DA:59,0
DA:72,0
DA:73,0
DA:115,0
DA:136,0
DA:137,0
DA:138,0
DA:139,0
DA:143,0
DA:144,0
DA:146,0
DA:147,0
DA:148,0
DA:161,0
DA:162,0
DA:165,0
DA:166,0
DA:175,0
DA:176,0
DA:177,0
DA:178,0
DA:179,0
DA:180,0
DA:184,0
DA:233,0
DA:254,0
DA:264,0
DA:275,0
DA:288,0
DA:297,0
DA:308,0
DA:318,0
DA:328,0
DA:335,0
DA:348,0
DA:380,0
DA:410,0
LF:52
LH:0
BRDA:176,0,0,0
BRDA:176,0,1,0
BRDA:176,0,2,0
BRDA:176,0,3,0
BRDA:184,1,0,0
BRDA:184,1,1,0
BRDA:240,2,0,0
BRDA:375,3,0,0
BRDA:416,4,0,0
BRF:9
BRH:0
end_of_record
TN:
SF:components/admin/analytics-dashboard.tsx
FN:83,AnalyticsDashboard
FN:94,(anonymous_3)
FN:123,(anonymous_4)
FN:160,(anonymous_5)
FN:167,(anonymous_6)
FN:171,(anonymous_7)
FN:225,(anonymous_8)
FN:235,(anonymous_9)
FN:245,(anonymous_10)
FN:256,(anonymous_11)
FN:350,(anonymous_12)
FN:359,(anonymous_13)
FN:368,(anonymous_14)
FN:377,(anonymous_15)
FN:403,(anonymous_16)
FN:463,(anonymous_17)
FN:525,(anonymous_18)
FNF:17
FNH:0
FNDA:0,AnalyticsDashboard
FNDA:0,(anonymous_3)
FNDA:0,(anonymous_4)
FNDA:0,(anonymous_5)
FNDA:0,(anonymous_6)
FNDA:0,(anonymous_7)
FNDA:0,(anonymous_8)
FNDA:0,(anonymous_9)
FNDA:0,(anonymous_10)
FNDA:0,(anonymous_11)
FNDA:0,(anonymous_12)
FNDA:0,(anonymous_13)
FNDA:0,(anonymous_14)
FNDA:0,(anonymous_15)
FNDA:0,(anonymous_16)
FNDA:0,(anonymous_17)
FNDA:0,(anonymous_18)
DA:3,0
DA:4,0
DA:5,0
DA:6,0
DA:7,0
DA:34,0
DA:36,0
DA:83,0
DA:84,0
DA:85,0
DA:86,0
DA:92,0
DA:94,0
DA:95,0
DA:96,0
DA:97,0
DA:108,0
DA:109,0
DA:112,0
DA:113,0
DA:114,0
DA:116,0
DA:117,0
DA:119,0
DA:123,0
DA:124,0
DA:125,0
DA:126,0
DA:135,0
DA:137,0
DA:138,0
DA:141,0
DA:142,0
DA:143,0
DA:144,0
DA:145,0
DA:146,0
DA:147,0
DA:148,0
DA:149,0
DA:151,0
DA:153,0
DA:154,0
DA:156,0
DA:160,0
DA:161,0
DA:167,0
DA:168,0
DA:171,0
DA:177,0
DA:225,0
DA:235,0
DA:245,0
DA:256,0
DA:350,0
DA:359,0
DA:368,0
DA:377,0
DA:404,0
DA:464,0
DA:526,0
LF:61
LH:0
BRDA:84,0,0,0
BRDA:84,0,1,0
BRDA:108,1,0,0
BRDA:108,1,1,0
BRDA:128,2,0,0
BRDA:128,2,1,0
BRDA:129,3,0,0
BRDA:129,3,1,0
BRDA:130,4,0,0
BRDA:130,4,1,0
BRDA:131,5,0,0
BRDA:131,5,1,0
BRDA:137,6,0,0
BRDA:137,6,1,0
BRDA:177,7,0,0
BRDA:177,7,1,0
BRDA:204,8,0,0
BRDA:390,9,0,0
BRDA:450,10,0,0
BRDA:512,11,0,0
BRF:20
BRH:0
end_of_record
TN:
SF:components/campaigns/CampaignCard.tsx
FN:30,CampaignCard
FN:43,(anonymous_3)
FN:47,(anonymous_4)
FN:57,(anonymous_5)
FNF:4
FNH:0
FNDA:0,CampaignCard
FNDA:0,(anonymous_3)
FNDA:0,(anonymous_4)
FNDA:0,(anonymous_5)
DA:3,0
DA:4,0
DA:13,0
DA:14,0
DA:30,0
DA:43,0
DA:44,0
DA:47,0
DA:48,0
DA:55,0
DA:57,0
DA:58,0
DA:59,0
DA:65,0
LF:14
LH:0
BRDA:39,0,0,0
BRDA:40,1,0,0
BRDA:58,2,0,0
BRDA:58,2,1,0
BRDA:78,3,0,0
BRF:5
BRH:0
end_of_record
TN:
SF:components/campaigns/CampaignProgress.tsx
FN:20,CampaignProgress
FNF:1
FNH:0
FNDA:0,CampaignProgress
DA:9,0
DA:20,0
DA:28,0
DA:29,0
DA:31,0
DA:55,0
LF:6
LH:0
BRDA:25,0,0,0
BRDA:26,1,0,0
BRDA:74,2,0,0
BRDA:125,3,0,0
BRDA:125,3,1,0
BRDA:132,4,0,0
BRDA:136,5,0,0
BRDA:136,5,1,0
BRDA:142,6,0,0
BRDA:152,7,0,0
BRF:10
BRH:0
end_of_record
TN:
SF:components/donations/DonationForm.tsx
FN:23,DonationForm
FN:34,(anonymous_3)
FN:43,(anonymous_4)
FN:52,(anonymous_5)
FN:58,(anonymous_6)
FN:79,(anonymous_7)
FN:110,(anonymous_8)
FN:116,(anonymous_9)
FN:122,(anonymous_10)
FN:145,(anonymous_11)
FN:157,(anonymous_12)
FN:168,(anonymous_13)
FN:179,(anonymous_14)
FN:186,(anonymous_15)
FN:254,(anonymous_16)
FNF:15
FNH:0
FNDA:0,DonationForm
FNDA:0,(anonymous_3)
FNDA:0,(anonymous_4)
FNDA:0,(anonymous_5)
FNDA:0,(anonymous_6)
FNDA:0,(anonymous_7)
FNDA:0,(anonymous_8)
FNDA:0,(anonymous_9)
FNDA:0,(anonymous_10)
FNDA:0,(anonymous_11)
FNDA:0,(anonymous_12)
FNDA:0,(anonymous_13)
FNDA:0,(anonymous_14)
FNDA:0,(anonymous_15)
FNDA:0,(anonymous_16)
DA:3,0
DA:4,0
DA:5,0
DA:6,0
DA:7,0
DA:14,0
DA:15,0
DA:23,0
DA:24,0
DA:25,0
DA:26,0
DA:27,0
DA:28,0
DA:29,0
DA:30,0
DA:32,0
DA:34,0
DA:35,0
DA:36,0
DA:37,0
DA:38,0
DA:40,0
DA:43,0
DA:44,0
DA:45,0
DA:46,0
DA:47,0
DA:49,0
DA:52,0
DA:53,0
DA:54,0
DA:56,0
DA:58,0
DA:60,0
DA:69,0
DA:70,0
DA:71,0
DA:73,0
DA:75,0
DA:79,0
DA:80,0
DA:81,0
DA:82,0
DA:83,0
DA:84,0
DA:85,0
DA:110,0
DA:117,0
DA:122,0
DA:145,0
DA:157,0
DA:168,0
DA:179,0
DA:186,0
DA:254,0
LF:55
LH:0
BRDA:36,0,0,0
BRDA:36,0,1,0
BRDA:36,1,0,0
BRDA:36,1,1,0
BRDA:45,2,0,0
BRDA:45,2,1,0
BRDA:45,3,0,0
BRDA:45,3,1,0
BRDA:45,3,2,0
BRDA:62,4,0,0
BRDA:62,4,1,0
BRDA:63,5,0,0
BRDA:63,5,1,0
BRDA:97,6,0,0
BRDA:136,7,0,0
BRDA:196,8,0,0
BRDA:258,9,0,0
BRDA:258,9,1,0
BRDA:264,10,0,0
BRF:19
BRH:0
end_of_record
TN:
SF:components/events/event-registration.tsx
FN:50,EventRegistration
FN:68,(anonymous_3)
FN:252,(anonymous_4)
FN:267,(anonymous_5)
FN:284,(anonymous_6)
FN:300,(anonymous_7)
FN:317,(anonymous_8)
FN:331,(anonymous_9)
FN:346,(anonymous_10)
FN:360,(anonymous_11)
FN:421,(anonymous_12)
FNF:11
FNH:0
FNDA:0,EventRegistration
FNDA:0,(anonymous_3)
FNDA:0,(anonymous_4)
FNDA:0,(anonymous_5)
FNDA:0,(anonymous_6)
FNDA:0,(anonymous_7)
FNDA:0,(anonymous_8)
FNDA:0,(anonymous_9)
FNDA:0,(anonymous_10)
FNDA:0,(anonymous_11)
FNDA:0,(anonymous_12)
DA:3,0
DA:4,0
DA:5,0
DA:6,0
DA:7,0
DA:25,0
DA:26,0
DA:27,0
DA:28,0
DA:29,0
DA:50,0
DA:51,0
DA:52,0
DA:53,0
DA:54,0
DA:55,0
DA:56,0
DA:57,0
DA:58,0
DA:59,0
DA:60,0
DA:61,0
DA:63,0
DA:64,0
DA:65,0
DA:66,0
DA:68,0
DA:69,0
DA:71,0
DA:72,0
DA:73,0
DA:76,0
DA:77,0
DA:78,0
DA:82,0
DA:83,0
DA:84,0
DA:85,0
DA:88,0
DA:89,0
DA:90,0
DA:93,0
DA:95,0
DA:97,0
DA:99,0
DA:118,0
DA:120,0
DA:121,0
DA:124,0
DA:126,0
DA:141,0
DA:143,0
DA:144,0
DA:148,0
DA:149,0
DA:152,0
DA:153,0
DA:154,0
DA:155,0
DA:159,0
DA:160,0
DA:163,0
DA:172,0
DA:176,0
DA:252,0
DA:267,0
DA:284,0
DA:300,0
DA:317,0
DA:331,0
DA:346,0
DA:360,0
DA:421,0
LF:73
LH:0
BRDA:71,0,0,0
BRDA:71,0,1,0
BRDA:76,1,0,0
BRDA:76,1,1,0
BRDA:83,2,0,0
BRDA:83,2,1,0
BRDA:88,3,0,0
BRDA:88,3,1,0
BRDA:120,4,0,0
BRDA:120,4,1,0
BRDA:121,5,0,0
BRDA:121,5,1,0
BRDA:124,6,0,0
BRDA:124,6,1,0
BRDA:143,7,0,0
BRDA:143,7,1,0
BRDA:144,8,0,0
BRDA:144,8,1,0
BRDA:160,9,0,0
BRDA:160,9,1,0
BRDA:164,10,0,0
BRDA:164,10,1,0
BRDA:176,11,0,0
BRDA:176,11,1,0
BRDA:183,12,0,0
BRDA:183,12,1,0
BRDA:300,13,0,0
BRDA:300,13,1,0
BRDA:387,14,0,0
BRDA:387,14,1,0
BRDA:387,14,2,0
BRDA:391,15,0,0
BRDA:396,16,0,0
BRDA:401,17,0,0
BRDA:406,18,0,0
BRF:35
BRH:0
end_of_record
TN:
SF:components/events/volunteer-shifts.tsx
FN:51,VolunteerShifts
FN:70,(anonymous_3)
FN:84,(anonymous_4)
FN:88,(anonymous_5)
FN:93,(anonymous_6)
FN:131,(anonymous_7)
FN:168,(anonymous_8)
FN:179,(anonymous_9)
FN:233,(anonymous_10)
FN:264,(anonymous_11)
FN:285,(anonymous_12)
FN:300,(anonymous_13)
FN:317,(anonymous_14)
FN:330,(anonymous_15)
FN:348,(anonymous_16)
FN:362,(anonymous_17)
FN:377,(anonymous_18)
FN:391,(anonymous_19)
FN:435,(anonymous_20)
FN:483,(anonymous_21)
FN:548,(anonymous_22)
FN:561,(anonymous_23)
FNF:22
FNH:0
FNDA:0,VolunteerShifts
FNDA:0,(anonymous_3)
FNDA:0,(anonymous_4)
FNDA:0,(anonymous_5)
FNDA:0,(anonymous_6)
FNDA:0,(anonymous_7)
FNDA:0,(anonymous_8)
FNDA:0,(anonymous_9)
FNDA:0,(anonymous_10)
FNDA:0,(anonymous_11)
FNDA:0,(anonymous_12)
FNDA:0,(anonymous_13)
FNDA:0,(anonymous_14)
FNDA:0,(anonymous_15)
FNDA:0,(anonymous_16)
FNDA:0,(anonymous_17)
FNDA:0,(anonymous_18)
FNDA:0,(anonymous_19)
FNDA:0,(anonymous_20)
FNDA:0,(anonymous_21)
FNDA:0,(anonymous_22)
FNDA:0,(anonymous_23)
DA:3,0
DA:4,0
DA:5,0
DA:6,0
DA:7,0
DA:26,0
DA:27,0
DA:28,0
DA:29,0
DA:51,0
DA:52,0
DA:53,0
DA:54,0
DA:55,0
DA:56,0
DA:57,0
DA:60,0
DA:61,0
DA:62,0
DA:63,0
DA:64,0
DA:65,0
DA:66,0
DA:67,0
DA:68,0
DA:70,0
DA:71,0
DA:72,0
DA:73,0
DA:74,0
DA:75,0
DA:78,0
DA:80,0
DA:84,0
DA:85,0
DA:88,0
DA:89,0
DA:90,0
DA:93,0
DA:94,0
DA:96,0
DA:97,0
DA:98,0
DA:101,0
DA:102,0
DA:103,0
DA:107,0
DA:108,0
DA:109,0
DA:110,0
DA:113,0
DA:115,0
DA:117,0
DA:119,0
DA:121,0
DA:131,0
DA:139,0
DA:141,0
DA:142,0
DA:145,0
DA:146,0
DA:147,0
DA:148,0
DA:151,0
DA:152,0
DA:155,0
DA:164,0
DA:168,0
DA:169,0
DA:179,0
DA:180,0
DA:190,0
DA:193,0
DA:234,0
DA:235,0
DA:236,0
DA:250,0
DA:265,0
DA:266,0
DA:285,0
DA:300,0
DA:317,0
DA:330,0
DA:348,0
DA:362,0
DA:377,0
DA:391,0
DA:436,0
DA:437,0
DA:450,0
DA:459,0
DA:484,0
DA:485,0
DA:486,0
DA:488,0
DA:549,0
DA:561,0
LF:97
LH:0
BRDA:73,0,0,0
BRDA:73,0,1,0
BRDA:75,1,0,0
BRDA:75,1,1,0
BRDA:96,2,0,0
BRDA:96,2,1,0
BRDA:101,3,0,0
BRDA:101,3,1,0
BRDA:108,4,0,0
BRDA:108,4,1,0
BRDA:113,5,0,0
BRDA:113,5,1,0
BRDA:141,6,0,0
BRDA:141,6,1,0
BRDA:142,7,0,0
BRDA:142,7,1,0
BRDA:152,8,0,0
BRDA:152,8,1,0
BRDA:156,9,0,0
BRDA:156,9,1,0
BRDA:190,10,0,0
BRDA:190,10,1,0
BRDA:193,11,0,0
BRDA:193,11,1,0
BRDA:193,12,0,0
BRDA:193,12,1,0
BRDA:250,13,0,0
BRDA:250,13,1,0
BRDA:250,14,0,0
BRDA:250,14,1,0
BRDA:420,15,0,0
BRDA:450,16,0,0
BRDA:450,16,1,0
BRDA:459,17,0,0
BRDA:459,17,1,0
BRDA:492,18,0,0
BRDA:492,18,1,0
BRDA:494,19,0,0
BRDA:494,19,1,0
BRDA:507,20,0,0
BRDA:537,21,0,0
BRDA:544,22,0,0
BRDA:544,22,1,0
BRDA:562,23,0,0
BRDA:562,23,1,0
BRDA:564,24,0,0
BRDA:564,24,1,0
BRDA:566,25,0,0
BRDA:566,25,1,0
BRDA:572,26,0,0
BRDA:577,27,0,0
BRF:51
BRH:0
end_of_record
TN:
SF:components/layout/Navbar.tsx
FN:18,Navbar
FN:23,(anonymous_3)
FN:61,(anonymous_4)
FN:77,(anonymous_5)
FN:85,(anonymous_6)
FN:122,(anonymous_7)
FN:137,(anonymous_8)
FN:144,(anonymous_9)
FN:151,(anonymous_10)
FN:161,(anonymous_11)
FN:168,(anonymous_12)
FN:173,(anonymous_13)
FN:187,(anonymous_14)
FN:194,(anonymous_15)
FNF:14
FNH:0
FNDA:0,Navbar
FNDA:0,(anonymous_3)
FNDA:0,(anonymous_4)
FNDA:0,(anonymous_5)
FNDA:0,(anonymous_6)
FNDA:0,(anonymous_7)
FNDA:0,(anonymous_8)
FNDA:0,(anonymous_9)
FNDA:0,(anonymous_10)
FNDA:0,(anonymous_11)
FNDA:0,(anonymous_12)
FNDA:0,(anonymous_13)
FNDA:0,(anonymous_14)
FNDA:0,(anonymous_15)
DA:3,0
DA:4,0
DA:5,0
DA:15,0
DA:16,0
DA:18,0
DA:19,0
DA:20,0
DA:21,0
DA:23,0
DA:24,0
DA:25,0
DA:61,0
DA:77,0
DA:85,0
DA:122,0
DA:137,0
DA:144,0
DA:151,0
DA:161,0
DA:168,0
DA:174,0
DA:175,0
DA:187,0
DA:194,0
LF:25
LH:0
BRDA:57,0,0,0
BRDA:59,1,0,0
BRDA:67,2,0,0
BRDA:67,2,1,0
BRDA:72,3,0,0
BRDA:116,4,0,0
BRDA:125,5,0,0
BRDA:131,6,0,0
BRDA:157,7,0,0
BRF:9
BRH:0
end_of_record
TN:
SF:components/layout/navigation.tsx
FN:13,Navigation
FNF:1
FNH:0
FNDA:0,Navigation
DA:3,0
DA:4,0
DA:5,0
DA:6,0
DA:13,0
DA:14,0
LF:6
LH:0
BRDA:13,0,0,0
BRDA:13,1,0,0
BRDA:43,2,0,0
BRDA:46,3,0,0
BRF:4
BRH:0
end_of_record
TN:
SF:components/payment/StripeCheckout.tsx
FN:21,PaymentForm
FN:32,(anonymous_3)
FN:107,(anonymous_4)
FN:107,(anonymous_5)
FN:117,(anonymous_6)
FN:117,(anonymous_7)
FN:128,(anonymous_8)
FN:128,(anonymous_9)
FN:139,(anonymous_10)
FN:139,(anonymous_11)
FN:179,StripeCheckout
FNF:11
FNH:0
FNDA:0,PaymentForm
FNDA:0,(anonymous_3)
FNDA:0,(anonymous_4)
FNDA:0,(anonymous_5)
FNDA:0,(anonymous_6)
FNDA:0,(anonymous_7)
FNDA:0,(anonymous_8)
FNDA:0,(anonymous_9)
FNDA:0,(anonymous_10)
FNDA:0,(anonymous_11)
FNDA:0,StripeCheckout
DA:3,0
DA:4,0
DA:5,0
DA:6,0
DA:7,0
DA:8,0
DA:9,0
DA:10,0
DA:11,0
DA:13,0
DA:22,0
DA:23,0
DA:24,0
DA:25,0
DA:32,0
DA:33,0
DA:35,0
DA:36,0
DA:39,0
DA:41,0
DA:42,0
DA:43,0
DA:44,0
DA:47,0
DA:56,0
DA:57,0
DA:58,0
DA:62,0
DA:76,0
DA:78,0
DA:79,0
DA:82,0
DA:84,0
DA:85,0
DA:87,0
DA:88,0
DA:91,0
DA:92,0
DA:94,0
DA:107,0
DA:117,0
DA:128,0
DA:139,0
DA:179,0
LF:44
LH:0
BRDA:35,0,0,0
BRDA:35,0,1,0
BRDA:35,1,0,0
BRDA:35,1,1,0
BRDA:43,2,0,0
BRDA:43,2,1,0
BRDA:56,3,0,0
BRDA:56,3,1,0
BRDA:57,4,0,0
BRDA:57,4,1,0
BRDA:78,5,0,0
BRDA:78,5,1,0
BRDA:84,6,0,0
BRDA:84,6,1,0
BRDA:85,7,0,0
BRDA:85,7,1,0
BRDA:172,8,0,0
BRDA:172,8,1,0
BRDA:173,9,0,0
BRDA:173,9,1,0
BRF:20
BRH:0
end_of_record
TN:
SF:components/payments/donation-confirmation.tsx
FN:29,DonationConfirmation
FN:39,(anonymous_3)
FN:41,(anonymous_4)
FN:42,(anonymous_5)
FN:45,(anonymous_6)
FN:154,(anonymous_7)
FN:162,(anonymous_8)
FN:170,(anonymous_9)
FNF:8
FNH:0
FNDA:0,DonationConfirmation
FNDA:0,(anonymous_3)
FNDA:0,(anonymous_4)
FNDA:0,(anonymous_5)
FNDA:0,(anonymous_6)
FNDA:0,(anonymous_7)
FNDA:0,(anonymous_8)
FNDA:0,(anonymous_9)
DA:3,0
DA:4,0
DA:5,0
DA:17,0
DA:18,0
DA:29,0
DA:37,0
DA:39,0
DA:41,0
DA:42,0
DA:45,0
DA:46,0
DA:47,0
DA:49,0
DA:51,0
DA:53,0
DA:54,0
DA:56,0
DA:57,0
DA:59,0
DA:60,0
DA:63,0
DA:64,0
DA:154,0
DA:162,0
DA:170,0
LF:26
LH:0
BRDA:34,0,0,0
BRDA:35,1,0,0
BRDA:51,2,0,0
BRDA:51,2,1,0
BRDA:51,2,2,0
BRDA:63,3,0,0
BRDA:63,3,1,0
BRDA:69,4,0,0
BRDA:69,4,1,0
BRDA:79,5,0,0
BRDA:97,6,0,0
BRDA:123,7,0,0
BRDA:134,8,0,0
BRDA:182,9,0,0
BRDA:225,10,0,0
BRF:15
BRH:0
end_of_record
TN:
SF:components/payments/donation-form.tsx
FN:23,DonationForm
FN:35,(anonymous_3)
FN:39,(anonymous_4)
FN:45,(anonymous_5)
FN:164,(anonymous_6)
FN:174,(anonymous_7)
FN:188,(anonymous_8)
FN:203,(anonymous_9)
FN:215,(anonymous_10)
FNF:9
FNH:2
FNDA:5,DonationForm
FNDA:0,(anonymous_3)
FNDA:0,(anonymous_4)
FNDA:0,(anonymous_5)
FNDA:25,(anonymous_6)
FNDA:0,(anonymous_7)
FNDA:0,(anonymous_8)
FNDA:0,(anonymous_9)
FNDA:0,(anonymous_10)
DA:3,1
DA:4,1
DA:5,1
DA:6,1
DA:7,1
DA:8,1
DA:9,1
DA:10,1
DA:11,1
DA:21,1
DA:23,5
DA:30,5
DA:31,5
DA:32,5
DA:33,5
DA:35,5
DA:36,0
DA:39,5
DA:41,0
DA:42,0
DA:45,5
DA:46,0
DA:48,0
DA:49,0
DA:50,0
DA:53,0
DA:54,0
DA:55,0
DA:58,0
DA:59,0
DA:60,0
DA:64,0
DA:65,0
DA:66,0
DA:67,0
DA:70,0
DA:73,0
DA:75,0
DA:76,0
DA:91,0
DA:93,0
DA:94,0
DA:98,0
DA:99,0
DA:102,0
DA:105,0
DA:108,0
DA:117,0
DA:119,0
DA:123,5
DA:165,25
DA:174,0
DA:188,0
DA:203,0
DA:215,0
LF:55
LH:20
BRDA:26,0,0,0
BRDA:27,1,0,0
BRDA:48,2,0,0
BRDA:48,2,1,0
BRDA:48,3,0,0
BRDA:48,3,1,0
BRDA:53,4,0,0
BRDA:53,4,1,0
BRDA:58,5,0,0
BRDA:58,5,1,0
BRDA:65,6,0,0
BRDA:65,6,1,0
BRDA:93,7,0,0
BRDA:93,7,1,0
BRDA:94,8,0,0
BRDA:94,8,1,0
BRDA:105,9,0,0
BRDA:105,9,1,0
BRDA:109,10,0,0
BRDA:109,10,1,0
BRDA:117,11,0,0
BRDA:117,11,1,0
BRDA:123,12,0,5
BRDA:123,12,1,0
BRDA:139,13,0,5
BRDA:170,14,0,0
BRDA:170,14,1,25
BRDA:228,15,0,0
BRDA:235,16,0,5
BRDA:235,16,1,5
BRF:30
BRH:5
end_of_record
TN:
SF:components/sharing/SocialShare.tsx
FN:26,SocialShare
FN:56,(anonymous_3)
FN:70,(anonymous_4)
FN:75,(anonymous_5)
FN:81,(anonymous_6)
FN:86,(anonymous_7)
FN:87,(anonymous_8)
FN:92,(anonymous_9)
FN:99,(anonymous_10)
FN:124,(anonymous_11)
FNF:10
FNH:0
FNDA:0,SocialShare
FNDA:0,(anonymous_3)
FNDA:0,(anonymous_4)
FNDA:0,(anonymous_5)
FNDA:0,(anonymous_6)
FNDA:0,(anonymous_7)
FNDA:0,(anonymous_8)
FNDA:0,(anonymous_9)
FNDA:0,(anonymous_10)
FNDA:0,(anonymous_11)
DA:3,0
DA:4,0
DA:14,0
DA:15,0
DA:26,0
DA:34,0
DA:35,0
DA:37,0
DA:43,0
DA:49,0
DA:56,0
DA:57,0
DA:58,0
DA:59,0
DA:62,0
DA:66,0
DA:70,0
DA:71,0
DA:72,0
DA:73,0
DA:74,0
DA:75,0
DA:77,0
DA:81,0
DA:82,0
DA:83,0
DA:86,0
DA:87,0
DA:88,0
DA:89,0
DA:92,0
DA:93,0
DA:94,0
DA:95,0
DA:96,0
DA:99,0
DA:100,0
DA:101,0
DA:102,0
DA:105,0
DA:118,0
DA:124,0
LF:42
LH:0
BRDA:29,0,0,0
BRDA:30,1,0,0
BRDA:31,2,0,0
BRDA:32,3,0,0
BRDA:57,4,0,0
BRDA:57,4,1,0
BRDA:87,5,0,0
BRDA:87,5,1,0
BRDA:100,6,0,0
BRDA:100,6,1,0
BRDA:105,7,0,0
BRDA:105,7,1,0
BRDA:118,8,0,0
BRDA:118,8,1,0
BRDA:129,9,0,0
BRDA:129,9,1,0
BRDA:149,10,0,0
BRDA:150,11,0,0
BRDA:150,11,1,0
BRDA:154,12,0,0
BRDA:250,13,0,0
BRF:21
BRH:0
end_of_record
TN:
SF:components/ui/button.tsx
FN:41,(anonymous_6)
FNF:1
FNH:1
FNDA:43,(anonymous_6)
DA:1,3
DA:2,3
DA:3,3
DA:5,3
DA:40,3
DA:51,3
DA:53,43
LF:7
LH:7
BRDA:41,0,0,43
BRF:1
BRH:1
end_of_record
TN:
SF:components/ui/card.tsx
FNF:0
FNH:0
DA:1,2
DA:2,2
DA:17,2
DA:29,2
DA:44,2
DA:56,2
DA:64,2
DA:76,2
DA:78,19
LF:9
LH:9
BRF:0
BRH:0
end_of_record
TN:
SF:components/ui/input.tsx
FN:8,(anonymous_4)
FNF:1
FNH:1
FNDA:26,(anonymous_4)
DA:1,2
DA:2,2
DA:7,2
DA:22,2
DA:24,26
LF:5
LH:5
BRF:0
BRH:0
end_of_record
TN:
SF:components/ui/label.tsx
FNF:0
FNH:0
DA:1,1
DA:2,1
DA:19,1
DA:21,15
LF:4
LH:4
BRF:0
BRH:0
end_of_record
TN:
SF:components/volunteers/VolunteerSignUp.tsx
FN:33,VolunteerSignUp
FN:61,(anonymous_3)
FN:72,(anonymous_4)
FN:73,(anonymous_5)
FN:76,(anonymous_6)
FN:88,(anonymous_7)
FN:113,(anonymous_8)
FN:177,(anonymous_9)
FN:202,(anonymous_10)
FN:213,(anonymous_11)
FN:226,(anonymous_12)
FN:244,(anonymous_13)
FN:254,(anonymous_14)
FN:270,(anonymous_15)
FN:282,(anonymous_16)
FN:294,(anonymous_17)
FNF:16
FNH:0
FNDA:0,VolunteerSignUp
FNDA:0,(anonymous_3)
FNDA:0,(anonymous_4)
FNDA:0,(anonymous_5)
FNDA:0,(anonymous_6)
FNDA:0,(anonymous_7)
FNDA:0,(anonymous_8)
FNDA:0,(anonymous_9)
FNDA:0,(anonymous_10)
FNDA:0,(anonymous_11)
FNDA:0,(anonymous_12)
FNDA:0,(anonymous_13)
FNDA:0,(anonymous_14)
FNDA:0,(anonymous_15)
FNDA:0,(anonymous_16)
FNDA:0,(anonymous_17)
DA:3,0
DA:4,0
DA:5,0
DA:6,0
DA:7,0
DA:17,0
DA:18,0
DA:33,0
DA:45,0
DA:55,0
DA:56,0
DA:58,0
DA:59,0
DA:61,0
DA:62,0
DA:72,0
DA:73,0
DA:76,0
DA:77,0
DA:79,0
DA:80,0
DA:81,0
DA:84,0
DA:86,0
DA:88,0
DA:90,0
DA:103,0
DA:104,0
DA:105,0
DA:107,0
DA:109,0
DA:113,0
DA:114,0
DA:124,0
DA:127,0
DA:178,0
DA:202,0
DA:213,0
DA:226,0
DA:244,0
DA:254,0
DA:270,0
DA:282,0
DA:294,0
LF:44
LH:0
BRDA:79,0,0,0
BRDA:79,0,1,0
BRDA:79,1,0,0
BRDA:79,1,1,0
BRDA:79,1,2,0
BRDA:127,2,0,0
BRDA:127,2,1,0
BRDA:157,3,0,0
BRDA:173,4,0,0
BRDA:303,5,0,0
BRDA:303,5,1,0
BRDA:308,6,0,0
BRF:12
BRH:0
end_of_record
TN:
SF:hooks/use-stripe-checkout.ts
FN:16,useStripeCheckout
FN:19,(anonymous_3)
FNF:2
FNH:0
FNDA:0,useStripeCheckout
FNDA:0,(anonymous_3)
DA:3,0
DA:4,0
DA:16,0
DA:17,0
DA:19,0
DA:20,0
DA:22,0
DA:23,0
DA:39,0
DA:41,0
DA:42,0
DA:46,0
DA:49,0
DA:50,0
DA:51,0
DA:53,0
DA:57,0
LF:17
LH:0
BRDA:34,0,0,0
BRDA:34,0,1,0
BRDA:35,1,0,0
BRDA:35,1,1,0
BRDA:41,2,0,0
BRDA:41,2,1,0
BRDA:42,3,0,0
BRDA:42,3,1,0
BRDA:50,4,0,0
BRDA:50,4,1,0
BRF:10
BRH:0
end_of_record
TN:
SF:lib/analytics.ts
FN:4,(anonymous_18)
FN:16,(anonymous_19)
FN:26,(anonymous_20)
FN:33,(anonymous_21)
FN:43,(anonymous_22)
FN:51,(anonymous_23)
FN:60,(anonymous_24)
FN:69,(anonymous_25)
FN:78,(anonymous_26)
FN:87,(anonymous_27)
FN:97,(anonymous_28)
FN:106,(anonymous_29)
FN:115,(anonymous_30)
FN:124,(anonymous_31)
FN:133,(anonymous_32)
FN:140,(anonymous_33)
FNF:16
FNH:0
FNDA:0,(anonymous_18)
FNDA:0,(anonymous_19)
FNDA:0,(anonymous_20)
FNDA:0,(anonymous_21)
FNDA:0,(anonymous_22)
FNDA:0,(anonymous_23)
FNDA:0,(anonymous_24)
FNDA:0,(anonymous_25)
FNDA:0,(anonymous_26)
FNDA:0,(anonymous_27)
FNDA:0,(anonymous_28)
FNDA:0,(anonymous_29)
FNDA:0,(anonymous_30)
FNDA:0,(anonymous_31)
FNDA:0,(anonymous_32)
FNDA:0,(anonymous_33)
DA:1,1
DA:4,1
DA:5,0
DA:6,0
DA:16,1
DA:17,0
DA:18,0
DA:26,1
DA:27,0
DA:28,0
DA:33,1
DA:34,0
DA:35,0
DA:43,1
DA:44,0
DA:51,1
DA:52,0
DA:60,1
DA:61,0
DA:69,1
DA:70,0
DA:78,1
DA:79,0
DA:87,1
DA:88,0
DA:97,1
DA:98,0
DA:106,1
DA:107,0
DA:115,1
DA:116,0
DA:124,1
DA:125,0
DA:133,1
DA:134,0
DA:140,1
DA:141,0
LF:37
LH:17
BRDA:5,0,0,0
BRDA:5,0,1,0
BRDA:5,1,0,0
BRDA:5,1,1,0
BRDA:7,2,0,0
BRDA:7,2,1,0
BRDA:17,3,0,0
BRDA:17,3,1,0
BRDA:17,4,0,0
BRDA:17,4,1,0
BRDA:27,5,0,0
BRDA:27,5,1,0
BRDA:27,6,0,0
BRDA:27,6,1,0
BRDA:34,7,0,0
BRDA:34,7,1,0
BRDA:34,8,0,0
BRDA:34,8,1,0
BRDA:56,9,0,0
BRDA:56,9,1,0
BRF:20
BRH:0
end_of_record
TN:
SF:lib/auth-config.ts
FN:5,getAuthRedirectUrl
FN:30,getEmailRedirectUrl
FN:36,getConfirmRedirectUrl
FNF:3
FNH:0
FNDA:0,getAuthRedirectUrl
FNDA:0,getEmailRedirectUrl
FNDA:0,getConfirmRedirectUrl
DA:5,0
DA:7,0
DA:8,0
DA:11,0
DA:12,0
DA:16,0
DA:17,0
DA:21,0
DA:25,0
DA:26,0
DA:30,0
DA:33,0
DA:36,0
DA:37,0
DA:38,0
DA:40,0
DA:41,0
DA:44,0
DA:45,0
DA:48,0
DA:51,0
DA:52,0
LF:22
LH:0
BRDA:7,0,0,0
BRDA:7,0,1,0
BRDA:11,1,0,0
BRDA:11,1,1,0
BRDA:16,2,0,0
BRDA:16,2,1,0
BRDA:16,3,0,0
BRDA:16,3,1,0
BRDA:25,4,0,0
BRDA:25,4,1,0
BRDA:37,5,0,0
BRDA:37,5,1,0
BRDA:40,6,0,0
BRDA:40,6,1,0
BRDA:44,7,0,0
BRDA:44,7,1,0
BRDA:44,8,0,0
BRDA:44,8,1,0
BRDA:51,9,0,0
BRDA:51,9,1,0
BRF:20
BRH:0
end_of_record
TN:
SF:lib/config.ts
FN:1,(anonymous_4)
FN:16,(anonymous_5)
FN:20,(anonymous_6)
FNF:3
FNH:0
FNDA:0,(anonymous_4)
FNDA:0,(anonymous_5)
FNDA:0,(anonymous_6)
DA:1,0
DA:3,0
DA:4,0
DA:8,0
DA:9,0
DA:13,0
DA:16,0
DA:17,0
DA:20,0
DA:21,0
LF:10
LH:0
BRDA:3,0,0,0
BRDA:3,0,1,0
BRDA:8,1,0,0
BRDA:8,1,1,0
BRF:4
BRH:0
end_of_record
TN:
SF:lib/csv-export.ts
FN:57,(anonymous_1)
FN:97,(anonymous_2)
FN:114,(anonymous_3)
FN:156,(anonymous_4)
FN:174,(anonymous_5)
FN:217,(anonymous_6)
FN:235,(anonymous_7)
FN:264,(anonymous_8)
FN:315,(anonymous_9)
FN:328,(anonymous_10)
FN:329,(anonymous_11)
FN:343,(anonymous_12)
FNF:12
FNH:0
FNDA:0,(anonymous_1)
FNDA:0,(anonymous_2)
FNDA:0,(anonymous_3)
FNDA:0,(anonymous_4)
FNDA:0,(anonymous_5)
FNDA:0,(anonymous_6)
FNDA:0,(anonymous_7)
FNDA:0,(anonymous_8)
FNDA:0,(anonymous_9)
FNDA:0,(anonymous_10)
FNDA:0,(anonymous_11)
FNDA:0,(anonymous_12)
DA:1,0
DA:56,0
DA:58,0
DA:59,0
DA:62,0
DA:78,0
DA:79,0
DA:82,0
DA:83,0
DA:86,0
DA:87,0
DA:90,0
DA:92,0
DA:93,0
DA:97,0
DA:111,0
DA:115,0
DA:116,0
DA:119,0
DA:137,0
DA:138,0
DA:141,0
DA:142,0
DA:145,0
DA:146,0
DA:149,0
DA:151,0
DA:152,0
DA:156,0
DA:171,0
DA:175,0
DA:176,0
DA:179,0
DA:198,0
DA:199,0
DA:202,0
DA:203,0
DA:206,0
DA:207,0
DA:210,0
DA:212,0
DA:213,0
DA:217,0
DA:232,0
DA:236,0
DA:237,0
DA:241,0
DA:247,0
DA:248,0
DA:252,0
DA:258,0
DA:259,0
DA:263,0
DA:264,0
DA:265,0
DA:266,0
DA:269,0
DA:312,0
DA:316,0
DA:317,0
DA:321,0
DA:324,0
DA:329,0
DA:330,0
DA:332,0
DA:333,0
DA:335,0
DA:340,0
DA:344,0
DA:345,0
DA:347,0
DA:348,0
DA:349,0
DA:350,0
DA:351,0
DA:352,0
DA:353,0
DA:354,0
LF:78
LH:0
BRDA:57,0,0,0
BRDA:58,1,0,0
BRDA:58,1,1,0
BRDA:78,2,0,0
BRDA:78,2,1,0
BRDA:82,3,0,0
BRDA:82,3,1,0
BRDA:86,4,0,0
BRDA:86,4,1,0
BRDA:92,5,0,0
BRDA:92,5,1,0
BRDA:97,6,0,0
BRDA:97,6,1,0
BRDA:100,7,0,0
BRDA:100,7,1,0
BRDA:102,8,0,0
BRDA:102,8,1,0
BRDA:103,9,0,0
BRDA:103,9,1,0
BRDA:114,10,0,0
BRDA:115,11,0,0
BRDA:115,11,1,0
BRDA:137,12,0,0
BRDA:137,12,1,0
BRDA:141,13,0,0
BRDA:141,13,1,0
BRDA:145,14,0,0
BRDA:145,14,1,0
BRDA:151,15,0,0
BRDA:151,15,1,0
BRDA:156,16,0,0
BRDA:156,16,1,0
BRDA:159,17,0,0
BRDA:159,17,1,0
BRDA:160,18,0,0
BRDA:160,18,1,0
BRDA:161,19,0,0
BRDA:161,19,1,0
BRDA:162,20,0,0
BRDA:162,20,1,0
BRDA:167,21,0,0
BRDA:167,21,1,0
BRDA:168,22,0,0
BRDA:168,22,1,0
BRDA:174,23,0,0
BRDA:175,24,0,0
BRDA:175,24,1,0
BRDA:198,25,0,0
BRDA:198,25,1,0
BRDA:202,26,0,0
BRDA:202,26,1,0
BRDA:206,27,0,0
BRDA:206,27,1,0
BRDA:212,28,0,0
BRDA:212,28,1,0
BRDA:217,29,0,0
BRDA:217,29,1,0
BRDA:220,30,0,0
BRDA:220,30,1,0
BRDA:221,31,0,0
BRDA:221,31,1,0
BRDA:222,32,0,0
BRDA:222,32,1,0
BRDA:223,33,0,0
BRDA:223,33,1,0
BRDA:224,34,0,0
BRDA:224,34,1,0
BRDA:225,35,0,0
BRDA:225,35,1,0
BRDA:226,36,0,0
BRDA:226,36,1,0
BRDA:236,37,0,0
BRDA:236,37,1,0
BRDA:247,38,0,0
BRDA:247,38,1,0
BRDA:247,39,0,0
BRDA:247,39,1,0
BRDA:258,40,0,0
BRDA:258,40,1,0
BRDA:263,41,0,0
BRDA:263,41,1,0
BRDA:264,42,0,0
BRDA:264,42,1,0
BRDA:265,43,0,0
BRDA:265,43,1,0
BRDA:266,44,0,0
BRDA:266,44,1,0
BRDA:292,45,0,0
BRDA:292,45,1,0
BRDA:302,46,0,0
BRDA:302,46,1,0
BRDA:316,47,0,0
BRDA:316,47,1,0
BRDA:316,48,0,0
BRDA:316,48,1,0
BRDA:332,49,0,0
BRDA:332,49,1,0
BRDA:332,50,0,0
BRDA:332,50,1,0
BRDA:332,50,2,0
BRDA:332,50,3,0
BRDA:347,51,0,0
BRDA:347,51,1,0
BRF:103
BRH:0
end_of_record
TN:
SF:lib/monitoring.ts
FN:6,(anonymous_7)
FN:7,(anonymous_8)
FN:11,(anonymous_9)
FN:20,(anonymous_10)
FN:26,(anonymous_11)
FN:35,(anonymous_12)
FN:36,(anonymous_13)
FN:48,(anonymous_14)
FN:49,(anonymous_15)
FN:61,(anonymous_16)
FN:73,(anonymous_17)
FN:86,(anonymous_18)
FN:87,(anonymous_19)
FN:101,(anonymous_20)
FN:135,(anonymous_21)
FN:137,(anonymous_22)
FN:149,(anonymous_23)
FN:151,(anonymous_24)
FN:160,(anonymous_25)
FN:162,(anonymous_26)
FN:174,(anonymous_27)
FNF:21
FNH:0
FNDA:0,(anonymous_7)
FNDA:0,(anonymous_8)
FNDA:0,(anonymous_9)
FNDA:0,(anonymous_10)
FNDA:0,(anonymous_11)
FNDA:0,(anonymous_12)
FNDA:0,(anonymous_13)
FNDA:0,(anonymous_14)
FNDA:0,(anonymous_15)
FNDA:0,(anonymous_16)
FNDA:0,(anonymous_17)
FNDA:0,(anonymous_18)
FNDA:0,(anonymous_19)
FNDA:0,(anonymous_20)
FNDA:0,(anonymous_21)
FNDA:0,(anonymous_22)
FNDA:0,(anonymous_23)
FNDA:0,(anonymous_24)
FNDA:0,(anonymous_25)
FNDA:0,(anonymous_26)
FNDA:0,(anonymous_27)
DA:1,1
DA:4,0
DA:7,0
DA:8,0
DA:9,0
DA:10,0
DA:11,0
DA:12,0
DA:15,0
DA:26,0
DA:27,0
DA:28,0
DA:29,0
DA:30,0
DA:36,0
DA:37,0
DA:38,0
DA:39,0
DA:43,0
DA:49,0
DA:50,0
DA:51,0
DA:52,0
DA:56,0
DA:62,0
DA:74,0
DA:87,0
DA:88,0
DA:89,0
DA:90,0
DA:94,0
DA:100,0
DA:106,0
DA:107,0
DA:108,0
DA:109,0
DA:111,0
DA:114,0
DA:115,0
DA:121,0
DA:123,0
DA:128,0
DA:134,0
DA:136,0
DA:137,0
DA:138,0
DA:139,0
DA:141,0
DA:142,0
DA:144,0
DA:145,0
DA:150,0
DA:151,0
DA:152,0
DA:153,0
DA:155,0
DA:156,0
DA:161,0
DA:162,0
DA:163,0
DA:164,0
DA:166,0
DA:167,0
DA:169,0
DA:170,0
DA:180,0
DA:186,0
DA:188,0
DA:189,0
DA:196,0
LF:70
LH:1
BRDA:10,0,0,0
BRDA:10,0,1,0
BRDA:114,1,0,0
BRDA:114,1,1,0
BRDA:138,2,0,0
BRDA:138,2,1,0
BRDA:163,3,0,0
BRDA:163,3,1,0
BRDA:186,4,0,0
BRDA:186,4,1,0
BRDA:186,4,2,0
BRDA:188,5,0,0
BRDA:188,5,1,0
BRF:13
BRH:0
end_of_record
TN:
SF:lib/sendgrid.ts
FN:38,(anonymous_2)
FN:42,(anonymous_3)
FN:83,(anonymous_4)
FN:123,(anonymous_5)
FN:176,(anonymous_6)
FNF:5
FNH:0
FNDA:0,(anonymous_2)
FNDA:0,(anonymous_3)
FNDA:0,(anonymous_4)
FNDA:0,(anonymous_5)
FNDA:0,(anonymous_6)
DA:1,0
DA:4,0
DA:5,0
DA:37,0
DA:39,0
DA:43,0
DA:44,0
DA:45,0
DA:48,0
DA:49,0
DA:74,0
DA:75,0
DA:76,0
DA:78,0
DA:79,0
DA:84,0
DA:85,0
DA:86,0
DA:89,0
DA:90,0
DA:114,0
DA:115,0
DA:116,0
DA:118,0
DA:119,0
DA:124,0
DA:177,0
LF:27
LH:0
BRDA:4,0,0,0
BRDA:4,0,1,0
BRDA:43,1,0,0
BRDA:43,1,1,0
BRDA:52,2,0,0
BRDA:52,2,1,0
BRDA:84,3,0,0
BRDA:84,3,1,0
BRDA:93,4,0,0
BRDA:93,4,1,0
BRDA:155,5,0,0
BRDA:155,5,1,0
BRDA:157,6,0,0
BRDA:157,6,1,0
BRDA:161,7,0,0
BRDA:161,7,1,0
BRDA:162,8,0,0
BRDA:162,8,1,0
BRDA:205,9,0,0
BRDA:205,9,1,0
BRDA:208,10,0,0
BRDA:208,10,1,0
BRDA:213,11,0,0
BRDA:213,11,1,0
BRDA:213,12,0,0
BRDA:213,12,1,0
BRF:26
BRH:0
end_of_record
TN:
SF:lib/stripe.ts
FN:7,(anonymous_7)
FN:9,(anonymous_8)
FN:9,(anonymous_9)
FNF:3
FNH:0
FNDA:0,(anonymous_7)
FNDA:0,(anonymous_8)
FNDA:0,(anonymous_9)
DA:1,0
DA:3,0
DA:7,0
DA:8,0
DA:9,0
DA:10,0
DA:13,0
LF:7
LH:0
BRDA:8,0,0,0
BRDA:8,0,1,0
BRF:2
BRH:0
end_of_record
TN:
SF:lib/supabase.ts
FNF:0
FNH:0
DA:1,0
DA:3,0
DA:4,0
DA:7,0
DA:11,0
LF:5
LH:0
BRDA:3,0,0,0
BRDA:3,0,1,0
BRDA:4,1,0,0
BRDA:4,1,1,0
BRDA:7,2,0,0
BRDA:7,2,1,0
BRDA:7,3,0,0
BRDA:7,3,1,0
BRDA:11,4,0,0
BRDA:11,4,1,0
BRDA:11,5,0,0
BRDA:11,5,1,0
BRF:12
BRH:0
end_of_record
TN:
SF:lib/utils.ts
FN:4,cn
FNF:1
FNH:1
FNDA:138,cn
DA:1,5
DA:2,5
DA:4,138
DA:5,138
LF:4
LH:4
BRF:0
BRH:0
end_of_record
