TN:
SF:app/layout.tsx
FN:13,RootLayout
FNF:1
FNH:0
FNDA:0,RootLayout
DA:2,0
DA:3,0
DA:4,0
DA:6,0
DA:8,0
DA:13,0
LF:6
LH:0
BRF:0
BRH:0
end_of_record
TN:
SF:app/page.tsx
FN:24,HomePage
FNF:1
FNH:0
FNDA:0,HomePage
DA:1,0
DA:2,0
DA:3,0
DA:4,0
DA:22,0
DA:24,0
LF:6
LH:0
BRF:0
BRH:0
end_of_record
TN:
SF:app/providers.tsx
FN:17,(anonymous_3)
FN:20,(anonymous_4)
FN:28,Providers
FN:33,(anonymous_6)
FN:55,(anonymous_7)
FN:58,(anonymous_8)
FN:72,(anonymous_9)
FN:78,(anonymous_10)
FN:81,(anonymous_11)
FNF:9
FNH:0
FNDA:0,(anonymous_3)
FNDA:0,(anonymous_4)
FNDA:0,Providers
FNDA:0,(anonymous_6)
FNDA:0,(anonymous_7)
FNDA:0,(anonymous_8)
FNDA:0,(anonymous_9)
FNDA:0,(anonymous_10)
FNDA:0,(anonymous_11)
DA:3,0
DA:4,0
DA:6,0
DA:14,0
DA:20,0
DA:21,0
DA:22,0
DA:23,0
DA:25,0
DA:28,0
DA:29,0
DA:30,0
DA:31,0
DA:33,0
DA:35,0
DA:36,0
DA:37,0
DA:38,0
DA:40,0
DA:41,0
DA:42,0
DA:43,0
DA:46,0
DA:47,0
DA:49,0
DA:50,0
DA:55,0
DA:56,0
DA:58,0
DA:59,0
DA:60,0
DA:61,0
DA:62,0
DA:64,0
DA:65,0
DA:69,0
DA:71,0
DA:73,0
DA:74,0
DA:78,0
DA:81,0
DA:82,0
DA:83,0
LF:43
LH:0
BRDA:22,0,0,0
BRDA:22,0,1,0
BRDA:35,1,0,0
BRDA:35,1,1,0
BRDA:40,2,0,0
BRDA:40,2,1,0
BRDA:40,3,0,0
BRDA:40,3,1,0
BRDA:56,4,0,0
BRDA:56,4,1,0
BRDA:73,5,0,0
BRDA:73,5,1,0
BRDA:82,6,0,0
BRDA:82,6,1,0
BRF:14
BRH:0
end_of_record
TN:
SF:app/admin/reports/page.tsx
FN:45,ReportsPage
FN:54,(anonymous_3)
FN:82,(anonymous_4)
FN:88,(anonymous_5)
FN:151,(anonymous_6)
FN:151,(anonymous_7)
FN:160,(anonymous_8)
FN:160,(anonymous_9)
FN:168,(anonymous_10)
FN:255,(anonymous_11)
FN:283,(anonymous_12)
FN:311,(anonymous_13)
FNF:12
FNH:0
FNDA:0,ReportsPage
FNDA:0,(anonymous_3)
FNDA:0,(anonymous_4)
FNDA:0,(anonymous_5)
FNDA:0,(anonymous_6)
FNDA:0,(anonymous_7)
FNDA:0,(anonymous_8)
FNDA:0,(anonymous_9)
FNDA:0,(anonymous_10)
FNDA:0,(anonymous_11)
FNDA:0,(anonymous_12)
FNDA:0,(anonymous_13)
DA:3,0
DA:4,0
DA:5,0
DA:6,0
DA:7,0
DA:19,0
DA:20,0
DA:45,0
DA:46,0
DA:47,0
DA:48,0
DA:52,0
DA:54,0
DA:56,0
DA:82,0
DA:83,0
DA:84,0
DA:88,0
DA:90,0
DA:93,0
DA:151,0
DA:160,0
DA:168,0
DA:256,0
DA:284,0
DA:312,0
LF:26
LH:0
BRDA:93,0,0,0
BRDA:93,0,1,0
BRDA:320,1,0,0
BRDA:320,1,1,0
BRDA:321,2,0,0
BRDA:321,2,1,0
BRF:6
BRH:0
end_of_record
TN:
SF:app/api/create-checkout/route.ts
FN:5,POST
FNF:1
FNH:0
FNDA:0,POST
DA:2,0
DA:3,0
DA:5,0
DA:6,0
DA:16,0
DA:19,0
DA:20,0
DA:26,0
DA:27,0
DA:34,0
DA:35,0
DA:41,0
DA:47,0
DA:48,0
DA:55,0
DA:84,0
DA:89,0
DA:90,0
LF:18
LH:0
BRDA:13,0,0,0
BRDA:19,1,0,0
BRDA:19,1,1,0
BRDA:19,2,0,0
BRDA:19,2,1,0
BRDA:26,3,0,0
BRDA:26,3,1,0
BRDA:34,4,0,0
BRDA:34,4,1,0
BRDA:47,5,0,0
BRDA:47,5,1,0
BRDA:47,6,0,0
BRDA:47,6,1,0
BRDA:63,7,0,0
BRDA:63,7,1,0
BRDA:71,8,0,0
BRDA:71,8,1,0
BRDA:72,9,0,0
BRDA:72,9,1,0
BRDA:75,10,0,0
BRDA:75,10,1,0
BRDA:76,11,0,0
BRDA:76,11,1,0
BRDA:77,12,0,0
BRDA:77,12,1,0
BRF:25
BRH:0
end_of_record
TN:
SF:app/api/create-payment-intent/route.ts
FN:4,POST
FNF:1
FNH:0
FNDA:0,POST
DA:2,0
DA:4,0
DA:5,0
DA:6,0
DA:9,0
DA:10,0
DA:17,0
DA:30,0
DA:35,0
DA:36,0
LF:10
LH:0
BRDA:6,0,0,0
BRDA:9,1,0,0
BRDA:9,1,1,0
BRDA:9,2,0,0
BRDA:9,2,1,0
BRDA:21,3,0,0
BRDA:21,3,1,0
BRDA:22,4,0,0
BRDA:22,4,1,0
BRDA:23,5,0,0
BRDA:23,5,1,0
BRF:11
BRH:0
end_of_record
TN:
SF:app/api/webhooks/stripe/route.ts
FN:7,POST
FN:71,handleCheckoutCompleted
FN:138,handlePaymentSucceeded
FN:157,handlePaymentFailed
FNF:4
FNH:0
FNDA:0,POST
FNDA:0,handleCheckoutCompleted
FNDA:0,handlePaymentSucceeded
FNDA:0,handlePaymentFailed
DA:2,0
DA:3,0
DA:4,0
DA:7,0
DA:8,0
DA:9,0
DA:11,0
DA:12,0
DA:13,0
DA:21,0
DA:22,0
DA:28,0
DA:29,0
DA:35,0
DA:36,0
DA:37,0
DA:38,0
DA:44,0
DA:46,0
DA:47,0
DA:50,0
DA:51,0
DA:54,0
DA:55,0
DA:58,0
DA:61,0
DA:63,0
DA:64,0
DA:72,0
DA:74,0
DA:75,0
DA:76,0
DA:79,0
DA:80,0
DA:81,0
DA:82,0
DA:84,0
DA:85,0
DA:86,0
DA:89,0
DA:91,0
DA:93,0
DA:109,0
DA:110,0
DA:111,0
DA:115,0
DA:120,0
DA:121,0
DA:122,0
DA:125,0
DA:133,0
DA:134,0
DA:139,0
DA:141,0
DA:142,0
DA:143,0
DA:147,0
DA:152,0
DA:153,0
DA:158,0
DA:160,0
DA:161,0
DA:162,0
DA:166,0
DA:171,0
DA:172,0
LF:66
LH:0
BRDA:11,0,0,0
BRDA:11,0,1,0
BRDA:36,1,0,0
BRDA:36,1,1,0
BRDA:44,2,0,0
BRDA:44,2,1,0
BRDA:44,2,2,0
BRDA:44,2,3,0
BRDA:74,3,0,0
BRDA:74,3,1,0
BRDA:81,4,0,0
BRDA:81,4,1,0
BRDA:81,4,2,0
BRDA:82,5,0,0
BRDA:82,5,1,0
BRDA:82,5,2,0
BRDA:84,6,0,0
BRDA:84,6,1,0
BRDA:89,7,0,0
BRDA:89,7,1,0
BRDA:109,8,0,0
BRDA:109,8,1,0
BRDA:120,9,0,0
BRDA:120,9,1,0
BRDA:141,10,0,0
BRDA:141,10,1,0
BRDA:152,11,0,0
BRDA:152,11,1,0
BRDA:160,12,0,0
BRDA:160,12,1,0
BRDA:171,13,0,0
BRDA:171,13,1,0
BRF:32
BRH:0
end_of_record
TN:
SF:app/auth/callback/route.ts
FN:4,GET
FNF:1
FNH:0
FNDA:0,GET
DA:1,0
DA:4,0
DA:5,0
DA:6,0
DA:7,0
DA:8,0
DA:9,0
DA:10,0
DA:11,0
DA:13,0
DA:22,0
DA:23,0
DA:25,0
DA:26,0
DA:27,0
DA:30,0
DA:32,0
DA:34,0
DA:36,0
DA:38,0
DA:39,0
DA:40,0
DA:43,0
DA:44,0
DA:46,0
DA:51,0
DA:52,0
DA:53,0
DA:56,0
DA:57,0
DA:59,0
DA:64,0
DA:65,0
DA:66,0
DA:69,0
DA:71,0
DA:72,0
DA:75,0
DA:76,0
LF:39
LH:0
BRDA:11,0,0,0
BRDA:11,0,1,0
BRDA:25,1,0,0
BRDA:25,1,1,0
BRDA:25,2,0,0
BRDA:25,2,1,0
BRDA:34,3,0,0
BRDA:34,3,1,0
BRDA:38,4,0,0
BRDA:38,4,1,0
BRDA:44,5,0,0
BRDA:44,5,1,0
BRDA:44,6,0,0
BRDA:44,6,1,0
BRDA:51,7,0,0
BRDA:51,7,1,0
BRDA:57,8,0,0
BRDA:57,8,1,0
BRDA:57,9,0,0
BRDA:57,9,1,0
BRDA:64,10,0,0
BRDA:64,10,1,0
BRF:22
BRH:0
end_of_record
TN:
SF:app/auth/confirm/page.tsx
FN:12,EmailConfirmPage
FN:19,(anonymous_3)
FN:43,(anonymous_4)
FN:46,(anonymous_5)
FN:79,(anonymous_6)
FN:105,(anonymous_7)
FNF:6
FNH:0
FNDA:0,EmailConfirmPage
FNDA:0,(anonymous_3)
FNDA:0,(anonymous_4)
FNDA:0,(anonymous_5)
FNDA:0,(anonymous_6)
FNDA:0,(anonymous_7)
DA:3,0
DA:4,0
DA:5,0
DA:6,0
DA:7,0
DA:8,0
DA:9,0
DA:12,0
DA:13,0
DA:14,0
DA:15,0
DA:16,0
DA:17,0
DA:19,0
DA:21,0
DA:22,0
DA:23,0
DA:24,0
DA:26,0
DA:27,0
DA:28,0
DA:29,0
DA:30,0
DA:33,0
DA:34,0
DA:36,0
DA:37,0
DA:38,0
DA:43,0
DA:44,0
DA:46,0
DA:47,0
DA:48,0
DA:49,0
DA:50,0
DA:51,0
DA:53,0
DA:62,0
DA:64,0
DA:65,0
DA:70,0
DA:71,0
DA:72,0
DA:73,0
DA:75,0
DA:76,0
DA:79,0
DA:80,0
DA:84,0
DA:85,0
DA:86,0
DA:88,0
DA:90,0
DA:91,0
DA:96,0
DA:97,0
DA:98,0
DA:99,0
DA:101,0
DA:102,0
DA:105,0
DA:106,0
DA:110,0
DA:111,0
DA:112,0
DA:115,0
DA:116,0
DA:117,0
DA:121,0
LF:69
LH:0
BRDA:21,0,0,0
BRDA:21,0,1,0
BRDA:26,1,0,0
BRDA:26,1,1,0
BRDA:26,2,0,0
BRDA:26,2,1,0
BRDA:44,3,0,0
BRDA:44,3,1,0
BRDA:51,4,0,0
BRDA:51,4,1,0
BRDA:62,5,0,0
BRDA:62,5,1,0
BRDA:62,6,0,0
BRDA:62,6,1,0
BRDA:70,7,0,0
BRDA:70,7,1,0
BRDA:73,8,0,0
BRDA:73,8,1,0
BRDA:88,9,0,0
BRDA:88,9,1,0
BRDA:88,10,0,0
BRDA:88,10,1,0
BRDA:96,11,0,0
BRDA:96,11,1,0
BRDA:99,12,0,0
BRDA:99,12,1,0
BRDA:140,13,0,0
BRDA:140,13,1,0
BRDA:141,14,0,0
BRDA:141,14,1,0
BRDA:142,15,0,0
BRDA:142,15,1,0
BRDA:146,16,0,0
BRDA:153,17,0,0
BRDA:164,18,0,0
BRF:35
BRH:0
end_of_record
TN:
SF:app/auth/login/page.tsx
FN:14,LoginPage
FN:21,(anonymous_3)
FN:41,(anonymous_4)
FN:102,(anonymous_5)
FN:113,(anonymous_6)
FNF:5
FNH:0
FNDA:0,LoginPage
FNDA:0,(anonymous_3)
FNDA:0,(anonymous_4)
FNDA:0,(anonymous_5)
FNDA:0,(anonymous_6)
DA:3,0
DA:4,0
DA:5,0
DA:6,0
DA:7,0
DA:8,0
DA:9,0
DA:10,0
DA:11,0
DA:12,0
DA:14,0
DA:15,0
DA:16,0
DA:17,0
DA:18,0
DA:19,0
DA:21,0
DA:23,0
DA:24,0
DA:25,0
DA:26,0
DA:28,0
DA:29,0
DA:30,0
DA:33,0
DA:34,0
DA:36,0
DA:41,0
DA:42,0
DA:44,0
DA:45,0
DA:46,0
DA:49,0
DA:51,0
DA:52,0
DA:57,0
DA:58,0
DA:59,0
DA:61,0
DA:64,0
DA:65,0
DA:68,0
DA:70,0
DA:102,0
DA:113,0
LF:45
LH:0
BRDA:23,0,0,0
BRDA:23,0,1,0
BRDA:28,1,0,0
BRDA:28,1,1,0
BRDA:28,2,0,0
BRDA:28,2,1,0
BRDA:44,3,0,0
BRDA:44,3,1,0
BRDA:57,4,0,0
BRDA:57,4,1,0
BRDA:58,5,0,0
BRDA:58,5,1,0
BRDA:118,6,0,0
BRDA:118,6,1,0
BRF:14
BRH:0
end_of_record
TN:
SF:app/auth/register/page.tsx
FN:15,RegisterPage
FN:27,(anonymous_3)
FN:47,(anonymous_4)
FN:94,(anonymous_5)
FN:95,(anonymous_6)
FN:126,(anonymous_7)
FN:137,(anonymous_8)
FN:148,(anonymous_9)
FN:159,(anonymous_10)
FN:170,(anonymous_11)
FNF:10
FNH:0
FNDA:0,RegisterPage
FNDA:0,(anonymous_3)
FNDA:0,(anonymous_4)
FNDA:0,(anonymous_5)
FNDA:0,(anonymous_6)
FNDA:0,(anonymous_7)
FNDA:0,(anonymous_8)
FNDA:0,(anonymous_9)
FNDA:0,(anonymous_10)
FNDA:0,(anonymous_11)
DA:3,0
DA:4,0
DA:5,0
DA:6,0
DA:7,0
DA:8,0
DA:9,0
DA:10,0
DA:11,0
DA:12,0
DA:13,0
DA:15,0
DA:16,0
DA:23,0
DA:24,0
DA:25,0
DA:27,0
DA:29,0
DA:30,0
DA:31,0
DA:32,0
DA:34,0
DA:35,0
DA:36,0
DA:39,0
DA:40,0
DA:42,0
DA:47,0
DA:48,0
DA:50,0
DA:51,0
DA:52,0
DA:55,0
DA:56,0
DA:57,0
DA:60,0
DA:62,0
DA:63,0
DA:75,0
DA:81,0
DA:82,0
DA:84,0
DA:85,0
DA:88,0
DA:90,0
DA:94,0
DA:95,0
DA:126,0
DA:137,0
DA:148,0
DA:159,0
DA:170,0
LF:52
LH:0
BRDA:29,0,0,0
BRDA:29,0,1,0
BRDA:34,1,0,0
BRDA:34,1,1,0
BRDA:34,2,0,0
BRDA:34,2,1,0
BRDA:50,3,0,0
BRDA:50,3,1,0
BRDA:55,4,0,0
BRDA:55,4,1,0
BRDA:78,5,0,0
BRDA:78,5,1,0
BRDA:81,6,0,0
BRDA:81,6,1,0
BRDA:175,7,0,0
BRDA:175,7,1,0
BRF:16
BRH:0
end_of_record
TN:
SF:app/campaigns/[id]/page.tsx
FN:36,CampaignDetailPage
FN:41,(anonymous_3)
FN:56,(anonymous_4)
FN:62,(anonymous_5)
FN:66,(anonymous_6)
FN:74,(anonymous_7)
FNF:6
FNH:0
FNDA:0,CampaignDetailPage
FNDA:0,(anonymous_3)
FNDA:0,(anonymous_4)
FNDA:0,(anonymous_5)
FNDA:0,(anonymous_6)
FNDA:0,(anonymous_7)
DA:3,0
DA:4,0
DA:5,0
DA:6,0
DA:7,0
DA:8,0
DA:19,0
DA:20,0
DA:36,0
DA:37,0
DA:38,0
DA:39,0
DA:41,0
DA:43,0
DA:56,0
DA:57,0
DA:58,0
DA:62,0
DA:63,0
DA:66,0
DA:67,0
DA:74,0
DA:75,0
DA:76,0
DA:82,0
DA:86,0
DA:97,0
LF:27
LH:0
BRDA:75,0,0,0
BRDA:75,0,1,0
BRDA:86,1,0,0
BRDA:86,1,1,0
BRDA:97,2,0,0
BRDA:97,2,1,0
BRDA:124,3,0,0
BRF:7
BRH:0
end_of_record
TN:
SF:app/campaigns/create/page.tsx
FN:46,CreateCampaignPage
FN:62,(anonymous_3)
FN:63,(anonymous_4)
FN:66,(anonymous_5)
FN:72,(anonymous_6)
FN:78,(anonymous_7)
FN:85,(anonymous_8)
FN:96,(anonymous_9)
FN:145,(anonymous_10)
FN:176,(anonymous_11)
FN:187,(anonymous_12)
FN:198,(anonymous_13)
FN:203,(anonymous_14)
FN:232,(anonymous_15)
FN:246,(anonymous_16)
FN:259,(anonymous_17)
FN:270,(anonymous_18)
FN:307,(anonymous_19)
FNF:18
FNH:0
FNDA:0,CreateCampaignPage
FNDA:0,(anonymous_3)
FNDA:0,(anonymous_4)
FNDA:0,(anonymous_5)
FNDA:0,(anonymous_6)
FNDA:0,(anonymous_7)
FNDA:0,(anonymous_8)
FNDA:0,(anonymous_9)
FNDA:0,(anonymous_10)
FNDA:0,(anonymous_11)
FNDA:0,(anonymous_12)
FNDA:0,(anonymous_13)
FNDA:0,(anonymous_14)
FNDA:0,(anonymous_15)
FNDA:0,(anonymous_16)
FNDA:0,(anonymous_17)
FNDA:0,(anonymous_18)
FNDA:0,(anonymous_19)
DA:3,0
DA:4,0
DA:5,0
DA:6,0
DA:7,0
DA:8,0
DA:19,0
DA:20,0
DA:21,0
DA:35,0
DA:46,0
DA:47,0
DA:48,0
DA:49,0
DA:50,0
DA:62,0
DA:63,0
DA:66,0
DA:67,0
DA:68,0
DA:72,0
DA:73,0
DA:74,0
DA:78,0
DA:79,0
DA:80,0
DA:83,0
DA:85,0
DA:87,0
DA:88,0
DA:90,0
DA:92,0
DA:96,0
DA:97,0
DA:99,0
DA:101,0
DA:103,0
DA:105,0
DA:146,0
DA:176,0
DA:187,0
DA:198,0
DA:204,0
DA:232,0
DA:246,0
DA:259,0
DA:270,0
DA:307,0
LF:48
LH:0
BRDA:67,0,0,0
BRDA:67,0,1,0
BRDA:73,1,0,0
BRDA:73,1,1,0
BRDA:97,2,0,0
BRDA:97,2,1,0
BRDA:97,2,2,0
BRDA:97,2,3,0
BRDA:99,3,0,0
BRDA:99,3,1,0
BRDA:99,3,2,0
BRDA:101,4,0,0
BRDA:101,4,1,0
BRDA:101,4,2,0
BRDA:101,4,3,0
BRDA:149,5,0,0
BRDA:149,5,1,0
BRDA:160,6,0,0
BRDA:213,7,0,0
BRDA:280,8,0,0
BRDA:332,9,0,0
BRDA:344,10,0,0
BRDA:344,10,1,0
BRDA:347,11,0,0
BRDA:347,11,1,0
BRF:25
BRH:0
end_of_record
TN:
SF:app/dashboard/page.tsx
FN:25,DashboardPage
FN:29,(anonymous_3)
FNF:2
FNH:0
FNDA:0,DashboardPage
FNDA:0,(anonymous_3)
DA:3,0
DA:4,0
DA:5,0
DA:6,0
DA:7,0
DA:22,0
DA:23,0
DA:25,0
DA:26,0
DA:27,0
DA:29,0
DA:30,0
DA:31,0
DA:35,0
DA:50,0
DA:51,0
LF:16
LH:0
BRDA:30,0,0,0
BRDA:30,0,1,0
BRDA:30,1,0,0
BRDA:30,1,1,0
BRDA:35,2,0,0
BRDA:35,2,1,0
BRDA:50,3,0,0
BRDA:50,3,1,0
BRDA:71,4,0,0
BRDA:71,4,1,0
BRF:10
BRH:0
end_of_record
TN:
SF:app/events/page.tsx
FN:42,EventsPage
FN:49,(anonymous_3)
FN:92,(anonymous_4)
FN:98,(anonymous_5)
FN:108,(anonymous_6)
FN:119,(anonymous_7)
FN:123,(anonymous_8)
FN:164,(anonymous_9)
FN:172,(anonymous_10)
FN:191,(anonymous_11)
FNF:10
FNH:0
FNDA:0,EventsPage
FNDA:0,(anonymous_3)
FNDA:0,(anonymous_4)
FNDA:0,(anonymous_5)
FNDA:0,(anonymous_6)
FNDA:0,(anonymous_7)
FNDA:0,(anonymous_8)
FNDA:0,(anonymous_9)
FNDA:0,(anonymous_10)
FNDA:0,(anonymous_11)
DA:3,0
DA:4,0
DA:5,0
DA:6,0
DA:7,0
DA:8,0
DA:26,0
DA:42,0
DA:43,0
DA:44,0
DA:45,0
DA:46,0
DA:49,0
DA:50,0
DA:92,0
DA:93,0
DA:94,0
DA:98,0
DA:99,0
DA:103,0
DA:105,0
DA:108,0
DA:109,0
DA:116,0
DA:119,0
DA:120,0
DA:123,0
DA:124,0
DA:131,0
DA:164,0
DA:172,0
DA:192,0
LF:32
LH:0
BRDA:99,0,0,0
BRDA:99,0,1,0
BRDA:99,0,2,0
BRDA:103,1,0,0
BRDA:103,1,1,0
BRDA:105,2,0,0
BRDA:105,2,1,0
BRDA:116,3,0,0
BRDA:116,3,1,0
BRDA:131,4,0,0
BRDA:131,4,1,0
BRDA:258,5,0,0
BRF:12
BRH:0
end_of_record
TN:
SF:app/events/[id]/page.tsx
FN:39,EventDetailPage
FN:49,(anonymous_3)
FN:66,(anonymous_4)
FN:72,(anonymous_5)
FN:83,(anonymous_6)
FN:99,(anonymous_7)
FN:290,(anonymous_8)
FN:302,(anonymous_9)
FN:314,(anonymous_10)
FN:325,(anonymous_11)
FN:335,(anonymous_12)
FN:349,(anonymous_13)
FNF:12
FNH:0
FNDA:0,EventDetailPage
FNDA:0,(anonymous_3)
FNDA:0,(anonymous_4)
FNDA:0,(anonymous_5)
FNDA:0,(anonymous_6)
FNDA:0,(anonymous_7)
FNDA:0,(anonymous_8)
FNDA:0,(anonymous_9)
FNDA:0,(anonymous_10)
FNDA:0,(anonymous_11)
FNDA:0,(anonymous_12)
FNDA:0,(anonymous_13)
DA:3,0
DA:4,0
DA:5,0
DA:6,0
DA:7,0
DA:8,0
DA:19,0
DA:20,0
DA:21,0
DA:39,0
DA:40,0
DA:41,0
DA:42,0
DA:43,0
DA:44,0
DA:45,0
DA:46,0
DA:47,0
DA:49,0
DA:51,0
DA:66,0
DA:67,0
DA:68,0
DA:72,0
DA:73,0
DA:83,0
DA:84,0
DA:85,0
DA:86,0
DA:87,0
DA:91,0
DA:92,0
DA:93,0
DA:94,0
DA:95,0
DA:96,0
DA:99,0
DA:100,0
DA:101,0
DA:107,0
DA:108,0
DA:112,0
DA:123,0
DA:136,0
DA:137,0
DA:290,0
DA:302,0
DA:314,0
DA:325,0
DA:335,0
DA:349,0
LF:51
LH:0
BRDA:85,0,0,0
BRDA:85,0,1,0
BRDA:85,1,0,0
BRDA:85,1,1,0
BRDA:100,2,0,0
BRDA:100,2,1,0
BRDA:112,3,0,0
BRDA:112,3,1,0
BRDA:123,4,0,0
BRDA:123,4,1,0
BRDA:177,5,0,0
BRDA:271,6,0,0
BRF:12
BRH:0
end_of_record
TN:
SF:app/events/create/page.tsx
FN:15,CreateEventPage
FN:33,(anonymous_3)
FN:34,(anonymous_4)
FN:37,(anonymous_5)
FN:44,(anonymous_6)
FN:96,(anonymous_7)
FN:106,(anonymous_8)
FN:125,(anonymous_9)
FN:138,(anonymous_10)
FN:149,(anonymous_11)
FN:160,(anonymous_12)
FN:173,(anonymous_13)
FN:185,(anonymous_14)
FN:198,(anonymous_15)
FN:208,(anonymous_16)
FN:218,(anonymous_17)
FNF:16
FNH:0
FNDA:0,CreateEventPage
FNDA:0,(anonymous_3)
FNDA:0,(anonymous_4)
FNDA:0,(anonymous_5)
FNDA:0,(anonymous_6)
FNDA:0,(anonymous_7)
FNDA:0,(anonymous_8)
FNDA:0,(anonymous_9)
FNDA:0,(anonymous_10)
FNDA:0,(anonymous_11)
FNDA:0,(anonymous_12)
FNDA:0,(anonymous_13)
FNDA:0,(anonymous_14)
FNDA:0,(anonymous_15)
FNDA:0,(anonymous_16)
FNDA:0,(anonymous_17)
DA:3,0
DA:4,0
DA:5,0
DA:6,0
DA:7,0
DA:8,0
DA:9,0
DA:10,0
DA:11,0
DA:12,0
DA:13,0
DA:15,0
DA:16,0
DA:17,0
DA:18,0
DA:19,0
DA:33,0
DA:34,0
DA:37,0
DA:38,0
DA:39,0
DA:41,0
DA:44,0
DA:46,0
DA:47,0
DA:49,0
DA:51,0
DA:55,0
DA:63,0
DA:64,0
DA:65,0
DA:96,0
DA:106,0
DA:125,0
DA:138,0
DA:149,0
DA:160,0
DA:173,0
DA:185,0
DA:198,0
DA:208,0
DA:218,0
LF:42
LH:0
BRDA:55,0,0,0
BRDA:55,0,1,0
BRDA:63,1,0,0
BRDA:63,1,1,0
BRDA:229,2,0,0
BRDA:229,2,1,0
BRF:6
BRH:0
end_of_record
TN:
SF:app/payment/cancel/page.tsx
FN:16,PaymentCancelPage
FNF:1
FNH:0
FNDA:0,PaymentCancelPage
DA:3,0
DA:4,0
DA:5,0
DA:6,0
DA:13,0
DA:14,0
DA:16,0
DA:17,0
DA:18,0
LF:9
LH:0
BRDA:136,0,0,0
BRF:1
BRH:0
end_of_record
TN:
SF:app/payment/success/page.tsx
FN:19,PaymentSuccessPage
FN:26,(anonymous_3)
FN:34,(anonymous_4)
FN:135,(anonymous_5)
FN:143,(anonymous_6)
FN:151,(anonymous_7)
FNF:6
FNH:0
FNDA:0,PaymentSuccessPage
FNDA:0,(anonymous_3)
FNDA:0,(anonymous_4)
FNDA:0,(anonymous_5)
FNDA:0,(anonymous_6)
FNDA:0,(anonymous_7)
DA:3,0
DA:4,0
DA:5,0
DA:6,0
DA:7,0
DA:16,0
DA:17,0
DA:19,0
DA:20,0
DA:21,0
DA:22,0
DA:23,0
DA:24,0
DA:26,0
DA:27,0
DA:30,0
DA:34,0
DA:35,0
DA:36,0
DA:38,0
DA:40,0
DA:42,0
DA:43,0
DA:45,0
DA:46,0
DA:48,0
DA:49,0
DA:52,0
DA:53,0
DA:57,0
DA:135,0
DA:143,0
DA:151,0
LF:33
LH:0
BRDA:27,0,0,0
BRDA:27,0,1,0
BRDA:40,1,0,0
BRDA:40,1,1,0
BRDA:40,1,2,0
BRDA:52,2,0,0
BRDA:52,2,1,0
BRDA:57,3,0,0
BRDA:57,3,1,0
BRDA:199,4,0,0
BRF:10
BRH:0
end_of_record
TN:
SF:app/settings/page.tsx
FN:44,SettingsPage
FN:67,(anonymous_3)
FN:103,(anonymous_4)
FN:109,(anonymous_5)
FN:118,(anonymous_6)
FN:123,(anonymous_7)
FN:176,(anonymous_8)
FN:181,(anonymous_9)
FN:218,(anonymous_10)
FN:218,(anonymous_11)
FN:228,(anonymous_12)
FN:228,(anonymous_13)
FN:240,(anonymous_14)
FN:240,(anonymous_15)
FN:251,(anonymous_16)
FN:251,(anonymous_17)
FN:260,(anonymous_18)
FN:260,(anonymous_19)
FN:269,(anonymous_20)
FN:269,(anonymous_21)
FN:281,(anonymous_22)
FN:281,(anonymous_23)
FN:290,(anonymous_24)
FN:290,(anonymous_25)
FN:300,(anonymous_26)
FN:300,(anonymous_27)
FN:339,(anonymous_28)
FN:395,(anonymous_29)
FN:395,(anonymous_30)
FN:408,(anonymous_31)
FN:408,(anonymous_32)
FN:421,(anonymous_33)
FN:421,(anonymous_34)
FN:434,(anonymous_35)
FN:434,(anonymous_36)
FNF:35
FNH:0
FNDA:0,SettingsPage
FNDA:0,(anonymous_3)
FNDA:0,(anonymous_4)
FNDA:0,(anonymous_5)
FNDA:0,(anonymous_6)
FNDA:0,(anonymous_7)
FNDA:0,(anonymous_8)
FNDA:0,(anonymous_9)
FNDA:0,(anonymous_10)
FNDA:0,(anonymous_11)
FNDA:0,(anonymous_12)
FNDA:0,(anonymous_13)
FNDA:0,(anonymous_14)
FNDA:0,(anonymous_15)
FNDA:0,(anonymous_16)
FNDA:0,(anonymous_17)
FNDA:0,(anonymous_18)
FNDA:0,(anonymous_19)
FNDA:0,(anonymous_20)
FNDA:0,(anonymous_21)
FNDA:0,(anonymous_22)
FNDA:0,(anonymous_23)
FNDA:0,(anonymous_24)
FNDA:0,(anonymous_25)
FNDA:0,(anonymous_26)
FNDA:0,(anonymous_27)
FNDA:0,(anonymous_28)
FNDA:0,(anonymous_29)
FNDA:0,(anonymous_30)
FNDA:0,(anonymous_31)
FNDA:0,(anonymous_32)
FNDA:0,(anonymous_33)
FNDA:0,(anonymous_34)
FNDA:0,(anonymous_35)
FNDA:0,(anonymous_36)
DA:3,0
DA:4,0
DA:5,0
DA:6,0
DA:7,0
DA:19,0
DA:20,0
DA:21,0
DA:44,0
DA:45,0
DA:46,0
DA:47,0
DA:59,0
DA:60,0
DA:67,0
DA:69,0
DA:82,0
DA:99,0
DA:100,0
DA:103,0
DA:104,0
DA:105,0
DA:107,0
DA:109,0
DA:110,0
DA:112,0
DA:114,0
DA:118,0
DA:119,0
DA:121,0
DA:123,0
DA:124,0
DA:126,0
DA:128,0
DA:132,0
DA:177,0
DA:178,0
DA:181,0
DA:218,0
DA:228,0
DA:240,0
DA:251,0
DA:260,0
DA:269,0
DA:281,0
DA:290,0
DA:300,0
DA:340,0
DA:395,0
DA:408,0
DA:421,0
DA:434,0
LF:52
LH:0
BRDA:183,0,0,0
BRDA:183,0,1,0
BRDA:201,1,0,0
BRDA:321,2,0,0
BRDA:321,2,1,0
BRDA:329,3,0,0
BRDA:348,4,0,0
BRDA:348,4,1,0
BRDA:349,5,0,0
BRDA:349,5,1,0
BRDA:354,6,0,0
BRDA:376,7,0,0
BRDA:442,8,0,0
BRDA:442,8,1,0
BRDA:450,9,0,0
BRF:15
BRH:0
end_of_record
TN:
SF:app/volunteers/page.tsx
FN:53,VolunteersPage
FN:72,(anonymous_3)
FN:136,(anonymous_4)
FN:143,(anonymous_5)
FN:161,(anonymous_6)
FN:162,(anonymous_7)
FN:165,(anonymous_8)
FN:175,(anonymous_9)
FN:233,(anonymous_10)
FN:254,(anonymous_11)
FN:264,(anonymous_12)
FN:275,(anonymous_13)
FN:288,(anonymous_14)
FN:297,(anonymous_15)
FN:308,(anonymous_16)
FN:318,(anonymous_17)
FN:328,(anonymous_18)
FN:335,(anonymous_19)
FN:347,(anonymous_20)
FN:379,(anonymous_21)
FN:409,(anonymous_22)
FNF:21
FNH:0
FNDA:0,VolunteersPage
FNDA:0,(anonymous_3)
FNDA:0,(anonymous_4)
FNDA:0,(anonymous_5)
FNDA:0,(anonymous_6)
FNDA:0,(anonymous_7)
FNDA:0,(anonymous_8)
FNDA:0,(anonymous_9)
FNDA:0,(anonymous_10)
FNDA:0,(anonymous_11)
FNDA:0,(anonymous_12)
FNDA:0,(anonymous_13)
FNDA:0,(anonymous_14)
FNDA:0,(anonymous_15)
FNDA:0,(anonymous_16)
FNDA:0,(anonymous_17)
FNDA:0,(anonymous_18)
FNDA:0,(anonymous_19)
FNDA:0,(anonymous_20)
FNDA:0,(anonymous_21)
FNDA:0,(anonymous_22)
DA:3,0
DA:4,0
DA:5,0
DA:6,0
DA:7,0
DA:8,0
DA:25,0
DA:26,0
DA:27,0
DA:53,0
DA:54,0
DA:55,0
DA:56,0
DA:57,0
DA:58,0
DA:59,0
DA:72,0
DA:73,0
DA:115,0
DA:136,0
DA:137,0
DA:138,0
DA:139,0
DA:143,0
DA:144,0
DA:146,0
DA:147,0
DA:148,0
DA:161,0
DA:162,0
DA:165,0
DA:166,0
DA:175,0
DA:176,0
DA:177,0
DA:178,0
DA:179,0
DA:180,0
DA:184,0
DA:233,0
DA:254,0
DA:264,0
DA:275,0
DA:288,0
DA:297,0
DA:308,0
DA:318,0
DA:328,0
DA:335,0
DA:348,0
DA:380,0
DA:410,0
LF:52
LH:0
BRDA:176,0,0,0
BRDA:176,0,1,0
BRDA:176,0,2,0
BRDA:176,0,3,0
BRDA:184,1,0,0
BRDA:184,1,1,0
BRDA:240,2,0,0
BRDA:375,3,0,0
BRDA:416,4,0,0
BRF:9
BRH:0
end_of_record
TN:
SF:components/campaigns/CampaignCard.tsx
FN:30,CampaignCard
FN:43,(anonymous_3)
FN:47,(anonymous_4)
FN:57,(anonymous_5)
FNF:4
FNH:0
FNDA:0,CampaignCard
FNDA:0,(anonymous_3)
FNDA:0,(anonymous_4)
FNDA:0,(anonymous_5)
DA:3,0
DA:4,0
DA:13,0
DA:14,0
DA:30,0
DA:43,0
DA:44,0
DA:47,0
DA:48,0
DA:55,0
DA:57,0
DA:58,0
DA:59,0
DA:65,0
LF:14
LH:0
BRDA:39,0,0,0
BRDA:40,1,0,0
BRDA:58,2,0,0
BRDA:58,2,1,0
BRDA:78,3,0,0
BRF:5
BRH:0
end_of_record
TN:
SF:components/campaigns/CampaignProgress.tsx
FN:20,CampaignProgress
FNF:1
FNH:0
FNDA:0,CampaignProgress
DA:9,0
DA:20,0
DA:28,0
DA:29,0
DA:31,0
DA:55,0
LF:6
LH:0
BRDA:25,0,0,0
BRDA:26,1,0,0
BRDA:74,2,0,0
BRDA:125,3,0,0
BRDA:125,3,1,0
BRDA:132,4,0,0
BRDA:136,5,0,0
BRDA:136,5,1,0
BRDA:142,6,0,0
BRDA:152,7,0,0
BRF:10
BRH:0
end_of_record
TN:
SF:components/donations/DonationForm.tsx
FN:23,DonationForm
FN:34,(anonymous_3)
FN:43,(anonymous_4)
FN:52,(anonymous_5)
FN:58,(anonymous_6)
FN:79,(anonymous_7)
FN:110,(anonymous_8)
FN:116,(anonymous_9)
FN:122,(anonymous_10)
FN:145,(anonymous_11)
FN:157,(anonymous_12)
FN:168,(anonymous_13)
FN:179,(anonymous_14)
FN:186,(anonymous_15)
FN:254,(anonymous_16)
FNF:15
FNH:0
FNDA:0,DonationForm
FNDA:0,(anonymous_3)
FNDA:0,(anonymous_4)
FNDA:0,(anonymous_5)
FNDA:0,(anonymous_6)
FNDA:0,(anonymous_7)
FNDA:0,(anonymous_8)
FNDA:0,(anonymous_9)
FNDA:0,(anonymous_10)
FNDA:0,(anonymous_11)
FNDA:0,(anonymous_12)
FNDA:0,(anonymous_13)
FNDA:0,(anonymous_14)
FNDA:0,(anonymous_15)
FNDA:0,(anonymous_16)
DA:3,0
DA:4,0
DA:5,0
DA:6,0
DA:7,0
DA:14,0
DA:15,0
DA:23,0
DA:24,0
DA:25,0
DA:26,0
DA:27,0
DA:28,0
DA:29,0
DA:30,0
DA:32,0
DA:34,0
DA:35,0
DA:36,0
DA:37,0
DA:38,0
DA:40,0
DA:43,0
DA:44,0
DA:45,0
DA:46,0
DA:47,0
DA:49,0
DA:52,0
DA:53,0
DA:54,0
DA:56,0
DA:58,0
DA:60,0
DA:69,0
DA:70,0
DA:71,0
DA:73,0
DA:75,0
DA:79,0
DA:80,0
DA:81,0
DA:82,0
DA:83,0
DA:84,0
DA:85,0
DA:110,0
DA:117,0
DA:122,0
DA:145,0
DA:157,0
DA:168,0
DA:179,0
DA:186,0
DA:254,0
LF:55
LH:0
BRDA:36,0,0,0
BRDA:36,0,1,0
BRDA:36,1,0,0
BRDA:36,1,1,0
BRDA:45,2,0,0
BRDA:45,2,1,0
BRDA:45,3,0,0
BRDA:45,3,1,0
BRDA:45,3,2,0
BRDA:62,4,0,0
BRDA:62,4,1,0
BRDA:63,5,0,0
BRDA:63,5,1,0
BRDA:97,6,0,0
BRDA:136,7,0,0
BRDA:196,8,0,0
BRDA:258,9,0,0
BRDA:258,9,1,0
BRDA:264,10,0,0
BRF:19
BRH:0
end_of_record
TN:
SF:components/layout/Navbar.tsx
FN:18,Navbar
FN:23,(anonymous_3)
FN:61,(anonymous_4)
FN:77,(anonymous_5)
FN:85,(anonymous_6)
FN:122,(anonymous_7)
FN:137,(anonymous_8)
FN:144,(anonymous_9)
FN:151,(anonymous_10)
FN:161,(anonymous_11)
FN:168,(anonymous_12)
FN:173,(anonymous_13)
FN:187,(anonymous_14)
FN:194,(anonymous_15)
FNF:14
FNH:0
FNDA:0,Navbar
FNDA:0,(anonymous_3)
FNDA:0,(anonymous_4)
FNDA:0,(anonymous_5)
FNDA:0,(anonymous_6)
FNDA:0,(anonymous_7)
FNDA:0,(anonymous_8)
FNDA:0,(anonymous_9)
FNDA:0,(anonymous_10)
FNDA:0,(anonymous_11)
FNDA:0,(anonymous_12)
FNDA:0,(anonymous_13)
FNDA:0,(anonymous_14)
FNDA:0,(anonymous_15)
DA:3,0
DA:4,0
DA:5,0
DA:15,0
DA:16,0
DA:18,0
DA:19,0
DA:20,0
DA:21,0
DA:23,0
DA:24,0
DA:25,0
DA:61,0
DA:77,0
DA:85,0
DA:122,0
DA:137,0
DA:144,0
DA:151,0
DA:161,0
DA:168,0
DA:174,0
DA:175,0
DA:187,0
DA:194,0
LF:25
LH:0
BRDA:57,0,0,0
BRDA:59,1,0,0
BRDA:67,2,0,0
BRDA:67,2,1,0
BRDA:72,3,0,0
BRDA:116,4,0,0
BRDA:125,5,0,0
BRDA:131,6,0,0
BRDA:157,7,0,0
BRF:9
BRH:0
end_of_record
TN:
SF:components/layout/navigation.tsx
FN:13,Navigation
FNF:1
FNH:0
FNDA:0,Navigation
DA:3,0
DA:4,0
DA:5,0
DA:6,0
DA:13,0
DA:14,0
LF:6
LH:0
BRDA:13,0,0,0
BRDA:13,1,0,0
BRDA:43,2,0,0
BRDA:46,3,0,0
BRF:4
BRH:0
end_of_record
TN:
SF:components/payment/StripeCheckout.tsx
FN:21,PaymentForm
FN:32,(anonymous_3)
FN:107,(anonymous_4)
FN:107,(anonymous_5)
FN:117,(anonymous_6)
FN:117,(anonymous_7)
FN:128,(anonymous_8)
FN:128,(anonymous_9)
FN:139,(anonymous_10)
FN:139,(anonymous_11)
FN:179,StripeCheckout
FNF:11
FNH:0
FNDA:0,PaymentForm
FNDA:0,(anonymous_3)
FNDA:0,(anonymous_4)
FNDA:0,(anonymous_5)
FNDA:0,(anonymous_6)
FNDA:0,(anonymous_7)
FNDA:0,(anonymous_8)
FNDA:0,(anonymous_9)
FNDA:0,(anonymous_10)
FNDA:0,(anonymous_11)
FNDA:0,StripeCheckout
DA:3,0
DA:4,0
DA:5,0
DA:6,0
DA:7,0
DA:8,0
DA:9,0
DA:10,0
DA:11,0
DA:13,0
DA:22,0
DA:23,0
DA:24,0
DA:25,0
DA:32,0
DA:33,0
DA:35,0
DA:36,0
DA:39,0
DA:41,0
DA:42,0
DA:43,0
DA:44,0
DA:47,0
DA:56,0
DA:57,0
DA:58,0
DA:62,0
DA:76,0
DA:78,0
DA:79,0
DA:82,0
DA:84,0
DA:85,0
DA:87,0
DA:88,0
DA:91,0
DA:92,0
DA:94,0
DA:107,0
DA:117,0
DA:128,0
DA:139,0
DA:179,0
LF:44
LH:0
BRDA:35,0,0,0
BRDA:35,0,1,0
BRDA:35,1,0,0
BRDA:35,1,1,0
BRDA:43,2,0,0
BRDA:43,2,1,0
BRDA:56,3,0,0
BRDA:56,3,1,0
BRDA:57,4,0,0
BRDA:57,4,1,0
BRDA:78,5,0,0
BRDA:78,5,1,0
BRDA:84,6,0,0
BRDA:84,6,1,0
BRDA:85,7,0,0
BRDA:85,7,1,0
BRDA:172,8,0,0
BRDA:172,8,1,0
BRDA:173,9,0,0
BRDA:173,9,1,0
BRF:20
BRH:0
end_of_record
TN:
SF:components/payments/donation-form.tsx
FN:21,DonationForm
FN:33,(anonymous_3)
FN:37,(anonymous_4)
FN:43,(anonymous_5)
FN:137,(anonymous_6)
FN:147,(anonymous_7)
FN:161,(anonymous_8)
FN:176,(anonymous_9)
FN:188,(anonymous_10)
FNF:9
FNH:0
FNDA:0,DonationForm
FNDA:0,(anonymous_3)
FNDA:0,(anonymous_4)
FNDA:0,(anonymous_5)
FNDA:0,(anonymous_6)
FNDA:0,(anonymous_7)
FNDA:0,(anonymous_8)
FNDA:0,(anonymous_9)
FNDA:0,(anonymous_10)
DA:3,0
DA:4,0
DA:5,0
DA:6,0
DA:7,0
DA:8,0
DA:9,0
DA:19,0
DA:21,0
DA:28,0
DA:29,0
DA:30,0
DA:31,0
DA:33,0
DA:34,0
DA:37,0
DA:39,0
DA:40,0
DA:43,0
DA:44,0
DA:46,0
DA:47,0
DA:48,0
DA:51,0
DA:52,0
DA:53,0
DA:56,0
DA:57,0
DA:58,0
DA:61,0
DA:63,0
DA:64,0
DA:79,0
DA:81,0
DA:82,0
DA:86,0
DA:89,0
DA:90,0
DA:92,0
DA:96,0
DA:138,0
DA:147,0
DA:161,0
DA:176,0
DA:188,0
LF:45
LH:0
BRDA:24,0,0,0
BRDA:25,1,0,0
BRDA:46,2,0,0
BRDA:46,2,1,0
BRDA:46,3,0,0
BRDA:46,3,1,0
BRDA:51,4,0,0
BRDA:51,4,1,0
BRDA:56,5,0,0
BRDA:56,5,1,0
BRDA:81,6,0,0
BRDA:81,6,1,0
BRDA:82,7,0,0
BRDA:82,7,1,0
BRDA:90,8,0,0
BRDA:90,8,1,0
BRDA:96,9,0,0
BRDA:96,9,1,0
BRDA:112,10,0,0
BRDA:143,11,0,0
BRDA:143,11,1,0
BRDA:201,12,0,0
BRDA:208,13,0,0
BRDA:208,13,1,0
BRF:24
BRH:0
end_of_record
TN:
SF:components/sharing/SocialShare.tsx
FN:26,SocialShare
FN:56,(anonymous_3)
FN:70,(anonymous_4)
FN:75,(anonymous_5)
FN:81,(anonymous_6)
FN:86,(anonymous_7)
FN:87,(anonymous_8)
FN:92,(anonymous_9)
FN:99,(anonymous_10)
FN:124,(anonymous_11)
FNF:10
FNH:0
FNDA:0,SocialShare
FNDA:0,(anonymous_3)
FNDA:0,(anonymous_4)
FNDA:0,(anonymous_5)
FNDA:0,(anonymous_6)
FNDA:0,(anonymous_7)
FNDA:0,(anonymous_8)
FNDA:0,(anonymous_9)
FNDA:0,(anonymous_10)
FNDA:0,(anonymous_11)
DA:3,0
DA:4,0
DA:14,0
DA:15,0
DA:26,0
DA:34,0
DA:35,0
DA:37,0
DA:43,0
DA:49,0
DA:56,0
DA:57,0
DA:58,0
DA:59,0
DA:62,0
DA:66,0
DA:70,0
DA:71,0
DA:72,0
DA:73,0
DA:74,0
DA:75,0
DA:77,0
DA:81,0
DA:82,0
DA:83,0
DA:86,0
DA:87,0
DA:88,0
DA:89,0
DA:92,0
DA:93,0
DA:94,0
DA:95,0
DA:96,0
DA:99,0
DA:100,0
DA:101,0
DA:102,0
DA:105,0
DA:118,0
DA:124,0
LF:42
LH:0
BRDA:29,0,0,0
BRDA:30,1,0,0
BRDA:31,2,0,0
BRDA:32,3,0,0
BRDA:57,4,0,0
BRDA:57,4,1,0
BRDA:87,5,0,0
BRDA:87,5,1,0
BRDA:100,6,0,0
BRDA:100,6,1,0
BRDA:105,7,0,0
BRDA:105,7,1,0
BRDA:118,8,0,0
BRDA:118,8,1,0
BRDA:129,9,0,0
BRDA:129,9,1,0
BRDA:149,10,0,0
BRDA:150,11,0,0
BRDA:150,11,1,0
BRDA:154,12,0,0
BRDA:250,13,0,0
BRF:21
BRH:0
end_of_record
TN:
SF:components/ui/button.tsx
FN:41,(anonymous_6)
FNF:1
FNH:0
FNDA:0,(anonymous_6)
DA:1,0
DA:2,0
DA:3,0
DA:5,0
DA:40,0
DA:51,0
DA:53,0
LF:7
LH:0
BRDA:41,0,0,0
BRF:1
BRH:0
end_of_record
TN:
SF:components/ui/card.tsx
FNF:0
FNH:0
DA:1,0
DA:2,0
DA:17,0
DA:29,0
DA:44,0
DA:56,0
DA:64,0
DA:76,0
DA:78,0
LF:9
LH:0
BRF:0
BRH:0
end_of_record
TN:
SF:components/ui/input.tsx
FN:8,(anonymous_4)
FNF:1
FNH:0
FNDA:0,(anonymous_4)
DA:1,0
DA:2,0
DA:7,0
DA:22,0
DA:24,0
LF:5
LH:0
BRF:0
BRH:0
end_of_record
TN:
SF:components/ui/label.tsx
FNF:0
FNH:0
DA:1,0
DA:2,0
DA:19,0
DA:21,0
LF:4
LH:0
BRF:0
BRH:0
end_of_record
TN:
SF:components/volunteers/VolunteerSignUp.tsx
FN:33,VolunteerSignUp
FN:61,(anonymous_3)
FN:72,(anonymous_4)
FN:73,(anonymous_5)
FN:76,(anonymous_6)
FN:88,(anonymous_7)
FN:113,(anonymous_8)
FN:177,(anonymous_9)
FN:202,(anonymous_10)
FN:213,(anonymous_11)
FN:226,(anonymous_12)
FN:244,(anonymous_13)
FN:254,(anonymous_14)
FN:270,(anonymous_15)
FN:282,(anonymous_16)
FN:294,(anonymous_17)
FNF:16
FNH:0
FNDA:0,VolunteerSignUp
FNDA:0,(anonymous_3)
FNDA:0,(anonymous_4)
FNDA:0,(anonymous_5)
FNDA:0,(anonymous_6)
FNDA:0,(anonymous_7)
FNDA:0,(anonymous_8)
FNDA:0,(anonymous_9)
FNDA:0,(anonymous_10)
FNDA:0,(anonymous_11)
FNDA:0,(anonymous_12)
FNDA:0,(anonymous_13)
FNDA:0,(anonymous_14)
FNDA:0,(anonymous_15)
FNDA:0,(anonymous_16)
FNDA:0,(anonymous_17)
DA:3,0
DA:4,0
DA:5,0
DA:6,0
DA:7,0
DA:17,0
DA:18,0
DA:33,0
DA:45,0
DA:55,0
DA:56,0
DA:58,0
DA:59,0
DA:61,0
DA:62,0
DA:72,0
DA:73,0
DA:76,0
DA:77,0
DA:79,0
DA:80,0
DA:81,0
DA:84,0
DA:86,0
DA:88,0
DA:90,0
DA:103,0
DA:104,0
DA:105,0
DA:107,0
DA:109,0
DA:113,0
DA:114,0
DA:124,0
DA:127,0
DA:178,0
DA:202,0
DA:213,0
DA:226,0
DA:244,0
DA:254,0
DA:270,0
DA:282,0
DA:294,0
LF:44
LH:0
BRDA:79,0,0,0
BRDA:79,0,1,0
BRDA:79,1,0,0
BRDA:79,1,1,0
BRDA:79,1,2,0
BRDA:127,2,0,0
BRDA:127,2,1,0
BRDA:157,3,0,0
BRDA:173,4,0,0
BRDA:303,5,0,0
BRDA:303,5,1,0
BRDA:308,6,0,0
BRF:12
BRH:0
end_of_record
TN:
SF:hooks/use-stripe-checkout.ts
FN:16,useStripeCheckout
FN:19,(anonymous_3)
FNF:2
FNH:0
FNDA:0,useStripeCheckout
FNDA:0,(anonymous_3)
DA:3,0
DA:4,0
DA:16,0
DA:17,0
DA:19,0
DA:20,0
DA:22,0
DA:23,0
DA:39,0
DA:41,0
DA:42,0
DA:46,0
DA:49,0
DA:50,0
DA:51,0
DA:53,0
DA:57,0
LF:17
LH:0
BRDA:34,0,0,0
BRDA:34,0,1,0
BRDA:35,1,0,0
BRDA:35,1,1,0
BRDA:41,2,0,0
BRDA:41,2,1,0
BRDA:42,3,0,0
BRDA:42,3,1,0
BRDA:50,4,0,0
BRDA:50,4,1,0
BRF:10
BRH:0
end_of_record
TN:
SF:lib/auth-config.ts
FN:5,getAuthRedirectUrl
FN:30,getEmailRedirectUrl
FN:36,getConfirmRedirectUrl
FNF:3
FNH:0
FNDA:0,getAuthRedirectUrl
FNDA:0,getEmailRedirectUrl
FNDA:0,getConfirmRedirectUrl
DA:5,0
DA:7,0
DA:8,0
DA:11,0
DA:12,0
DA:16,0
DA:17,0
DA:21,0
DA:25,0
DA:26,0
DA:30,0
DA:33,0
DA:36,0
DA:37,0
DA:38,0
DA:40,0
DA:41,0
DA:44,0
DA:45,0
DA:48,0
DA:51,0
DA:52,0
LF:22
LH:0
BRDA:7,0,0,0
BRDA:7,0,1,0
BRDA:11,1,0,0
BRDA:11,1,1,0
BRDA:16,2,0,0
BRDA:16,2,1,0
BRDA:16,3,0,0
BRDA:16,3,1,0
BRDA:25,4,0,0
BRDA:25,4,1,0
BRDA:37,5,0,0
BRDA:37,5,1,0
BRDA:40,6,0,0
BRDA:40,6,1,0
BRDA:44,7,0,0
BRDA:44,7,1,0
BRDA:44,8,0,0
BRDA:44,8,1,0
BRDA:51,9,0,0
BRDA:51,9,1,0
BRF:20
BRH:0
end_of_record
TN:
SF:lib/config.ts
FN:1,(anonymous_4)
FN:16,(anonymous_5)
FN:20,(anonymous_6)
FNF:3
FNH:0
FNDA:0,(anonymous_4)
FNDA:0,(anonymous_5)
FNDA:0,(anonymous_6)
DA:1,0
DA:3,0
DA:4,0
DA:8,0
DA:9,0
DA:13,0
DA:16,0
DA:17,0
DA:20,0
DA:21,0
LF:10
LH:0
BRDA:3,0,0,0
BRDA:3,0,1,0
BRDA:8,1,0,0
BRDA:8,1,1,0
BRF:4
BRH:0
end_of_record
TN:
SF:lib/stripe.ts
FN:7,(anonymous_7)
FN:9,(anonymous_8)
FN:9,(anonymous_9)
FNF:3
FNH:0
FNDA:0,(anonymous_7)
FNDA:0,(anonymous_8)
FNDA:0,(anonymous_9)
DA:1,0
DA:3,0
DA:7,0
DA:8,0
DA:9,0
DA:10,0
DA:13,0
LF:7
LH:0
BRDA:8,0,0,0
BRDA:8,0,1,0
BRF:2
BRH:0
end_of_record
TN:
SF:lib/supabase.ts
FNF:0
FNH:0
DA:1,0
DA:3,0
DA:4,0
DA:7,0
DA:11,0
LF:5
LH:0
BRDA:3,0,0,0
BRDA:3,0,1,0
BRDA:4,1,0,0
BRDA:4,1,1,0
BRDA:7,2,0,0
BRDA:7,2,1,0
BRDA:7,3,0,0
BRDA:7,3,1,0
BRDA:11,4,0,0
BRDA:11,4,1,0
BRDA:11,5,0,0
BRDA:11,5,1,0
BRF:12
BRH:0
end_of_record
TN:
SF:lib/utils.ts
FN:4,cn
FNF:1
FNH:0
FNDA:0,cn
DA:1,0
DA:2,0
DA:4,0
DA:5,0
LF:4
LH:0
BRF:0
BRH:0
end_of_record
